<?xml version="1.0" encoding="UTF-8" standalone="yes"?><!DOCTYPE report PUBLIC "-//JACOCO//DTD Report 1.0//EN" "report.dtd"><report name="PMD Matlab"><sessioninfo id="debian-8e1b7869" start="1478290145644" dump="1478290146452"/><sessioninfo id="debian-8ba06d9e" start="1478291420109" dump="1478291420831"/><package name="net/sourceforge/pmd/cpd"><class name="net/sourceforge/pmd/cpd/MatlabLanguage"><method name="&lt;init&gt;" desc="()V" line="16"><counter type="INSTRUCTION" missed="14" covered="0"/><counter type="LINE" missed="2" covered="0"/><counter type="COMPLEXITY" missed="1" covered="0"/><counter type="METHOD" missed="1" covered="0"/></method><counter type="INSTRUCTION" missed="14" covered="0"/><counter type="LINE" missed="2" covered="0"/><counter type="COMPLEXITY" missed="1" covered="0"/><counter type="METHOD" missed="1" covered="0"/><counter type="CLASS" missed="1" covered="0"/></class><class name="net/sourceforge/pmd/cpd/MatlabTokenizer"><method name="&lt;init&gt;" desc="()V" line="22"><counter type="INSTRUCTION" missed="0" covered="3"/><counter type="LINE" missed="0" covered="1"/><counter type="COMPLEXITY" missed="0" covered="1"/><counter type="METHOD" missed="0" covered="1"/></method><method name="tokenize" desc="(Lnet/sourceforge/pmd/cpd/SourceCode;Lnet/sourceforge/pmd/cpd/Tokens;)V" line="26"><counter type="INSTRUCTION" missed="27" covered="70"/><counter type="BRANCH" missed="0" covered="2"/><counter type="LINE" missed="4" covered="15"/><counter type="COMPLEXITY" missed="0" covered="2"/><counter type="METHOD" missed="0" covered="1"/></method><counter type="INSTRUCTION" missed="27" covered="73"/><counter type="BRANCH" missed="0" covered="2"/><counter type="LINE" missed="4" covered="16"/><counter type="COMPLEXITY" missed="0" covered="3"/><counter type="METHOD" missed="0" covered="2"/><counter type="CLASS" missed="0" covered="1"/></class><sourcefile name="MatlabLanguage.java"><line nr="16" mi="13" ci="0" mb="0" cb="0"/><line nr="17" mi="1" ci="0" mb="0" cb="0"/><counter type="INSTRUCTION" missed="14" covered="0"/><counter type="LINE" missed="2" covered="0"/><counter type="COMPLEXITY" missed="1" covered="0"/><counter type="METHOD" missed="1" covered="0"/><counter type="CLASS" missed="1" covered="0"/></sourcefile><sourcefile name="MatlabTokenizer.java"><line nr="22" mi="0" ci="3" mb="0" cb="0"/><line nr="26" mi="0" ci="3" mb="0" cb="0"/><line nr="27" mi="0" ci="2" mb="0" cb="0"/><line nr="29" mi="0" ci="5" mb="0" cb="0"/><line nr="31" mi="0" ci="6" mb="0" cb="0"/><line nr="32" mi="0" ci="3" mb="0" cb="0"/><line nr="33" mi="0" ci="9" mb="0" cb="0"/><line nr="35" mi="0" ci="4" mb="0" cb="0"/><line nr="36" mi="0" ci="4" mb="0" cb="2"/><line nr="37" mi="0" ci="11" mb="0" cb="0"/><line nr="38" mi="0" ci="5" mb="0" cb="0"/><line nr="40" mi="0" ci="3" mb="0" cb="0"/><line nr="41" mi="0" ci="11" mb="0" cb="0"/><line nr="42" mi="1" ci="0" mb="0" cb="0"/><line nr="43" mi="2" ci="0" mb="0" cb="0"/><line nr="44" mi="13" ci="0" mb="0" cb="0"/><line nr="45" mi="3" ci="0" mb="0" cb="0"/><line nr="47" mi="7" ci="2" mb="0" cb="0"/><line nr="48" mi="1" ci="1" mb="0" cb="0"/><line nr="49" mi="0" ci="1" mb="0" cb="0"/><counter type="INSTRUCTION" missed="27" covered="73"/><counter type="BRANCH" missed="0" covered="2"/><counter type="LINE" missed="4" covered="16"/><counter type="COMPLEXITY" missed="0" covered="3"/><counter type="METHOD" missed="0" covered="2"/><counter type="CLASS" missed="0" covered="1"/></sourcefile><counter type="INSTRUCTION" missed="41" covered="73"/><counter type="BRANCH" missed="0" covered="2"/><counter type="LINE" missed="6" covered="16"/><counter type="COMPLEXITY" missed="1" covered="3"/><counter type="METHOD" missed="1" covered="2"/><counter type="CLASS" missed="1" covered="1"/></package><package name="net/sourceforge/pmd/lang/matlab/ast"><class name="net/sourceforge/pmd/lang/matlab/ast/MatlabParserConstants"><method name="&lt;clinit&gt;" desc="()V" line="156"><counter type="INSTRUCTION" missed="308" covered="0"/><counter type="LINE" missed="1" covered="0"/><counter type="COMPLEXITY" missed="1" covered="0"/><counter type="METHOD" missed="1" covered="0"/></method><counter type="INSTRUCTION" missed="308" covered="0"/><counter type="LINE" missed="1" covered="0"/><counter type="COMPLEXITY" missed="1" covered="0"/><counter type="METHOD" missed="1" covered="0"/><counter type="CLASS" missed="1" covered="0"/></class><class name="net/sourceforge/pmd/lang/matlab/ast/Token"><method name="getValue" desc="()Ljava/lang/Object;" line="72"><counter type="INSTRUCTION" missed="2" covered="0"/><counter type="LINE" missed="1" covered="0"/><counter type="COMPLEXITY" missed="1" covered="0"/><counter type="METHOD" missed="1" covered="0"/></method><method name="&lt;init&gt;" desc="()V" line="78"><counter type="INSTRUCTION" missed="3" covered="0"/><counter type="LINE" missed="1" covered="0"/><counter type="COMPLEXITY" missed="1" covered="0"/><counter type="METHOD" missed="1" covered="0"/></method><method name="&lt;init&gt;" desc="(I)V" line="85"><counter type="INSTRUCTION" missed="5" covered="0"/><counter type="LINE" missed="2" covered="0"/><counter type="COMPLEXITY" missed="1" covered="0"/><counter type="METHOD" missed="1" covered="0"/></method><method name="&lt;init&gt;" desc="(ILjava/lang/String;)V" line="92"><counter type="INSTRUCTION" missed="0" covered="9"/><counter type="LINE" missed="0" covered="4"/><counter type="COMPLEXITY" missed="0" covered="1"/><counter type="METHOD" missed="0" covered="1"/></method><method name="toString" desc="()Ljava/lang/String;" line="102"><counter type="INSTRUCTION" missed="3" covered="0"/><counter type="LINE" missed="1" covered="0"/><counter type="COMPLEXITY" missed="1" covered="0"/><counter type="METHOD" missed="1" covered="0"/></method><method name="newToken" desc="(ILjava/lang/String;)Lnet/sourceforge/pmd/lang/matlab/ast/Token;" line="119"><counter type="INSTRUCTION" missed="0" covered="8"/><counter type="LINE" missed="0" covered="2"/><counter type="COMPLEXITY" missed="0" covered="1"/><counter type="METHOD" missed="0" covered="1"/></method><method name="newToken" desc="(I)Lnet/sourceforge/pmd/lang/matlab/ast/Token;" line="127"><counter type="INSTRUCTION" missed="4" covered="0"/><counter type="LINE" missed="1" covered="0"/><counter type="COMPLEXITY" missed="1" covered="0"/><counter type="METHOD" missed="1" covered="0"/></method><counter type="INSTRUCTION" missed="17" covered="17"/><counter type="LINE" missed="6" covered="6"/><counter type="COMPLEXITY" missed="5" covered="2"/><counter type="METHOD" missed="5" covered="2"/><counter type="CLASS" missed="0" covered="1"/></class><class name="net/sourceforge/pmd/lang/matlab/ast/MatlabParserTokenManager"><method name="setDebugStream" desc="(Ljava/io/PrintStream;)V" line="13"><counter type="INSTRUCTION" missed="4" covered="0"/><counter type="LINE" missed="1" covered="0"/><counter type="COMPLEXITY" missed="1" covered="0"/><counter type="METHOD" missed="1" covered="0"/></method><method name="jjStopStringLiteralDfa_0" desc="(IJJ)I" line="16"><counter type="INSTRUCTION" missed="124" covered="97"/><counter type="BRANCH" missed="31" covered="17"/><counter type="LINE" missed="40" covered="25"/><counter type="COMPLEXITY" missed="22" covered="7"/><counter type="METHOD" missed="0" covered="1"/></method><method name="jjStartNfa_0" desc="(IJJ)I" line="116"><counter type="INSTRUCTION" missed="0" covered="11"/><counter type="LINE" missed="0" covered="1"/><counter type="COMPLEXITY" missed="0" covered="1"/><counter type="METHOD" missed="0" covered="1"/></method><method name="jjStopAtPos" desc="(II)I" line="120"><counter type="INSTRUCTION" missed="0" covered="10"/><counter type="LINE" missed="0" covered="3"/><counter type="COMPLEXITY" missed="0" covered="1"/><counter type="METHOD" missed="0" covered="1"/></method><method name="jjMoveStringLiteralDfa0_0" desc="()I" line="126"><counter type="INSTRUCTION" missed="19" covered="187"/><counter type="BRANCH" missed="4" covered="36"/><counter type="LINE" missed="4" covered="45"/><counter type="COMPLEXITY" missed="4" covered="36"/><counter type="METHOD" missed="0" covered="1"/></method><method name="jjMoveStringLiteralDfa1_0" desc="(J)I" line="220"><counter type="INSTRUCTION" missed="85" covered="144"/><counter type="BRANCH" missed="24" covered="26"/><counter type="LINE" missed="17" covered="28"/><counter type="COMPLEXITY" missed="18" covered="18"/><counter type="METHOD" missed="0" covered="1"/></method><method name="jjMoveStringLiteralDfa2_0" desc="(JJ)I" line="304"><counter type="INSTRUCTION" missed="19" covered="95"/><counter type="BRANCH" missed="4" covered="15"/><counter type="LINE" missed="5" covered="18"/><counter type="COMPLEXITY" missed="4" covered="11"/><counter type="METHOD" missed="0" covered="1"/></method><method name="jjMoveStringLiteralDfa3_0" desc="(JJ)I" line="346"><counter type="INSTRUCTION" missed="25" covered="77"/><counter type="BRANCH" missed="4" covered="11"/><counter type="LINE" missed="6" covered="16"/><counter type="COMPLEXITY" missed="4" covered="8"/><counter type="METHOD" missed="0" covered="1"/></method><method name="jjMoveStringLiteralDfa4_0" desc="(JJ)I" line="385"><counter type="INSTRUCTION" missed="25" covered="86"/><counter type="BRANCH" missed="6" covered="13"/><counter type="LINE" missed="6" covered="16"/><counter type="COMPLEXITY" missed="6" covered="8"/><counter type="METHOD" missed="0" covered="1"/></method><method name="jjMoveStringLiteralDfa5_0" desc="(JJ)I" line="425"><counter type="INSTRUCTION" missed="60" covered="51"/><counter type="BRANCH" missed="12" covered="7"/><counter type="LINE" missed="12" covered="10"/><counter type="COMPLEXITY" missed="10" covered="4"/><counter type="METHOD" missed="0" covered="1"/></method><method name="jjMoveStringLiteralDfa6_0" desc="(JJ)I" line="465"><counter type="INSTRUCTION" missed="31" covered="27"/><counter type="BRANCH" missed="4" covered="3"/><counter type="LINE" missed="7" covered="6"/><counter type="COMPLEXITY" missed="4" covered="2"/><counter type="METHOD" missed="0" covered="1"/></method><method name="jjMoveStringLiteralDfa7_0" desc="(JJ)I" line="489"><counter type="INSTRUCTION" missed="37" covered="47"/><counter type="BRANCH" missed="6" covered="6"/><counter type="LINE" missed="8" covered="9"/><counter type="COMPLEXITY" missed="5" covered="3"/><counter type="METHOD" missed="0" covered="1"/></method><method name="jjMoveStringLiteralDfa8_0" desc="(JJ)I" line="517"><counter type="INSTRUCTION" missed="55" covered="0"/><counter type="BRANCH" missed="7" covered="0"/><counter type="LINE" missed="12" covered="0"/><counter type="COMPLEXITY" missed="5" covered="0"/><counter type="METHOD" missed="1" covered="0"/></method><method name="jjMoveStringLiteralDfa9_0" desc="(JJ)I" line="539"><counter type="INSTRUCTION" missed="50" covered="0"/><counter type="BRANCH" missed="6" covered="0"/><counter type="LINE" missed="11" covered="0"/><counter type="COMPLEXITY" missed="4" covered="0"/><counter type="METHOD" missed="1" covered="0"/></method><method name="jjStartNfaWithStates_0" desc="(III)I" line="559"><counter type="INSTRUCTION" missed="5" covered="19"/><counter type="LINE" missed="0" covered="5"/><counter type="COMPLEXITY" missed="0" covered="1"/><counter type="METHOD" missed="0" covered="1"/></method><method name="jjMoveNfa_0" desc="(II)I" line="573"><counter type="INSTRUCTION" missed="423" covered="361"/><counter type="BRANCH" missed="109" covered="75"/><counter type="LINE" missed="85" covered="94"/><counter type="COMPLEXITY" missed="76" covered="37"/><counter type="METHOD" missed="0" covered="1"/></method><method name="jjStopStringLiteralDfa_1" desc="(IJJ)I" line="860"><counter type="INSTRUCTION" missed="152" covered="61"/><counter type="BRANCH" missed="36" covered="10"/><counter type="LINE" missed="47" covered="16"/><counter type="COMPLEXITY" missed="24" covered="4"/><counter type="METHOD" missed="0" covered="1"/></method><method name="jjStartNfa_1" desc="(IJJ)I" line="958"><counter type="INSTRUCTION" missed="0" covered="11"/><counter type="LINE" missed="0" covered="1"/><counter type="COMPLEXITY" missed="0" covered="1"/><counter type="METHOD" missed="0" covered="1"/></method><method name="jjMoveStringLiteralDfa0_1" desc="()I" line="962"><counter type="INSTRUCTION" missed="105" covered="115"/><counter type="BRANCH" missed="19" covered="24"/><counter type="LINE" missed="26" covered="26"/><counter type="COMPLEXITY" missed="19" covered="24"/><counter type="METHOD" missed="0" covered="1"/></method><method name="jjMoveStringLiteralDfa1_1" desc="(J)I" line="1062"><counter type="INSTRUCTION" missed="156" covered="73"/><counter type="BRANCH" missed="36" covered="14"/><counter type="LINE" missed="30" covered="15"/><counter type="COMPLEXITY" missed="25" covered="11"/><counter type="METHOD" missed="0" covered="1"/></method><method name="jjMoveStringLiteralDfa2_1" desc="(JJ)I" line="1146"><counter type="INSTRUCTION" missed="80" covered="34"/><counter type="BRANCH" missed="15" covered="4"/><counter type="LINE" missed="16" covered="7"/><counter type="COMPLEXITY" missed="12" covered="3"/><counter type="METHOD" missed="0" covered="1"/></method><method name="jjMoveStringLiteralDfa3_1" desc="(JJ)I" line="1188"><counter type="INSTRUCTION" missed="80" covered="22"/><counter type="BRANCH" missed="13" covered="2"/><counter type="LINE" missed="17" covered="5"/><counter type="COMPLEXITY" missed="11" covered="1"/><counter type="METHOD" missed="0" covered="1"/></method><method name="jjMoveStringLiteralDfa4_1" desc="(JJ)I" line="1227"><counter type="INSTRUCTION" missed="97" covered="14"/><counter type="BRANCH" missed="18" covered="1"/><counter type="LINE" missed="20" covered="2"/><counter type="COMPLEXITY" missed="13" covered="1"/><counter type="METHOD" missed="0" covered="1"/></method><method name="jjMoveStringLiteralDfa5_1" desc="(JJ)I" line="1267"><counter type="INSTRUCTION" missed="111" covered="0"/><counter type="BRANCH" missed="19" covered="0"/><counter type="LINE" missed="22" covered="0"/><counter type="COMPLEXITY" missed="14" covered="0"/><counter type="METHOD" missed="1" covered="0"/></method><method name="jjMoveStringLiteralDfa6_1" desc="(JJ)I" line="1307"><counter type="INSTRUCTION" missed="58" covered="0"/><counter type="BRANCH" missed="7" covered="0"/><counter type="LINE" missed="13" covered="0"/><counter type="COMPLEXITY" missed="6" covered="0"/><counter type="METHOD" missed="1" covered="0"/></method><method name="jjMoveStringLiteralDfa7_1" desc="(JJ)I" line="1331"><counter type="INSTRUCTION" missed="84" covered="0"/><counter type="BRANCH" missed="12" covered="0"/><counter type="LINE" missed="17" covered="0"/><counter type="COMPLEXITY" missed="8" covered="0"/><counter type="METHOD" missed="1" covered="0"/></method><method name="jjMoveStringLiteralDfa8_1" desc="(JJ)I" line="1359"><counter type="INSTRUCTION" missed="55" covered="0"/><counter type="BRANCH" missed="7" covered="0"/><counter type="LINE" missed="12" covered="0"/><counter type="COMPLEXITY" missed="5" covered="0"/><counter type="METHOD" missed="1" covered="0"/></method><method name="jjMoveStringLiteralDfa9_1" desc="(JJ)I" line="1381"><counter type="INSTRUCTION" missed="50" covered="0"/><counter type="BRANCH" missed="6" covered="0"/><counter type="LINE" missed="11" covered="0"/><counter type="COMPLEXITY" missed="4" covered="0"/><counter type="METHOD" missed="1" covered="0"/></method><method name="jjStartNfaWithStates_1" desc="(III)I" line="1401"><counter type="INSTRUCTION" missed="24" covered="0"/><counter type="LINE" missed="5" covered="0"/><counter type="COMPLEXITY" missed="1" covered="0"/><counter type="METHOD" missed="1" covered="0"/></method><method name="jjMoveNfa_1" desc="(II)I" line="1409"><counter type="INSTRUCTION" missed="301" covered="141"/><counter type="BRANCH" missed="85" covered="22"/><counter type="LINE" missed="83" covered="40"/><counter type="COMPLEXITY" missed="56" covered="8"/><counter type="METHOD" missed="0" covered="1"/></method><method name="jjMoveStringLiteralDfa0_3" desc="()I" line="1593"><counter type="INSTRUCTION" missed="0" covered="10"/><counter type="BRANCH" missed="0" covered="2"/><counter type="LINE" missed="0" covered="3"/><counter type="COMPLEXITY" missed="0" covered="2"/><counter type="METHOD" missed="0" covered="1"/></method><method name="jjMoveStringLiteralDfa0_2" desc="()I" line="1603"><counter type="INSTRUCTION" missed="9" covered="0"/><counter type="BRANCH" missed="2" covered="0"/><counter type="LINE" missed="3" covered="0"/><counter type="COMPLEXITY" missed="2" covered="0"/><counter type="METHOD" missed="1" covered="0"/></method><method name="jjMoveStringLiteralDfa1_2" desc="(J)I" line="1613"><counter type="INSTRUCTION" missed="27" covered="0"/><counter type="BRANCH" missed="4" covered="0"/><counter type="LINE" missed="9" covered="0"/><counter type="COMPLEXITY" missed="3" covered="0"/><counter type="METHOD" missed="1" covered="0"/></method><method name="jjCanMove_0" desc="(IIIJJ)Z" line="1634"><counter type="INSTRUCTION" missed="26" covered="0"/><counter type="BRANCH" missed="6" covered="0"/><counter type="LINE" missed="5" covered="0"/><counter type="COMPLEXITY" missed="4" covered="0"/><counter type="METHOD" missed="1" covered="0"/></method><method name="&lt;init&gt;" desc="(Lnet/sourceforge/pmd/lang/ast/CharStream;)V" line="11"><counter type="INSTRUCTION" missed="0" covered="23"/><counter type="LINE" missed="0" covered="8"/><counter type="COMPLEXITY" missed="0" covered="1"/><counter type="METHOD" missed="0" covered="1"/></method><method name="&lt;init&gt;" desc="(Lnet/sourceforge/pmd/lang/ast/CharStream;I)V" line="1693"><counter type="INSTRUCTION" missed="7" covered="0"/><counter type="LINE" missed="3" covered="0"/><counter type="COMPLEXITY" missed="1" covered="0"/><counter type="METHOD" missed="1" covered="0"/></method><method name="ReInit" desc="(Lnet/sourceforge/pmd/lang/ast/CharStream;)V" line="1700"><counter type="INSTRUCTION" missed="16" covered="0"/><counter type="LINE" missed="5" covered="0"/><counter type="COMPLEXITY" missed="1" covered="0"/><counter type="METHOD" missed="1" covered="0"/></method><method name="ReInitRounds" desc="()V" line="1708"><counter type="INSTRUCTION" missed="15" covered="0"/><counter type="BRANCH" missed="2" covered="0"/><counter type="LINE" missed="4" covered="0"/><counter type="COMPLEXITY" missed="2" covered="0"/><counter type="METHOD" missed="1" covered="0"/></method><method name="ReInit" desc="(Lnet/sourceforge/pmd/lang/ast/CharStream;I)V" line="1716"><counter type="INSTRUCTION" missed="7" covered="0"/><counter type="LINE" missed="3" covered="0"/><counter type="COMPLEXITY" missed="1" covered="0"/><counter type="METHOD" missed="1" covered="0"/></method><method name="SwitchTo" desc="(I)V" line="1723"><counter type="INSTRUCTION" missed="24" covered="0"/><counter type="BRANCH" missed="4" covered="0"/><counter type="LINE" missed="4" covered="0"/><counter type="COMPLEXITY" missed="3" covered="0"/><counter type="METHOD" missed="1" covered="0"/></method><method name="jjFillToken" desc="()Lnet/sourceforge/pmd/lang/matlab/ast/Token;" line="1737"><counter type="INSTRUCTION" missed="0" covered="48"/><counter type="BRANCH" missed="0" covered="2"/><counter type="LINE" missed="0" covered="12"/><counter type="COMPLEXITY" missed="0" covered="2"/><counter type="METHOD" missed="0" covered="1"/></method><method name="getNextToken" desc="()Lnet/sourceforge/pmd/lang/matlab/ast/Token;" line="1764"><counter type="INSTRUCTION" missed="101" covered="183"/><counter type="BRANCH" missed="21" covered="20"/><counter type="LINE" missed="24" covered="41"/><counter type="COMPLEXITY" missed="14" covered="9"/><counter type="METHOD" missed="0" covered="1"/></method><method name="jjCheckNAdd" desc="(I)V" line="1871"><counter type="INSTRUCTION" missed="0" covered="25"/><counter type="BRANCH" missed="1" covered="1"/><counter type="LINE" missed="0" covered="4"/><counter type="COMPLEXITY" missed="1" covered="1"/><counter type="METHOD" missed="0" covered="1"/></method><method name="jjAddStates" desc="(II)V" line="1880"><counter type="INSTRUCTION" missed="0" covered="18"/><counter type="BRANCH" missed="0" covered="2"/><counter type="LINE" missed="0" covered="3"/><counter type="COMPLEXITY" missed="0" covered="2"/><counter type="METHOD" missed="0" covered="1"/></method><method name="jjCheckNAddTwoStates" desc="(II)V" line="1885"><counter type="INSTRUCTION" missed="0" covered="7"/><counter type="LINE" missed="0" covered="3"/><counter type="COMPLEXITY" missed="0" covered="1"/><counter type="METHOD" missed="0" covered="1"/></method><method name="jjCheckNAddStates" desc="(II)V" line="1892"><counter type="INSTRUCTION" missed="0" covered="10"/><counter type="BRANCH" missed="0" covered="2"/><counter type="LINE" missed="0" covered="3"/><counter type="COMPLEXITY" missed="0" covered="2"/><counter type="METHOD" missed="0" covered="1"/></method><method name="&lt;clinit&gt;" desc="()V" line="565"><counter type="INSTRUCTION" missed="0" covered="820"/><counter type="LINE" missed="0" covered="9"/><counter type="COMPLEXITY" missed="0" covered="1"/><counter type="METHOD" missed="0" covered="1"/></method><counter type="INSTRUCTION" missed="2547" covered="2827"/><counter type="BRANCH" missed="530" covered="315"/><counter type="LINE" missed="593" covered="474"/><counter type="COMPLEXITY" missed="393" covered="211"/><counter type="METHOD" missed="17" covered="30"/><counter type="CLASS" missed="0" covered="1"/></class><sourcefile name="Token.java"><line nr="72" mi="2" ci="0" mb="0" cb="0"/><line nr="78" mi="3" ci="0" mb="0" cb="0"/><line nr="85" mi="4" ci="0" mb="0" cb="0"/><line nr="86" mi="1" ci="0" mb="0" cb="0"/><line nr="92" mi="0" ci="2" mb="0" cb="0"/><line nr="93" mi="0" ci="3" mb="0" cb="0"/><line nr="94" mi="0" ci="3" mb="0" cb="0"/><line nr="95" mi="0" ci="1" mb="0" cb="0"/><line nr="102" mi="3" ci="0" mb="0" cb="0"/><line nr="119" mi="0" ci="2" mb="0" cb="0"/><line nr="121" mi="0" ci="6" mb="0" cb="0"/><line nr="127" mi="4" ci="0" mb="0" cb="0"/><counter type="INSTRUCTION" missed="17" covered="17"/><counter type="LINE" missed="6" covered="6"/><counter type="COMPLEXITY" missed="5" covered="2"/><counter type="METHOD" missed="5" covered="2"/><counter type="CLASS" missed="0" covered="1"/></sourcefile><sourcefile name="MatlabParserTokenManager.java"><line nr="11" mi="0" ci="3" mb="0" cb="0"/><line nr="13" mi="4" ci="0" mb="0" cb="0"/><line nr="16" mi="0" ci="2" mb="5" cb="5"/><line nr="19" mi="0" ci="6" mb="1" cb="1"/><line nr="20" mi="2" ci="0" mb="0" cb="0"/><line nr="21" mi="0" ci="6" mb="0" cb="2"/><line nr="22" mi="0" ci="2" mb="0" cb="0"/><line nr="23" mi="0" ci="6" mb="0" cb="2"/><line nr="25" mi="0" ci="3" mb="0" cb="0"/><line nr="26" mi="0" ci="2" mb="0" cb="0"/><line nr="28" mi="0" ci="2" mb="0" cb="0"/><line nr="30" mi="0" ci="6" mb="1" cb="1"/><line nr="31" mi="2" ci="0" mb="0" cb="0"/><line nr="32" mi="0" ci="6" mb="1" cb="1"/><line nr="34" mi="0" ci="3" mb="0" cb="0"/><line nr="35" mi="0" ci="3" mb="0" cb="0"/><line nr="36" mi="0" ci="2" mb="0" cb="0"/><line nr="38" mi="2" ci="0" mb="0" cb="0"/><line nr="40" mi="0" ci="6" mb="1" cb="1"/><line nr="41" mi="2" ci="0" mb="0" cb="0"/><line nr="42" mi="0" ci="6" mb="1" cb="1"/><line nr="44" mi="0" ci="3" mb="0" cb="0"/><line nr="45" mi="0" ci="3" mb="0" cb="0"/><line nr="46" mi="0" ci="2" mb="0" cb="0"/><line nr="48" mi="2" ci="0" mb="0" cb="0"/><line nr="50" mi="0" ci="6" mb="1" cb="1"/><line nr="52" mi="4" ci="0" mb="2" cb="0"/><line nr="54" mi="3" ci="0" mb="0" cb="0"/><line nr="55" mi="3" ci="0" mb="0" cb="0"/><line nr="57" mi="2" ci="0" mb="0" cb="0"/><line nr="59" mi="0" ci="6" mb="1" cb="1"/><line nr="60" mi="0" ci="2" mb="0" cb="0"/><line nr="61" mi="2" ci="0" mb="0" cb="0"/><line nr="63" mi="6" ci="0" mb="2" cb="0"/><line nr="65" mi="3" ci="0" mb="0" cb="0"/><line nr="66" mi="3" ci="0" mb="0" cb="0"/><line nr="67" mi="2" ci="0" mb="0" cb="0"/><line nr="69" mi="6" ci="0" mb="2" cb="0"/><line nr="70" mi="2" ci="0" mb="0" cb="0"/><line nr="71" mi="2" ci="0" mb="0" cb="0"/><line nr="73" mi="0" ci="6" mb="1" cb="1"/><line nr="75" mi="0" ci="3" mb="0" cb="0"/><line nr="76" mi="0" ci="3" mb="0" cb="0"/><line nr="77" mi="0" ci="2" mb="0" cb="0"/><line nr="79" mi="6" ci="0" mb="2" cb="0"/><line nr="80" mi="2" ci="0" mb="0" cb="0"/><line nr="81" mi="2" ci="0" mb="0" cb="0"/><line nr="83" mi="6" ci="0" mb="2" cb="0"/><line nr="85" mi="3" ci="0" mb="0" cb="0"/><line nr="86" mi="3" ci="0" mb="0" cb="0"/><line nr="87" mi="2" ci="0" mb="0" cb="0"/><line nr="89" mi="2" ci="0" mb="0" cb="0"/><line nr="91" mi="6" ci="0" mb="2" cb="0"/><line nr="93" mi="3" ci="0" mb="0" cb="0"/><line nr="94" mi="3" ci="0" mb="0" cb="0"/><line nr="95" mi="2" ci="0" mb="0" cb="0"/><line nr="97" mi="6" ci="0" mb="2" cb="0"/><line nr="98" mi="2" ci="0" mb="0" cb="0"/><line nr="99" mi="2" ci="0" mb="0" cb="0"/><line nr="101" mi="6" ci="0" mb="2" cb="0"/><line nr="103" mi="3" ci="0" mb="0" cb="0"/><line nr="104" mi="3" ci="0" mb="0" cb="0"/><line nr="105" mi="2" ci="0" mb="0" cb="0"/><line nr="107" mi="6" ci="0" mb="2" cb="0"/><line nr="108" mi="2" ci="0" mb="0" cb="0"/><line nr="109" mi="2" ci="0" mb="0" cb="0"/><line nr="111" mi="2" ci="0" mb="0" cb="0"/><line nr="116" mi="0" ci="11" mb="0" cb="0"/><line nr="120" mi="0" ci="3" mb="0" cb="0"/><line nr="121" mi="0" ci="3" mb="0" cb="0"/><line nr="122" mi="0" ci="4" mb="0" cb="0"/><line nr="126" mi="0" ci="3" mb="4" cb="36"/><line nr="129" mi="4" ci="0" mb="0" cb="0"/><line nr="131" mi="0" ci="3" mb="0" cb="0"/><line nr="132" mi="0" ci="4" mb="0" cb="0"/><line nr="134" mi="0" ci="3" mb="0" cb="0"/><line nr="135" mi="0" ci="4" mb="0" cb="0"/><line nr="137" mi="0" ci="6" mb="0" cb="0"/><line nr="139" mi="0" ci="5" mb="0" cb="0"/><line nr="141" mi="0" ci="5" mb="0" cb="0"/><line nr="143" mi="0" ci="5" mb="0" cb="0"/><line nr="145" mi="0" ci="5" mb="0" cb="0"/><line nr="147" mi="0" ci="5" mb="0" cb="0"/><line nr="149" mi="0" ci="5" mb="0" cb="0"/><line nr="151" mi="0" ci="3" mb="0" cb="0"/><line nr="152" mi="0" ci="4" mb="0" cb="0"/><line nr="154" mi="5" ci="0" mb="0" cb="0"/><line nr="156" mi="0" ci="5" mb="0" cb="0"/><line nr="158" mi="0" ci="5" mb="0" cb="0"/><line nr="160" mi="0" ci="3" mb="0" cb="0"/><line nr="161" mi="0" ci="4" mb="0" cb="0"/><line nr="163" mi="0" ci="3" mb="0" cb="0"/><line nr="164" mi="0" ci="4" mb="0" cb="0"/><line nr="166" mi="0" ci="3" mb="0" cb="0"/><line nr="167" mi="0" ci="4" mb="0" cb="0"/><line nr="169" mi="0" ci="5" mb="0" cb="0"/><line nr="171" mi="0" ci="5" mb="0" cb="0"/><line nr="173" mi="5" ci="0" mb="0" cb="0"/><line nr="175" mi="0" ci="5" mb="0" cb="0"/><line nr="177" mi="5" ci="0" mb="0" cb="0"/><line nr="179" mi="0" ci="4" mb="0" cb="0"/><line nr="181" mi="0" ci="4" mb="0" cb="0"/><line nr="183" mi="0" ci="4" mb="0" cb="0"/><line nr="185" mi="0" ci="4" mb="0" cb="0"/><line nr="187" mi="0" ci="4" mb="0" cb="0"/><line nr="189" mi="0" ci="4" mb="0" cb="0"/><line nr="191" mi="0" ci="4" mb="0" cb="0"/><line nr="193" mi="0" ci="4" mb="0" cb="0"/><line nr="195" mi="0" ci="4" mb="0" cb="0"/><line nr="197" mi="0" ci="4" mb="0" cb="0"/><line nr="199" mi="0" ci="4" mb="0" cb="0"/><line nr="201" mi="0" ci="4" mb="0" cb="0"/><line nr="203" mi="0" ci="4" mb="0" cb="0"/><line nr="205" mi="0" ci="5" mb="0" cb="0"/><line nr="207" mi="0" ci="3" mb="0" cb="0"/><line nr="208" mi="0" ci="4" mb="0" cb="0"/><line nr="210" mi="0" ci="5" mb="0" cb="0"/><line nr="212" mi="0" ci="3" mb="0" cb="0"/><line nr="213" mi="0" ci="4" mb="0" cb="0"/><line nr="215" mi="0" ci="5" mb="0" cb="0"/><line nr="220" mi="0" ci="5" mb="0" cb="0"/><line nr="221" mi="1" ci="0" mb="0" cb="0"/><line nr="222" mi="6" ci="0" mb="0" cb="0"/><line nr="223" mi="2" ci="0" mb="0" cb="0"/><line nr="224" mi="0" ci="1" mb="0" cb="0"/><line nr="225" mi="0" ci="3" mb="6" cb="16"/><line nr="228" mi="0" ci="6" mb="1" cb="1"/><line nr="229" mi="5" ci="0" mb="0" cb="0"/><line nr="232" mi="0" ci="6" mb="1" cb="1"/><line nr="233" mi="0" ci="5" mb="0" cb="0"/><line nr="236" mi="6" ci="0" mb="2" cb="0"/><line nr="237" mi="5" ci="0" mb="0" cb="0"/><line nr="240" mi="6" ci="0" mb="2" cb="0"/><line nr="241" mi="5" ci="0" mb="0" cb="0"/><line nr="244" mi="6" ci="0" mb="2" cb="0"/><line nr="245" mi="5" ci="0" mb="0" cb="0"/><line nr="248" mi="0" ci="6" mb="0" cb="2"/><line nr="249" mi="0" ci="5" mb="0" cb="0"/><line nr="250" mi="0" ci="6" mb="1" cb="1"/><line nr="251" mi="5" ci="0" mb="0" cb="0"/><line nr="252" mi="0" ci="6" mb="0" cb="2"/><line nr="253" mi="0" ci="5" mb="0" cb="0"/><line nr="254" mi="0" ci="6" mb="1" cb="1"/><line nr="255" mi="0" ci="5" mb="0" cb="0"/><line nr="258" mi="6" ci="0" mb="2" cb="0"/><line nr="259" mi="5" ci="0" mb="0" cb="0"/><line nr="262" mi="6" ci="0" mb="2" cb="0"/><line nr="263" mi="5" ci="0" mb="0" cb="0"/><line nr="266" mi="0" ci="5" mb="0" cb="0"/><line nr="268" mi="0" ci="5" mb="0" cb="0"/><line nr="270" mi="0" ci="6" mb="1" cb="1"/><line nr="271" mi="0" ci="6" mb="0" cb="0"/><line nr="274" mi="0" ci="5" mb="0" cb="0"/><line nr="276" mi="0" ci="5" mb="0" cb="0"/><line nr="278" mi="0" ci="5" mb="0" cb="0"/><line nr="280" mi="0" ci="5" mb="0" cb="0"/><line nr="282" mi="0" ci="5" mb="0" cb="0"/><line nr="284" mi="0" ci="5" mb="0" cb="0"/><line nr="286" mi="0" ci="5" mb="0" cb="0"/><line nr="288" mi="0" ci="5" mb="0" cb="0"/><line nr="290" mi="6" ci="0" mb="2" cb="0"/><line nr="291" mi="5" ci="0" mb="0" cb="0"/><line nr="294" mi="0" ci="6" mb="1" cb="1"/><line nr="295" mi="0" ci="5" mb="0" cb="0"/><line nr="300" mi="0" ci="6" mb="0" cb="0"/><line nr="304" mi="0" ci="8" mb="0" cb="2"/><line nr="305" mi="0" ci="6" mb="0" cb="0"/><line nr="306" mi="0" ci="5" mb="0" cb="0"/><line nr="307" mi="1" ci="0" mb="0" cb="0"/><line nr="308" mi="6" ci="0" mb="0" cb="0"/><line nr="309" mi="2" ci="0" mb="0" cb="0"/><line nr="310" mi="0" ci="1" mb="0" cb="0"/><line nr="311" mi="0" ci="3" mb="2" cb="9"/><line nr="314" mi="0" ci="6" mb="1" cb="1"/><line nr="315" mi="0" ci="6" mb="0" cb="0"/><line nr="318" mi="0" ci="5" mb="0" cb="0"/><line nr="320" mi="5" ci="0" mb="0" cb="0"/><line nr="322" mi="0" ci="5" mb="0" cb="0"/><line nr="324" mi="0" ci="5" mb="0" cb="0"/><line nr="326" mi="5" ci="0" mb="0" cb="0"/><line nr="328" mi="0" ci="6" mb="0" cb="2"/><line nr="329" mi="0" ci="6" mb="0" cb="0"/><line nr="330" mi="0" ci="5" mb="0" cb="0"/><line nr="332" mi="0" ci="5" mb="0" cb="0"/><line nr="334" mi="0" ci="5" mb="0" cb="0"/><line nr="336" mi="0" ci="6" mb="1" cb="1"/><line nr="337" mi="0" ci="6" mb="0" cb="0"/><line nr="342" mi="0" ci="6" mb="0" cb="0"/><line nr="346" mi="0" ci="8" mb="0" cb="2"/><line nr="347" mi="0" ci="6" mb="0" cb="0"/><line nr="348" mi="0" ci="5" mb="0" cb="0"/><line nr="349" mi="1" ci="0" mb="0" cb="0"/><line nr="350" mi="6" ci="0" mb="0" cb="0"/><line nr="351" mi="2" ci="0" mb="0" cb="0"/><line nr="352" mi="0" ci="1" mb="0" cb="0"/><line nr="353" mi="0" ci="3" mb="2" cb="7"/><line nr="356" mi="0" ci="5" mb="0" cb="0"/><line nr="358" mi="5" ci="0" mb="0" cb="0"/><line nr="360" mi="0" ci="5" mb="0" cb="0"/><line nr="362" mi="0" ci="6" mb="1" cb="1"/><line nr="363" mi="6" ci="0" mb="0" cb="0"/><line nr="364" mi="0" ci="6" mb="1" cb="1"/><line nr="366" mi="0" ci="3" mb="0" cb="0"/><line nr="367" mi="0" ci="3" mb="0" cb="0"/><line nr="369" mi="0" ci="5" mb="0" cb="0"/><line nr="371" mi="0" ci="5" mb="0" cb="0"/><line nr="373" mi="0" ci="5" mb="0" cb="0"/><line nr="375" mi="5" ci="0" mb="0" cb="0"/><line nr="377" mi="0" ci="5" mb="0" cb="0"/><line nr="381" mi="0" ci="6" mb="0" cb="0"/><line nr="385" mi="0" ci="8" mb="0" cb="2"/><line nr="386" mi="0" ci="6" mb="0" cb="0"/><line nr="387" mi="0" ci="5" mb="0" cb="0"/><line nr="388" mi="1" ci="0" mb="0" cb="0"/><line nr="389" mi="6" ci="0" mb="0" cb="0"/><line nr="390" mi="2" ci="0" mb="0" cb="0"/><line nr="391" mi="0" ci="1" mb="0" cb="0"/><line nr="392" mi="0" ci="3" mb="2" cb="7"/><line nr="395" mi="5" ci="0" mb="0" cb="0"/><line nr="397" mi="5" ci="0" mb="0" cb="0"/><line nr="399" mi="0" ci="6" mb="1" cb="1"/><line nr="400" mi="0" ci="6" mb="0" cb="0"/><line nr="403" mi="0" ci="6" mb="1" cb="1"/><line nr="404" mi="0" ci="6" mb="0" cb="0"/><line nr="407" mi="0" ci="5" mb="0" cb="0"/><line nr="409" mi="0" ci="6" mb="1" cb="1"/><line nr="410" mi="0" ci="6" mb="0" cb="0"/><line nr="413" mi="0" ci="6" mb="1" cb="1"/><line nr="414" mi="6" ci="0" mb="0" cb="0"/><line nr="415" mi="0" ci="5" mb="0" cb="0"/><line nr="417" mi="0" ci="5" mb="0" cb="0"/><line nr="421" mi="0" ci="6" mb="0" cb="0"/><line nr="425" mi="0" ci="8" mb="1" cb="1"/><line nr="426" mi="6" ci="0" mb="0" cb="0"/><line nr="427" mi="0" ci="5" mb="0" cb="0"/><line nr="428" mi="1" ci="0" mb="0" cb="0"/><line nr="429" mi="6" ci="0" mb="0" cb="0"/><line nr="430" mi="2" ci="0" mb="0" cb="0"/><line nr="431" mi="0" ci="1" mb="0" cb="0"/><line nr="432" mi="0" ci="3" mb="5" cb="4"/><line nr="435" mi="0" ci="6" mb="1" cb="1"/><line nr="436" mi="0" ci="6" mb="0" cb="0"/><line nr="439" mi="0" ci="5" mb="0" cb="0"/><line nr="441" mi="6" ci="0" mb="2" cb="0"/><line nr="442" mi="6" ci="0" mb="0" cb="0"/><line nr="445" mi="0" ci="5" mb="0" cb="0"/><line nr="447" mi="6" ci="0" mb="2" cb="0"/><line nr="448" mi="6" ci="0" mb="0" cb="0"/><line nr="451" mi="0" ci="6" mb="1" cb="1"/><line nr="452" mi="0" ci="6" mb="0" cb="0"/><line nr="453" mi="5" ci="0" mb="0" cb="0"/><line nr="455" mi="5" ci="0" mb="0" cb="0"/><line nr="457" mi="5" ci="0" mb="0" cb="0"/><line nr="461" mi="6" ci="0" mb="0" cb="0"/><line nr="465" mi="0" ci="8" mb="1" cb="1"/><line nr="466" mi="6" ci="0" mb="0" cb="0"/><line nr="467" mi="0" ci="5" mb="0" cb="0"/><line nr="468" mi="1" ci="0" mb="0" cb="0"/><line nr="469" mi="6" ci="0" mb="0" cb="0"/><line nr="470" mi="2" ci="0" mb="0" cb="0"/><line nr="471" mi="0" ci="1" mb="0" cb="0"/><line nr="472" mi="0" ci="3" mb="3" cb="2"/><line nr="475" mi="0" ci="5" mb="0" cb="0"/><line nr="477" mi="0" ci="5" mb="0" cb="0"/><line nr="479" mi="5" ci="0" mb="0" cb="0"/><line nr="481" mi="5" ci="0" mb="0" cb="0"/><line nr="485" mi="6" ci="0" mb="0" cb="0"/><line nr="489" mi="0" ci="8" mb="0" cb="2"/><line nr="490" mi="0" ci="6" mb="0" cb="0"/><line nr="491" mi="0" ci="5" mb="0" cb="0"/><line nr="492" mi="1" ci="0" mb="0" cb="0"/><line nr="493" mi="6" ci="0" mb="0" cb="0"/><line nr="494" mi="2" ci="0" mb="0" cb="0"/><line nr="495" mi="0" ci="1" mb="0" cb="0"/><line nr="496" mi="0" ci="3" mb="3" cb="1"/><line nr="499" mi="6" ci="0" mb="2" cb="0"/><line nr="500" mi="6" ci="0" mb="0" cb="0"/><line nr="501" mi="5" ci="0" mb="0" cb="0"/><line nr="503" mi="0" ci="6" mb="0" cb="2"/><line nr="504" mi="0" ci="6" mb="0" cb="0"/><line nr="505" mi="0" ci="6" mb="1" cb="1"/><line nr="506" mi="0" ci="6" mb="0" cb="0"/><line nr="509" mi="5" ci="0" mb="0" cb="0"/><line nr="513" mi="6" ci="0" mb="0" cb="0"/><line nr="517" mi="8" ci="0" mb="2" cb="0"/><line nr="518" mi="6" ci="0" mb="0" cb="0"/><line nr="519" mi="5" ci="0" mb="0" cb="0"/><line nr="520" mi="1" ci="0" mb="0" cb="0"/><line nr="521" mi="6" ci="0" mb="0" cb="0"/><line nr="522" mi="2" ci="0" mb="0" cb="0"/><line nr="523" mi="1" ci="0" mb="0" cb="0"/><line nr="524" mi="3" ci="0" mb="3" cb="0"/><line nr="527" mi="6" ci="0" mb="2" cb="0"/><line nr="528" mi="6" ci="0" mb="0" cb="0"/><line nr="531" mi="5" ci="0" mb="0" cb="0"/><line nr="535" mi="6" ci="0" mb="0" cb="0"/><line nr="539" mi="8" ci="0" mb="2" cb="0"/><line nr="540" mi="6" ci="0" mb="0" cb="0"/><line nr="541" mi="5" ci="0" mb="0" cb="0"/><line nr="542" mi="1" ci="0" mb="0" cb="0"/><line nr="543" mi="6" ci="0" mb="0" cb="0"/><line nr="544" mi="2" ci="0" mb="0" cb="0"/><line nr="545" mi="1" ci="0" mb="0" cb="0"/><line nr="546" mi="3" ci="0" mb="2" cb="0"/><line nr="549" mi="6" ci="0" mb="2" cb="0"/><line nr="550" mi="6" ci="0" mb="0" cb="0"/><line nr="555" mi="6" ci="0" mb="0" cb="0"/><line nr="559" mi="0" ci="3" mb="0" cb="0"/><line nr="560" mi="0" ci="3" mb="0" cb="0"/><line nr="561" mi="0" ci="5" mb="0" cb="0"/><line nr="562" mi="5" ci="1" mb="0" cb="0"/><line nr="563" mi="0" ci="7" mb="0" cb="0"/><line nr="565" mi="0" ci="19" mb="0" cb="0"/><line nr="568" mi="0" ci="19" mb="0" cb="0"/><line nr="573" mi="0" ci="2" mb="0" cb="0"/><line nr="574" mi="0" ci="3" mb="0" cb="0"/><line nr="575" mi="0" ci="2" mb="0" cb="0"/><line nr="576" mi="0" ci="5" mb="0" cb="0"/><line nr="577" mi="0" ci="2" mb="0" cb="0"/><line nr="580" mi="0" ci="9" mb="1" cb="1"/><line nr="581" mi="2" ci="0" mb="0" cb="0"/><line nr="582" mi="0" ci="4" mb="0" cb="2"/><line nr="584" mi="0" ci="5" mb="0" cb="0"/><line nr="587" mi="0" ci="6" mb="16" cb="13"/><line nr="590" mi="0" ci="6" mb="0" cb="2"/><line nr="591" mi="0" ci="5" mb="0" cb="0"/><line nr="592" mi="0" ci="4" mb="1" cb="1"/><line nr="594" mi="0" ci="3" mb="1" cb="1"/><line nr="595" mi="0" ci="2" mb="0" cb="0"/><line nr="596" mi="0" ci="12" mb="0" cb="0"/><line nr="600" mi="0" ci="6" mb="1" cb="1"/><line nr="602" mi="0" ci="3" mb="1" cb="1"/><line nr="603" mi="0" ci="2" mb="0" cb="0"/><line nr="604" mi="0" ci="5" mb="0" cb="0"/><line nr="606" mi="4" ci="0" mb="2" cb="0"/><line nr="607" mi="5" ci="0" mb="0" cb="0"/><line nr="608" mi="4" ci="0" mb="2" cb="0"/><line nr="609" mi="4" ci="0" mb="0" cb="0"/><line nr="612" mi="0" ci="6" mb="0" cb="2"/><line nr="613" mi="0" ci="1" mb="0" cb="0"/><line nr="614" mi="0" ci="3" mb="1" cb="1"/><line nr="615" mi="0" ci="2" mb="0" cb="0"/><line nr="616" mi="0" ci="11" mb="0" cb="0"/><line nr="617" mi="0" ci="1" mb="0" cb="0"/><line nr="619" mi="4" ci="0" mb="2" cb="0"/><line nr="620" mi="4" ci="0" mb="0" cb="0"/><line nr="623" mi="0" ci="6" mb="0" cb="2"/><line nr="624" mi="0" ci="1" mb="0" cb="0"/><line nr="625" mi="0" ci="3" mb="1" cb="1"/><line nr="626" mi="0" ci="2" mb="0" cb="0"/><line nr="627" mi="0" ci="4" mb="0" cb="0"/><line nr="628" mi="0" ci="1" mb="0" cb="0"/><line nr="630" mi="6" ci="0" mb="2" cb="0"/><line nr="631" mi="4" ci="0" mb="0" cb="0"/><line nr="634" mi="6" ci="0" mb="2" cb="0"/><line nr="635" mi="1" ci="0" mb="0" cb="0"/><line nr="636" mi="3" ci="0" mb="2" cb="0"/><line nr="637" mi="2" ci="0" mb="0" cb="0"/><line nr="638" mi="3" ci="0" mb="0" cb="0"/><line nr="639" mi="1" ci="0" mb="0" cb="0"/><line nr="641" mi="0" ci="4" mb="0" cb="2"/><line nr="642" mi="0" ci="5" mb="0" cb="0"/><line nr="645" mi="0" ci="6" mb="0" cb="2"/><line nr="646" mi="0" ci="5" mb="0" cb="0"/><line nr="649" mi="0" ci="4" mb="0" cb="2"/><line nr="650" mi="0" ci="1" mb="0" cb="0"/><line nr="651" mi="0" ci="3" mb="1" cb="1"/><line nr="652" mi="0" ci="2" mb="0" cb="0"/><line nr="653" mi="0" ci="11" mb="0" cb="0"/><line nr="654" mi="0" ci="1" mb="0" cb="0"/><line nr="656" mi="6" ci="0" mb="2" cb="0"/><line nr="657" mi="12" ci="0" mb="0" cb="0"/><line nr="660" mi="6" ci="0" mb="2" cb="0"/><line nr="661" mi="12" ci="0" mb="0" cb="0"/><line nr="664" mi="6" ci="0" mb="2" cb="0"/><line nr="665" mi="12" ci="0" mb="0" cb="0"/><line nr="668" mi="6" ci="0" mb="2" cb="0"/><line nr="669" mi="5" ci="0" mb="0" cb="0"/><line nr="672" mi="6" ci="0" mb="2" cb="0"/><line nr="673" mi="5" ci="0" mb="0" cb="0"/><line nr="676" mi="6" ci="0" mb="2" cb="0"/><line nr="677" mi="5" ci="0" mb="0" cb="0"/><line nr="681" mi="6" ci="0" mb="2" cb="0"/><line nr="682" mi="4" ci="0" mb="0" cb="0"/><line nr="685" mi="6" ci="0" mb="2" cb="0"/><line nr="686" mi="12" ci="0" mb="0" cb="0"/><line nr="689" mi="6" ci="0" mb="2" cb="0"/><line nr="690" mi="1" ci="0" mb="0" cb="0"/><line nr="691" mi="3" ci="0" mb="2" cb="0"/><line nr="692" mi="2" ci="0" mb="0" cb="0"/><line nr="693" mi="4" ci="0" mb="0" cb="0"/><line nr="694" mi="1" ci="0" mb="0" cb="0"/><line nr="696" mi="0" ci="6" mb="1" cb="1"/><line nr="697" mi="0" ci="1" mb="0" cb="0"/><line nr="698" mi="3" ci="0" mb="2" cb="0"/><line nr="699" mi="2" ci="0" mb="0" cb="0"/><line nr="700" mi="3" ci="0" mb="0" cb="0"/><line nr="701" mi="1" ci="0" mb="0" cb="0"/><line nr="703" mi="0" ci="6" mb="1" cb="1"/><line nr="704" mi="5" ci="0" mb="0" cb="0"/><line nr="707" mi="0" ci="4" mb="0" cb="2"/><line nr="708" mi="0" ci="1" mb="0" cb="0"/><line nr="709" mi="0" ci="3" mb="1" cb="1"/><line nr="710" mi="0" ci="2" mb="0" cb="0"/><line nr="711" mi="0" ci="4" mb="0" cb="0"/><line nr="712" mi="0" ci="1" mb="0" cb="0"/><line nr="714" mi="0" ci="6" mb="0" cb="2"/><line nr="715" mi="0" ci="1" mb="0" cb="0"/><line nr="716" mi="0" ci="3" mb="1" cb="1"/><line nr="717" mi="0" ci="2" mb="0" cb="0"/><line nr="718" mi="0" ci="4" mb="0" cb="0"/><line nr="719" mi="0" ci="1" mb="0" cb="0"/><line nr="721" mi="6" ci="0" mb="2" cb="0"/><line nr="722" mi="4" ci="0" mb="0" cb="0"/><line nr="725" mi="6" ci="0" mb="2" cb="0"/><line nr="726" mi="1" ci="0" mb="0" cb="0"/><line nr="727" mi="3" ci="0" mb="2" cb="0"/><line nr="728" mi="2" ci="0" mb="0" cb="0"/><line nr="729" mi="3" ci="0" mb="0" cb="0"/><line nr="730" mi="1" ci="0" mb="0" cb="0"/><line nr="732" mi="0" ci="6" mb="1" cb="1"/><line nr="733" mi="5" ci="0" mb="0" cb="0"/><line nr="736" mi="6" ci="0" mb="2" cb="0"/><line nr="737" mi="4" ci="0" mb="0" cb="0"/><line nr="740" mi="6" ci="0" mb="2" cb="0"/><line nr="741" mi="1" ci="0" mb="0" cb="0"/><line nr="742" mi="3" ci="0" mb="2" cb="0"/><line nr="743" mi="2" ci="0" mb="0" cb="0"/><line nr="744" mi="3" ci="0" mb="0" cb="0"/><line nr="745" mi="1" ci="0" mb="0" cb="0"/><line nr="748" mi="0" ci="3" mb="0" cb="2"/><line nr="749" mi="0" ci="1" mb="0" cb="0"/><line nr="750" mi="0" ci="4" mb="1" cb="1"/><line nr="752" mi="0" ci="7" mb="0" cb="0"/><line nr="755" mi="0" ci="6" mb="6" cb="9"/><line nr="758" mi="0" ci="6" mb="1" cb="1"/><line nr="759" mi="0" ci="5" mb="0" cb="0"/><line nr="760" mi="4" ci="0" mb="2" cb="0"/><line nr="761" mi="5" ci="0" mb="0" cb="0"/><line nr="764" mi="0" ci="6" mb="1" cb="1"/><line nr="765" mi="1" ci="0" mb="0" cb="0"/><line nr="766" mi="0" ci="3" mb="1" cb="1"/><line nr="767" mi="0" ci="2" mb="0" cb="0"/><line nr="768" mi="0" ci="3" mb="0" cb="0"/><line nr="769" mi="0" ci="1" mb="0" cb="0"/><line nr="771" mi="0" ci="6" mb="0" cb="2"/><line nr="772" mi="0" ci="1" mb="0" cb="0"/><line nr="773" mi="0" ci="3" mb="1" cb="1"/><line nr="774" mi="0" ci="2" mb="0" cb="0"/><line nr="775" mi="0" ci="3" mb="0" cb="0"/><line nr="776" mi="0" ci="1" mb="0" cb="0"/><line nr="778" mi="6" ci="0" mb="2" cb="0"/><line nr="779" mi="5" ci="0" mb="0" cb="0"/><line nr="782" mi="0" ci="6" mb="0" cb="2"/><line nr="783" mi="0" ci="5" mb="0" cb="0"/><line nr="786" mi="0" ci="4" mb="0" cb="2"/><line nr="787" mi="0" ci="5" mb="0" cb="0"/><line nr="790" mi="0" ci="4" mb="1" cb="1"/><line nr="791" mi="12" ci="0" mb="0" cb="0"/><line nr="794" mi="6" ci="0" mb="2" cb="0"/><line nr="795" mi="12" ci="0" mb="0" cb="0"/><line nr="798" mi="6" ci="0" mb="2" cb="0"/><line nr="799" mi="12" ci="0" mb="0" cb="0"/><line nr="802" mi="6" ci="0" mb="2" cb="0"/><line nr="803" mi="12" ci="0" mb="0" cb="0"/><line nr="806" mi="6" ci="0" mb="2" cb="0"/><line nr="807" mi="5" ci="0" mb="0" cb="0"/><line nr="810" mi="0" ci="6" mb="1" cb="1"/><line nr="811" mi="0" ci="5" mb="0" cb="0"/><line nr="814" mi="6" ci="0" mb="2" cb="0"/><line nr="815" mi="5" ci="0" mb="0" cb="0"/><line nr="818" mi="0" ci="6" mb="1" cb="1"/><line nr="819" mi="5" ci="0" mb="0" cb="0"/><line nr="823" mi="0" ci="3" mb="0" cb="2"/><line nr="824" mi="0" ci="1" mb="0" cb="0"/><line nr="827" mi="5" ci="0" mb="0" cb="0"/><line nr="828" mi="4" ci="0" mb="0" cb="0"/><line nr="829" mi="6" ci="0" mb="0" cb="0"/><line nr="830" mi="7" ci="0" mb="0" cb="0"/><line nr="831" mi="7" ci="0" mb="0" cb="0"/><line nr="834" mi="6" ci="0" mb="2" cb="0"/><line nr="838" mi="7" ci="0" mb="2" cb="0"/><line nr="839" mi="5" ci="0" mb="0" cb="0"/><line nr="843" mi="3" ci="0" mb="2" cb="0"/><line nr="845" mi="0" ci="3" mb="0" cb="2"/><line nr="847" mi="0" ci="3" mb="0" cb="0"/><line nr="848" mi="0" ci="3" mb="0" cb="0"/><line nr="849" mi="0" ci="2" mb="0" cb="0"/><line nr="851" mi="0" ci="1" mb="0" cb="0"/><line nr="852" mi="0" ci="13" mb="0" cb="2"/><line nr="853" mi="0" ci="2" mb="0" cb="0"/><line nr="854" mi="0" ci="5" mb="0" cb="0"/><line nr="855" mi="3" ci="1" mb="0" cb="0"/><line nr="860" mi="0" ci="2" mb="7" cb="3"/><line nr="863" mi="0" ci="6" mb="0" cb="2"/><line nr="864" mi="0" ci="2" mb="0" cb="0"/><line nr="865" mi="0" ci="6" mb="1" cb="1"/><line nr="867" mi="0" ci="3" mb="0" cb="0"/><line nr="868" mi="0" ci="2" mb="0" cb="0"/><line nr="870" mi="2" ci="0" mb="0" cb="0"/><line nr="872" mi="0" ci="6" mb="1" cb="1"/><line nr="873" mi="2" ci="0" mb="0" cb="0"/><line nr="874" mi="0" ci="6" mb="1" cb="1"/><line nr="876" mi="0" ci="3" mb="0" cb="0"/><line nr="877" mi="0" ci="3" mb="0" cb="0"/><line nr="878" mi="0" ci="2" mb="0" cb="0"/><line nr="880" mi="2" ci="0" mb="0" cb="0"/><line nr="882" mi="0" ci="6" mb="1" cb="1"/><line nr="883" mi="2" ci="0" mb="0" cb="0"/><line nr="884" mi="0" ci="6" mb="1" cb="1"/><line nr="886" mi="0" ci="3" mb="0" cb="0"/><line nr="887" mi="0" ci="3" mb="0" cb="0"/><line nr="888" mi="0" ci="2" mb="0" cb="0"/><line nr="890" mi="2" ci="0" mb="0" cb="0"/><line nr="892" mi="6" ci="0" mb="2" cb="0"/><line nr="894" mi="4" ci="0" mb="2" cb="0"/><line nr="896" mi="3" ci="0" mb="0" cb="0"/><line nr="897" mi="3" ci="0" mb="0" cb="0"/><line nr="899" mi="2" ci="0" mb="0" cb="0"/><line nr="901" mi="6" ci="0" mb="2" cb="0"/><line nr="902" mi="2" ci="0" mb="0" cb="0"/><line nr="903" mi="2" ci="0" mb="0" cb="0"/><line nr="905" mi="6" ci="0" mb="2" cb="0"/><line nr="907" mi="3" ci="0" mb="0" cb="0"/><line nr="908" mi="3" ci="0" mb="0" cb="0"/><line nr="909" mi="2" ci="0" mb="0" cb="0"/><line nr="911" mi="6" ci="0" mb="2" cb="0"/><line nr="912" mi="2" ci="0" mb="0" cb="0"/><line nr="913" mi="2" ci="0" mb="0" cb="0"/><line nr="915" mi="6" ci="0" mb="2" cb="0"/><line nr="917" mi="3" ci="0" mb="0" cb="0"/><line nr="918" mi="3" ci="0" mb="0" cb="0"/><line nr="919" mi="2" ci="0" mb="0" cb="0"/><line nr="921" mi="6" ci="0" mb="2" cb="0"/><line nr="922" mi="2" ci="0" mb="0" cb="0"/><line nr="923" mi="2" ci="0" mb="0" cb="0"/><line nr="925" mi="6" ci="0" mb="2" cb="0"/><line nr="927" mi="3" ci="0" mb="0" cb="0"/><line nr="928" mi="3" ci="0" mb="0" cb="0"/><line nr="929" mi="2" ci="0" mb="0" cb="0"/><line nr="931" mi="2" ci="0" mb="0" cb="0"/><line nr="933" mi="6" ci="0" mb="2" cb="0"/><line nr="935" mi="3" ci="0" mb="0" cb="0"/><line nr="936" mi="3" ci="0" mb="0" cb="0"/><line nr="937" mi="2" ci="0" mb="0" cb="0"/><line nr="939" mi="6" ci="0" mb="2" cb="0"/><line nr="940" mi="2" ci="0" mb="0" cb="0"/><line nr="941" mi="2" ci="0" mb="0" cb="0"/><line nr="943" mi="6" ci="0" mb="2" cb="0"/><line nr="945" mi="3" ci="0" mb="0" cb="0"/><line nr="946" mi="3" ci="0" mb="0" cb="0"/><line nr="947" mi="2" ci="0" mb="0" cb="0"/><line nr="949" mi="6" ci="0" mb="2" cb="0"/><line nr="950" mi="2" ci="0" mb="0" cb="0"/><line nr="951" mi="2" ci="0" mb="0" cb="0"/><line nr="953" mi="2" ci="0" mb="0" cb="0"/><line nr="958" mi="0" ci="11" mb="0" cb="0"/><line nr="962" mi="0" ci="3" mb="19" cb="24"/><line nr="965" mi="5" ci="0" mb="0" cb="0"/><line nr="967" mi="0" ci="5" mb="0" cb="0"/><line nr="969" mi="4" ci="0" mb="0" cb="0"/><line nr="971" mi="0" ci="5" mb="0" cb="0"/><line nr="973" mi="3" ci="0" mb="0" cb="0"/><line nr="974" mi="4" ci="0" mb="0" cb="0"/><line nr="976" mi="3" ci="0" mb="0" cb="0"/><line nr="977" mi="4" ci="0" mb="0" cb="0"/><line nr="979" mi="5" ci="0" mb="0" cb="0"/><line nr="981" mi="0" ci="5" mb="0" cb="0"/><line nr="983" mi="0" ci="5" mb="0" cb="0"/><line nr="985" mi="0" ci="5" mb="0" cb="0"/><line nr="987" mi="0" ci="5" mb="0" cb="0"/><line nr="989" mi="0" ci="5" mb="0" cb="0"/><line nr="991" mi="0" ci="5" mb="0" cb="0"/><line nr="993" mi="0" ci="3" mb="0" cb="0"/><line nr="994" mi="0" ci="4" mb="0" cb="0"/><line nr="996" mi="5" ci="0" mb="0" cb="0"/><line nr="998" mi="5" ci="0" mb="0" cb="0"/><line nr="1000" mi="0" ci="5" mb="0" cb="0"/><line nr="1002" mi="3" ci="0" mb="0" cb="0"/><line nr="1003" mi="4" ci="0" mb="0" cb="0"/><line nr="1005" mi="3" ci="0" mb="0" cb="0"/><line nr="1006" mi="4" ci="0" mb="0" cb="0"/><line nr="1008" mi="3" ci="0" mb="0" cb="0"/><line nr="1009" mi="4" ci="0" mb="0" cb="0"/><line nr="1011" mi="5" ci="0" mb="0" cb="0"/><line nr="1013" mi="5" ci="0" mb="0" cb="0"/><line nr="1015" mi="5" ci="0" mb="0" cb="0"/><line nr="1017" mi="0" ci="5" mb="0" cb="0"/><line nr="1019" mi="5" ci="0" mb="0" cb="0"/><line nr="1021" mi="0" ci="4" mb="0" cb="0"/><line nr="1023" mi="0" ci="4" mb="0" cb="0"/><line nr="1025" mi="0" ci="4" mb="0" cb="0"/><line nr="1027" mi="0" ci="4" mb="0" cb="0"/><line nr="1029" mi="0" ci="4" mb="0" cb="0"/><line nr="1031" mi="4" ci="0" mb="0" cb="0"/><line nr="1033" mi="4" ci="0" mb="0" cb="0"/><line nr="1035" mi="0" ci="4" mb="0" cb="0"/><line nr="1037" mi="0" ci="4" mb="0" cb="0"/><line nr="1039" mi="0" ci="4" mb="0" cb="0"/><line nr="1041" mi="0" ci="4" mb="0" cb="0"/><line nr="1043" mi="0" ci="4" mb="0" cb="0"/><line nr="1045" mi="4" ci="0" mb="0" cb="0"/><line nr="1047" mi="0" ci="5" mb="0" cb="0"/><line nr="1049" mi="3" ci="0" mb="0" cb="0"/><line nr="1050" mi="4" ci="0" mb="0" cb="0"/><line nr="1052" mi="0" ci="5" mb="0" cb="0"/><line nr="1054" mi="3" ci="0" mb="0" cb="0"/><line nr="1055" mi="4" ci="0" mb="0" cb="0"/><line nr="1057" mi="0" ci="5" mb="0" cb="0"/><line nr="1062" mi="0" ci="5" mb="0" cb="0"/><line nr="1063" mi="1" ci="0" mb="0" cb="0"/><line nr="1064" mi="6" ci="0" mb="0" cb="0"/><line nr="1065" mi="2" ci="0" mb="0" cb="0"/><line nr="1066" mi="0" ci="1" mb="0" cb="0"/><line nr="1067" mi="0" ci="3" mb="11" cb="11"/><line nr="1070" mi="0" ci="6" mb="1" cb="1"/><line nr="1071" mi="5" ci="0" mb="0" cb="0"/><line nr="1074" mi="6" ci="0" mb="2" cb="0"/><line nr="1075" mi="5" ci="0" mb="0" cb="0"/><line nr="1078" mi="0" ci="6" mb="1" cb="1"/><line nr="1079" mi="0" ci="5" mb="0" cb="0"/><line nr="1082" mi="6" ci="0" mb="2" cb="0"/><line nr="1083" mi="5" ci="0" mb="0" cb="0"/><line nr="1086" mi="6" ci="0" mb="2" cb="0"/><line nr="1087" mi="5" ci="0" mb="0" cb="0"/><line nr="1090" mi="6" ci="0" mb="2" cb="0"/><line nr="1091" mi="5" ci="0" mb="0" cb="0"/><line nr="1092" mi="6" ci="0" mb="2" cb="0"/><line nr="1093" mi="5" ci="0" mb="0" cb="0"/><line nr="1094" mi="6" ci="0" mb="2" cb="0"/><line nr="1095" mi="5" ci="0" mb="0" cb="0"/><line nr="1096" mi="6" ci="0" mb="2" cb="0"/><line nr="1097" mi="5" ci="0" mb="0" cb="0"/><line nr="1100" mi="6" ci="0" mb="2" cb="0"/><line nr="1101" mi="5" ci="0" mb="0" cb="0"/><line nr="1104" mi="6" ci="0" mb="2" cb="0"/><line nr="1105" mi="5" ci="0" mb="0" cb="0"/><line nr="1108" mi="5" ci="0" mb="0" cb="0"/><line nr="1110" mi="0" ci="5" mb="0" cb="0"/><line nr="1112" mi="0" ci="6" mb="1" cb="1"/><line nr="1113" mi="6" ci="0" mb="0" cb="0"/><line nr="1116" mi="0" ci="5" mb="0" cb="0"/><line nr="1118" mi="0" ci="5" mb="0" cb="0"/><line nr="1120" mi="5" ci="0" mb="0" cb="0"/><line nr="1122" mi="0" ci="5" mb="0" cb="0"/><line nr="1124" mi="0" ci="5" mb="0" cb="0"/><line nr="1126" mi="0" ci="5" mb="0" cb="0"/><line nr="1128" mi="0" ci="5" mb="0" cb="0"/><line nr="1130" mi="5" ci="0" mb="0" cb="0"/><line nr="1132" mi="6" ci="0" mb="2" cb="0"/><line nr="1133" mi="5" ci="0" mb="0" cb="0"/><line nr="1136" mi="6" ci="0" mb="2" cb="0"/><line nr="1137" mi="5" ci="0" mb="0" cb="0"/><line nr="1142" mi="0" ci="6" mb="0" cb="0"/><line nr="1146" mi="0" ci="8" mb="0" cb="2"/><line nr="1147" mi="0" ci="6" mb="0" cb="0"/><line nr="1148" mi="0" ci="5" mb="0" cb="0"/><line nr="1149" mi="1" ci="0" mb="0" cb="0"/><line nr="1150" mi="6" ci="0" mb="0" cb="0"/><line nr="1151" mi="2" ci="0" mb="0" cb="0"/><line nr="1152" mi="0" ci="1" mb="0" cb="0"/><line nr="1153" mi="0" ci="3" mb="9" cb="2"/><line nr="1156" mi="6" ci="0" mb="2" cb="0"/><line nr="1157" mi="6" ci="0" mb="0" cb="0"/><line nr="1160" mi="5" ci="0" mb="0" cb="0"/><line nr="1162" mi="5" ci="0" mb="0" cb="0"/><line nr="1164" mi="5" ci="0" mb="0" cb="0"/><line nr="1166" mi="0" ci="5" mb="0" cb="0"/><line nr="1168" mi="5" ci="0" mb="0" cb="0"/><line nr="1170" mi="6" ci="0" mb="2" cb="0"/><line nr="1171" mi="6" ci="0" mb="0" cb="0"/><line nr="1172" mi="5" ci="0" mb="0" cb="0"/><line nr="1174" mi="5" ci="0" mb="0" cb="0"/><line nr="1176" mi="5" ci="0" mb="0" cb="0"/><line nr="1178" mi="6" ci="0" mb="2" cb="0"/><line nr="1179" mi="6" ci="0" mb="0" cb="0"/><line nr="1184" mi="0" ci="6" mb="0" cb="0"/><line nr="1188" mi="0" ci="8" mb="1" cb="1"/><line nr="1189" mi="6" ci="0" mb="0" cb="0"/><line nr="1190" mi="0" ci="5" mb="0" cb="0"/><line nr="1191" mi="1" ci="0" mb="0" cb="0"/><line nr="1192" mi="6" ci="0" mb="0" cb="0"/><line nr="1193" mi="2" ci="0" mb="0" cb="0"/><line nr="1194" mi="0" ci="1" mb="0" cb="0"/><line nr="1195" mi="0" ci="3" mb="8" cb="1"/><line nr="1198" mi="5" ci="0" mb="0" cb="0"/><line nr="1200" mi="5" ci="0" mb="0" cb="0"/><line nr="1202" mi="5" ci="0" mb="0" cb="0"/><line nr="1204" mi="6" ci="0" mb="2" cb="0"/><line nr="1205" mi="6" ci="0" mb="0" cb="0"/><line nr="1206" mi="6" ci="0" mb="2" cb="0"/><line nr="1208" mi="3" ci="0" mb="0" cb="0"/><line nr="1209" mi="3" ci="0" mb="0" cb="0"/><line nr="1211" mi="5" ci="0" mb="0" cb="0"/><line nr="1213" mi="5" ci="0" mb="0" cb="0"/><line nr="1215" mi="0" ci="5" mb="0" cb="0"/><line nr="1217" mi="5" ci="0" mb="0" cb="0"/><line nr="1219" mi="5" ci="0" mb="0" cb="0"/><line nr="1223" mi="6" ci="0" mb="0" cb="0"/><line nr="1227" mi="0" ci="8" mb="1" cb="1"/><line nr="1228" mi="0" ci="6" mb="0" cb="0"/><line nr="1229" mi="5" ci="0" mb="0" cb="0"/><line nr="1230" mi="1" ci="0" mb="0" cb="0"/><line nr="1231" mi="6" ci="0" mb="0" cb="0"/><line nr="1232" mi="2" ci="0" mb="0" cb="0"/><line nr="1233" mi="1" ci="0" mb="0" cb="0"/><line nr="1234" mi="3" ci="0" mb="9" cb="0"/><line nr="1237" mi="5" ci="0" mb="0" cb="0"/><line nr="1239" mi="5" ci="0" mb="0" cb="0"/><line nr="1241" mi="6" ci="0" mb="2" cb="0"/><line nr="1242" mi="6" ci="0" mb="0" cb="0"/><line nr="1245" mi="6" ci="0" mb="2" cb="0"/><line nr="1246" mi="6" ci="0" mb="0" cb="0"/><line nr="1249" mi="5" ci="0" mb="0" cb="0"/><line nr="1251" mi="6" ci="0" mb="2" cb="0"/><line nr="1252" mi="6" ci="0" mb="0" cb="0"/><line nr="1255" mi="6" ci="0" mb="2" cb="0"/><line nr="1256" mi="6" ci="0" mb="0" cb="0"/><line nr="1257" mi="5" ci="0" mb="0" cb="0"/><line nr="1259" mi="5" ci="0" mb="0" cb="0"/><line nr="1263" mi="6" ci="0" mb="0" cb="0"/><line nr="1267" mi="8" ci="0" mb="2" cb="0"/><line nr="1268" mi="6" ci="0" mb="0" cb="0"/><line nr="1269" mi="5" ci="0" mb="0" cb="0"/><line nr="1270" mi="1" ci="0" mb="0" cb="0"/><line nr="1271" mi="6" ci="0" mb="0" cb="0"/><line nr="1272" mi="2" ci="0" mb="0" cb="0"/><line nr="1273" mi="1" ci="0" mb="0" cb="0"/><line nr="1274" mi="3" ci="0" mb="9" cb="0"/><line nr="1277" mi="6" ci="0" mb="2" cb="0"/><line nr="1278" mi="6" ci="0" mb="0" cb="0"/><line nr="1281" mi="5" ci="0" mb="0" cb="0"/><line nr="1283" mi="6" ci="0" mb="2" cb="0"/><line nr="1284" mi="6" ci="0" mb="0" cb="0"/><line nr="1287" mi="5" ci="0" mb="0" cb="0"/><line nr="1289" mi="6" ci="0" mb="2" cb="0"/><line nr="1290" mi="6" ci="0" mb="0" cb="0"/><line nr="1293" mi="6" ci="0" mb="2" cb="0"/><line nr="1294" mi="6" ci="0" mb="0" cb="0"/><line nr="1295" mi="5" ci="0" mb="0" cb="0"/><line nr="1297" mi="5" ci="0" mb="0" cb="0"/><line nr="1299" mi="5" ci="0" mb="0" cb="0"/><line nr="1303" mi="6" ci="0" mb="0" cb="0"/><line nr="1307" mi="8" ci="0" mb="2" cb="0"/><line nr="1308" mi="6" ci="0" mb="0" cb="0"/><line nr="1309" mi="5" ci="0" mb="0" cb="0"/><line nr="1310" mi="1" ci="0" mb="0" cb="0"/><line nr="1311" mi="6" ci="0" mb="0" cb="0"/><line nr="1312" mi="2" ci="0" mb="0" cb="0"/><line nr="1313" mi="1" ci="0" mb="0" cb="0"/><line nr="1314" mi="3" ci="0" mb="5" cb="0"/><line nr="1317" mi="5" ci="0" mb="0" cb="0"/><line nr="1319" mi="5" ci="0" mb="0" cb="0"/><line nr="1321" mi="5" ci="0" mb="0" cb="0"/><line nr="1323" mi="5" ci="0" mb="0" cb="0"/><line nr="1327" mi="6" ci="0" mb="0" cb="0"/><line nr="1331" mi="8" ci="0" mb="2" cb="0"/><line nr="1332" mi="6" ci="0" mb="0" cb="0"/><line nr="1333" mi="5" ci="0" mb="0" cb="0"/><line nr="1334" mi="1" ci="0" mb="0" cb="0"/><line nr="1335" mi="6" ci="0" mb="0" cb="0"/><line nr="1336" mi="2" ci="0" mb="0" cb="0"/><line nr="1337" mi="1" ci="0" mb="0" cb="0"/><line nr="1338" mi="3" ci="0" mb="4" cb="0"/><line nr="1341" mi="6" ci="0" mb="2" cb="0"/><line nr="1342" mi="6" ci="0" mb="0" cb="0"/><line nr="1343" mi="5" ci="0" mb="0" cb="0"/><line nr="1345" mi="6" ci="0" mb="2" cb="0"/><line nr="1346" mi="6" ci="0" mb="0" cb="0"/><line nr="1347" mi="6" ci="0" mb="2" cb="0"/><line nr="1348" mi="6" ci="0" mb="0" cb="0"/><line nr="1351" mi="5" ci="0" mb="0" cb="0"/><line nr="1355" mi="6" ci="0" mb="0" cb="0"/><line nr="1359" mi="8" ci="0" mb="2" cb="0"/><line nr="1360" mi="6" ci="0" mb="0" cb="0"/><line nr="1361" mi="5" ci="0" mb="0" cb="0"/><line nr="1362" mi="1" ci="0" mb="0" cb="0"/><line nr="1363" mi="6" ci="0" mb="0" cb="0"/><line nr="1364" mi="2" ci="0" mb="0" cb="0"/><line nr="1365" mi="1" ci="0" mb="0" cb="0"/><line nr="1366" mi="3" ci="0" mb="3" cb="0"/><line nr="1369" mi="6" ci="0" mb="2" cb="0"/><line nr="1370" mi="6" ci="0" mb="0" cb="0"/><line nr="1373" mi="5" ci="0" mb="0" cb="0"/><line nr="1377" mi="6" ci="0" mb="0" cb="0"/><line nr="1381" mi="8" ci="0" mb="2" cb="0"/><line nr="1382" mi="6" ci="0" mb="0" cb="0"/><line nr="1383" mi="5" ci="0" mb="0" cb="0"/><line nr="1384" mi="1" ci="0" mb="0" cb="0"/><line nr="1385" mi="6" ci="0" mb="0" cb="0"/><line nr="1386" mi="2" ci="0" mb="0" cb="0"/><line nr="1387" mi="1" ci="0" mb="0" cb="0"/><line nr="1388" mi="3" ci="0" mb="2" cb="0"/><line nr="1391" mi="6" ci="0" mb="2" cb="0"/><line nr="1392" mi="6" ci="0" mb="0" cb="0"/><line nr="1397" mi="6" ci="0" mb="0" cb="0"/><line nr="1401" mi="3" ci="0" mb="0" cb="0"/><line nr="1402" mi="3" ci="0" mb="0" cb="0"/><line nr="1403" mi="5" ci="0" mb="0" cb="0"/><line nr="1404" mi="6" ci="0" mb="0" cb="0"/><line nr="1405" mi="7" ci="0" mb="0" cb="0"/><line nr="1409" mi="0" ci="2" mb="0" cb="0"/><line nr="1410" mi="0" ci="3" mb="0" cb="0"/><line nr="1411" mi="0" ci="2" mb="0" cb="0"/><line nr="1412" mi="0" ci="5" mb="0" cb="0"/><line nr="1413" mi="0" ci="2" mb="0" cb="0"/><line nr="1416" mi="0" ci="9" mb="1" cb="1"/><line nr="1417" mi="2" ci="0" mb="0" cb="0"/><line nr="1418" mi="0" ci="4" mb="0" cb="2"/><line nr="1420" mi="0" ci="5" mb="0" cb="0"/><line nr="1423" mi="0" ci="6" mb="15" cb="2"/><line nr="1426" mi="6" ci="0" mb="2" cb="0"/><line nr="1428" mi="3" ci="0" mb="2" cb="0"/><line nr="1429" mi="2" ci="0" mb="0" cb="0"/><line nr="1430" mi="5" ci="0" mb="0" cb="0"/><line nr="1432" mi="4" ci="0" mb="2" cb="0"/><line nr="1433" mi="4" ci="0" mb="0" cb="0"/><line nr="1436" mi="0" ci="6" mb="1" cb="1"/><line nr="1437" mi="0" ci="1" mb="0" cb="0"/><line nr="1438" mi="3" ci="0" mb="2" cb="0"/><line nr="1439" mi="2" ci="0" mb="0" cb="0"/><line nr="1440" mi="11" ci="0" mb="0" cb="0"/><line nr="1441" mi="1" ci="0" mb="0" cb="0"/><line nr="1443" mi="4" ci="0" mb="2" cb="0"/><line nr="1444" mi="4" ci="0" mb="0" cb="0"/><line nr="1447" mi="0" ci="6" mb="1" cb="1"/><line nr="1448" mi="0" ci="1" mb="0" cb="0"/><line nr="1449" mi="3" ci="0" mb="2" cb="0"/><line nr="1450" mi="2" ci="0" mb="0" cb="0"/><line nr="1451" mi="4" ci="0" mb="0" cb="0"/><line nr="1452" mi="1" ci="0" mb="0" cb="0"/><line nr="1454" mi="6" ci="0" mb="2" cb="0"/><line nr="1455" mi="4" ci="0" mb="0" cb="0"/><line nr="1458" mi="6" ci="0" mb="2" cb="0"/><line nr="1459" mi="1" ci="0" mb="0" cb="0"/><line nr="1460" mi="3" ci="0" mb="2" cb="0"/><line nr="1461" mi="2" ci="0" mb="0" cb="0"/><line nr="1462" mi="3" ci="0" mb="0" cb="0"/><line nr="1463" mi="1" ci="0" mb="0" cb="0"/><line nr="1465" mi="6" ci="0" mb="2" cb="0"/><line nr="1466" mi="1" ci="0" mb="0" cb="0"/><line nr="1467" mi="3" ci="0" mb="2" cb="0"/><line nr="1468" mi="2" ci="0" mb="0" cb="0"/><line nr="1469" mi="4" ci="0" mb="0" cb="0"/><line nr="1470" mi="1" ci="0" mb="0" cb="0"/><line nr="1472" mi="6" ci="0" mb="2" cb="0"/><line nr="1473" mi="1" ci="0" mb="0" cb="0"/><line nr="1474" mi="3" ci="0" mb="2" cb="0"/><line nr="1475" mi="2" ci="0" mb="0" cb="0"/><line nr="1476" mi="3" ci="0" mb="0" cb="0"/><line nr="1477" mi="1" ci="0" mb="0" cb="0"/><line nr="1479" mi="6" ci="0" mb="2" cb="0"/><line nr="1480" mi="5" ci="0" mb="0" cb="0"/><line nr="1483" mi="4" ci="0" mb="2" cb="0"/><line nr="1484" mi="1" ci="0" mb="0" cb="0"/><line nr="1485" mi="3" ci="0" mb="2" cb="0"/><line nr="1486" mi="2" ci="0" mb="0" cb="0"/><line nr="1487" mi="4" ci="0" mb="0" cb="0"/><line nr="1488" mi="1" ci="0" mb="0" cb="0"/><line nr="1490" mi="6" ci="0" mb="2" cb="0"/><line nr="1491" mi="1" ci="0" mb="0" cb="0"/><line nr="1492" mi="3" ci="0" mb="2" cb="0"/><line nr="1493" mi="2" ci="0" mb="0" cb="0"/><line nr="1494" mi="4" ci="0" mb="0" cb="0"/><line nr="1495" mi="1" ci="0" mb="0" cb="0"/><line nr="1497" mi="6" ci="0" mb="2" cb="0"/><line nr="1498" mi="4" ci="0" mb="0" cb="0"/><line nr="1501" mi="6" ci="0" mb="2" cb="0"/><line nr="1502" mi="1" ci="0" mb="0" cb="0"/><line nr="1503" mi="3" ci="0" mb="2" cb="0"/><line nr="1504" mi="2" ci="0" mb="0" cb="0"/><line nr="1505" mi="3" ci="0" mb="0" cb="0"/><line nr="1506" mi="1" ci="0" mb="0" cb="0"/><line nr="1508" mi="6" ci="0" mb="2" cb="0"/><line nr="1509" mi="5" ci="0" mb="0" cb="0"/><line nr="1512" mi="6" ci="0" mb="2" cb="0"/><line nr="1513" mi="4" ci="0" mb="0" cb="0"/><line nr="1516" mi="6" ci="0" mb="2" cb="0"/><line nr="1517" mi="1" ci="0" mb="0" cb="0"/><line nr="1518" mi="3" ci="0" mb="2" cb="0"/><line nr="1519" mi="2" ci="0" mb="0" cb="0"/><line nr="1520" mi="3" ci="0" mb="0" cb="0"/><line nr="1521" mi="1" ci="0" mb="0" cb="0"/><line nr="1524" mi="0" ci="3" mb="1" cb="1"/><line nr="1525" mi="0" ci="1" mb="0" cb="0"/><line nr="1526" mi="0" ci="4" mb="1" cb="1"/><line nr="1528" mi="0" ci="7" mb="0" cb="0"/><line nr="1531" mi="0" ci="6" mb="3" cb="3"/><line nr="1534" mi="0" ci="6" mb="1" cb="1"/><line nr="1535" mi="1" ci="0" mb="0" cb="0"/><line nr="1536" mi="0" ci="3" mb="1" cb="1"/><line nr="1537" mi="0" ci="2" mb="0" cb="0"/><line nr="1538" mi="0" ci="3" mb="0" cb="0"/><line nr="1539" mi="0" ci="1" mb="0" cb="0"/><line nr="1541" mi="0" ci="6" mb="0" cb="2"/><line nr="1542" mi="0" ci="1" mb="0" cb="0"/><line nr="1543" mi="0" ci="3" mb="1" cb="1"/><line nr="1544" mi="0" ci="2" mb="0" cb="0"/><line nr="1545" mi="0" ci="3" mb="0" cb="0"/><line nr="1546" mi="0" ci="1" mb="0" cb="0"/><line nr="1548" mi="6" ci="0" mb="2" cb="0"/><line nr="1549" mi="5" ci="0" mb="0" cb="0"/><line nr="1552" mi="6" ci="0" mb="2" cb="0"/><line nr="1553" mi="5" ci="0" mb="0" cb="0"/><line nr="1556" mi="6" ci="0" mb="2" cb="0"/><line nr="1557" mi="5" ci="0" mb="0" cb="0"/><line nr="1561" mi="0" ci="3" mb="1" cb="1"/><line nr="1562" mi="0" ci="1" mb="0" cb="0"/><line nr="1565" mi="5" ci="0" mb="0" cb="0"/><line nr="1566" mi="4" ci="0" mb="0" cb="0"/><line nr="1567" mi="6" ci="0" mb="0" cb="0"/><line nr="1568" mi="7" ci="0" mb="0" cb="0"/><line nr="1569" mi="7" ci="0" mb="0" cb="0"/><line nr="1572" mi="6" ci="0" mb="0" cb="0"/><line nr="1576" mi="3" ci="0" mb="2" cb="0"/><line nr="1578" mi="0" ci="3" mb="0" cb="2"/><line nr="1580" mi="0" ci="3" mb="0" cb="0"/><line nr="1581" mi="0" ci="3" mb="0" cb="0"/><line nr="1582" mi="0" ci="2" mb="0" cb="0"/><line nr="1584" mi="0" ci="1" mb="0" cb="0"/><line nr="1585" mi="0" ci="13" mb="0" cb="2"/><line nr="1586" mi="0" ci="2" mb="0" cb="0"/><line nr="1587" mi="0" ci="5" mb="0" cb="0"/><line nr="1588" mi="3" ci="1" mb="0" cb="0"/><line nr="1593" mi="0" ci="3" mb="0" cb="2"/><line nr="1596" mi="0" ci="5" mb="0" cb="0"/><line nr="1598" mi="0" ci="2" mb="0" cb="0"/><line nr="1603" mi="3" ci="0" mb="2" cb="0"/><line nr="1606" mi="4" ci="0" mb="0" cb="0"/><line nr="1608" mi="2" ci="0" mb="0" cb="0"/><line nr="1613" mi="5" ci="0" mb="0" cb="0"/><line nr="1614" mi="1" ci="0" mb="0" cb="0"/><line nr="1615" mi="2" ci="0" mb="0" cb="0"/><line nr="1616" mi="1" ci="0" mb="0" cb="0"/><line nr="1617" mi="3" ci="0" mb="2" cb="0"/><line nr="1620" mi="6" ci="0" mb="2" cb="0"/><line nr="1621" mi="5" ci="0" mb="0" cb="0"/><line nr="1624" mi="2" ci="0" mb="0" cb="0"/><line nr="1626" mi="2" ci="0" mb="0" cb="0"/><line nr="1628" mi="0" ci="115" mb="0" cb="0"/><line nr="1634" mi="2" ci="0" mb="2" cb="0"/><line nr="1637" mi="12" ci="0" mb="2" cb="0"/><line nr="1639" mi="8" ci="0" mb="2" cb="0"/><line nr="1640" mi="2" ci="0" mb="0" cb="0"/><line nr="1641" mi="2" ci="0" mb="0" cb="0"/><line nr="1646" mi="0" ci="307" mb="0" cb="0"/><line nr="1659" mi="0" ci="19" mb="0" cb="0"/><line nr="1667" mi="0" ci="307" mb="0" cb="0"/><line nr="1673" mi="0" ci="11" mb="0" cb="0"/><line nr="1676" mi="0" ci="11" mb="0" cb="0"/><line nr="1679" mi="0" ci="12" mb="0" cb="0"/><line nr="1683" mi="0" ci="4" mb="0" cb="0"/><line nr="1684" mi="0" ci="4" mb="0" cb="0"/><line nr="1687" mi="0" ci="2" mb="0" cb="0"/><line nr="1688" mi="0" ci="3" mb="0" cb="0"/><line nr="1689" mi="0" ci="1" mb="0" cb="0"/><line nr="1693" mi="3" ci="0" mb="0" cb="0"/><line nr="1694" mi="3" ci="0" mb="0" cb="0"/><line nr="1695" mi="1" ci="0" mb="0" cb="0"/><line nr="1700" mi="6" ci="0" mb="0" cb="0"/><line nr="1701" mi="4" ci="0" mb="0" cb="0"/><line nr="1702" mi="3" ci="0" mb="0" cb="0"/><line nr="1703" mi="2" ci="0" mb="0" cb="0"/><line nr="1704" mi="1" ci="0" mb="0" cb="0"/><line nr="1708" mi="3" ci="0" mb="0" cb="0"/><line nr="1709" mi="5" ci="0" mb="2" cb="0"/><line nr="1710" mi="6" ci="0" mb="0" cb="0"/><line nr="1711" mi="1" ci="0" mb="0" cb="0"/><line nr="1716" mi="3" ci="0" mb="0" cb="0"/><line nr="1717" mi="3" ci="0" mb="0" cb="0"/><line nr="1718" mi="1" ci="0" mb="0" cb="0"/><line nr="1723" mi="5" ci="0" mb="4" cb="0"/><line nr="1724" mi="15" ci="0" mb="0" cb="0"/><line nr="1726" mi="3" ci="0" mb="0" cb="0"/><line nr="1727" mi="1" ci="0" mb="0" cb="0"/><line nr="1737" mi="0" ci="5" mb="0" cb="0"/><line nr="1738" mi="0" ci="8" mb="0" cb="2"/><line nr="1739" mi="0" ci="4" mb="0" cb="0"/><line nr="1740" mi="0" ci="4" mb="0" cb="0"/><line nr="1741" mi="0" ci="4" mb="0" cb="0"/><line nr="1742" mi="0" ci="4" mb="0" cb="0"/><line nr="1743" mi="0" ci="5" mb="0" cb="0"/><line nr="1745" mi="0" ci="3" mb="0" cb="0"/><line nr="1746" mi="0" ci="3" mb="0" cb="0"/><line nr="1747" mi="0" ci="3" mb="0" cb="0"/><line nr="1748" mi="0" ci="3" mb="0" cb="0"/><line nr="1750" mi="0" ci="2" mb="0" cb="0"/><line nr="1753" mi="0" ci="3" mb="0" cb="0"/><line nr="1754" mi="0" ci="3" mb="0" cb="0"/><line nr="1764" mi="0" ci="2" mb="0" cb="0"/><line nr="1771" mi="0" ci="5" mb="0" cb="0"/><line nr="1773" mi="0" ci="1" mb="0" cb="0"/><line nr="1775" mi="0" ci="3" mb="0" cb="0"/><line nr="1776" mi="0" ci="3" mb="0" cb="0"/><line nr="1777" mi="0" ci="2" mb="0" cb="0"/><line nr="1778" mi="0" ci="1" mb="0" cb="0"/><line nr="1782" mi="0" ci="3" mb="2" cb="3"/><line nr="1785" mi="0" ci="4" mb="0" cb="0"/><line nr="1786" mi="0" ci="13" mb="1" cb="3"/><line nr="1787" mi="0" ci="6" mb="0" cb="0"/><line nr="1789" mi="0" ci="3" mb="0" cb="0"/><line nr="1790" mi="0" ci="3" mb="0" cb="0"/><line nr="1791" mi="0" ci="3" mb="0" cb="0"/><line nr="1792" mi="0" ci="3" mb="0" cb="0"/><line nr="1793" mi="0" ci="1" mb="0" cb="0"/><line nr="1795" mi="0" ci="3" mb="0" cb="0"/><line nr="1796" mi="0" ci="3" mb="0" cb="0"/><line nr="1797" mi="0" ci="3" mb="0" cb="0"/><line nr="1798" mi="0" ci="1" mb="0" cb="0"/><line nr="1800" mi="3" ci="0" mb="0" cb="0"/><line nr="1801" mi="3" ci="0" mb="0" cb="0"/><line nr="1802" mi="3" ci="0" mb="0" cb="0"/><line nr="1803" mi="7" ci="0" mb="4" cb="0"/><line nr="1805" mi="4" ci="0" mb="0" cb="0"/><line nr="1809" mi="0" ci="3" mb="0" cb="0"/><line nr="1810" mi="0" ci="3" mb="0" cb="0"/><line nr="1811" mi="0" ci="3" mb="0" cb="0"/><line nr="1812" mi="0" ci="7" mb="1" cb="3"/><line nr="1814" mi="0" ci="3" mb="0" cb="0"/><line nr="1818" mi="0" ci="4" mb="1" cb="1"/><line nr="1820" mi="0" ci="6" mb="0" cb="2"/><line nr="1821" mi="0" ci="9" mb="0" cb="0"/><line nr="1822" mi="0" ci="16" mb="0" cb="2"/><line nr="1824" mi="0" ci="3" mb="0" cb="0"/><line nr="1825" mi="0" ci="6" mb="0" cb="2"/><line nr="1826" mi="0" ci="6" mb="0" cb="0"/><line nr="1827" mi="0" ci="2" mb="0" cb="0"/><line nr="1829" mi="0" ci="16" mb="0" cb="2"/><line nr="1831" mi="0" ci="6" mb="1" cb="1"/><line nr="1832" mi="0" ci="7" mb="0" cb="0"/><line nr="1835" mi="0" ci="6" mb="1" cb="1"/><line nr="1836" mi="6" ci="0" mb="0" cb="0"/><line nr="1837" mi="0" ci="2" mb="0" cb="0"/><line nr="1838" mi="0" ci="3" mb="0" cb="0"/><line nr="1840" mi="0" ci="5" mb="0" cb="0"/><line nr="1841" mi="0" ci="1" mb="0" cb="0"/><line nr="1843" mi="1" ci="0" mb="0" cb="0"/><line nr="1845" mi="4" ci="0" mb="0" cb="0"/><line nr="1846" mi="4" ci="0" mb="0" cb="0"/><line nr="1847" mi="2" ci="0" mb="0" cb="0"/><line nr="1848" mi="2" ci="0" mb="0" cb="0"/><line nr="1849" mi="8" ci="0" mb="0" cb="0"/><line nr="1850" mi="1" ci="0" mb="0" cb="0"/><line nr="1851" mi="2" ci="0" mb="0" cb="0"/><line nr="1852" mi="9" ci="0" mb="2" cb="0"/><line nr="1853" mi="8" ci="0" mb="4" cb="0"/><line nr="1854" mi="1" ci="0" mb="0" cb="0"/><line nr="1855" mi="3" ci="0" mb="0" cb="0"/><line nr="1858" mi="1" ci="0" mb="0" cb="0"/><line nr="1859" mi="1" ci="0" mb="0" cb="0"/><line nr="1860" mi="2" ci="0" mb="2" cb="0"/><line nr="1861" mi="4" ci="0" mb="0" cb="0"/><line nr="1862" mi="9" ci="0" mb="2" cb="0"/><line nr="1864" mi="13" ci="0" mb="0" cb="0"/><line nr="1871" mi="0" ci="7" mb="1" cb="1"/><line nr="1873" mi="0" ci="11" mb="0" cb="0"/><line nr="1874" mi="0" ci="6" mb="0" cb="0"/><line nr="1876" mi="0" ci="1" mb="0" cb="0"/><line nr="1880" mi="0" ci="13" mb="0" cb="0"/><line nr="1881" mi="0" ci="4" mb="0" cb="2"/><line nr="1882" mi="0" ci="1" mb="0" cb="0"/><line nr="1885" mi="0" ci="3" mb="0" cb="0"/><line nr="1886" mi="0" ci="3" mb="0" cb="0"/><line nr="1887" mi="0" ci="1" mb="0" cb="0"/><line nr="1892" mi="0" ci="5" mb="0" cb="0"/><line nr="1893" mi="0" ci="4" mb="0" cb="2"/><line nr="1894" mi="0" ci="1" mb="0" cb="0"/><counter type="INSTRUCTION" missed="2547" covered="2827"/><counter type="BRANCH" missed="530" covered="315"/><counter type="LINE" missed="593" covered="474"/><counter type="COMPLEXITY" missed="393" covered="211"/><counter type="METHOD" missed="17" covered="30"/><counter type="CLASS" missed="0" covered="1"/></sourcefile><sourcefile name="MatlabParserConstants.java"><line nr="156" mi="308" ci="0" mb="0" cb="0"/><counter type="INSTRUCTION" missed="308" covered="0"/><counter type="LINE" missed="1" covered="0"/><counter type="COMPLEXITY" missed="1" covered="0"/><counter type="METHOD" missed="1" covered="0"/><counter type="CLASS" missed="1" covered="0"/></sourcefile><counter type="INSTRUCTION" missed="2872" covered="2844"/><counter type="BRANCH" missed="530" covered="315"/><counter type="LINE" missed="600" covered="480"/><counter type="COMPLEXITY" missed="399" covered="213"/><counter type="METHOD" missed="23" covered="32"/><counter type="CLASS" missed="1" covered="2"/></package><package name="net/sourceforge/pmd/lang/matlab"><class name="net/sourceforge/pmd/lang/matlab/MatlabHandler"><method name="&lt;init&gt;" desc="()V" line="14"><counter type="INSTRUCTION" missed="0" covered="3"/><counter type="LINE" missed="0" covered="1"/><counter type="COMPLEXITY" missed="0" covered="1"/><counter type="METHOD" missed="0" covered="1"/></method><method name="getRuleViolationFactory" desc="()Lnet/sourceforge/pmd/lang/rule/RuleViolationFactory;" line="18"><counter type="INSTRUCTION" missed="5" covered="0"/><counter type="LINE" missed="1" covered="0"/><counter type="COMPLEXITY" missed="1" covered="0"/><counter type="METHOD" missed="1" covered="0"/></method><method name="getParser" desc="(Lnet/sourceforge/pmd/lang/ParserOptions;)Lnet/sourceforge/pmd/lang/Parser;" line="23"><counter type="INSTRUCTION" missed="0" covered="5"/><counter type="LINE" missed="0" covered="1"/><counter type="COMPLEXITY" missed="0" covered="1"/><counter type="METHOD" missed="0" covered="1"/></method><counter type="INSTRUCTION" missed="5" covered="8"/><counter type="LINE" missed="1" covered="2"/><counter type="COMPLEXITY" missed="1" covered="2"/><counter type="METHOD" missed="1" covered="2"/><counter type="CLASS" missed="0" covered="1"/></class><class name="net/sourceforge/pmd/lang/matlab/MatlabTokenManager"><method name="&lt;init&gt;" desc="(Ljava/io/Reader;)V" line="22"><counter type="INSTRUCTION" missed="0" covered="12"/><counter type="LINE" missed="0" covered="3"/><counter type="COMPLEXITY" missed="0" covered="1"/><counter type="METHOD" missed="0" covered="1"/></method><method name="getNextToken" desc="()Ljava/lang/Object;" line="27"><counter type="INSTRUCTION" missed="0" covered="4"/><counter type="LINE" missed="0" covered="1"/><counter type="COMPLEXITY" missed="0" covered="1"/><counter type="METHOD" missed="0" covered="1"/></method><method name="setFileName" desc="(Ljava/lang/String;)V" line="32"><counter type="INSTRUCTION" missed="0" covered="3"/><counter type="LINE" missed="0" covered="2"/><counter type="COMPLEXITY" missed="0" covered="1"/><counter type="METHOD" missed="0" covered="1"/></method><counter type="INSTRUCTION" missed="0" covered="19"/><counter type="LINE" missed="0" covered="6"/><counter type="COMPLEXITY" missed="0" covered="3"/><counter type="METHOD" missed="0" covered="3"/><counter type="CLASS" missed="0" covered="1"/></class><class name="net/sourceforge/pmd/lang/matlab/MatlabParser"><method name="&lt;init&gt;" desc="(Lnet/sourceforge/pmd/lang/ParserOptions;)V" line="26"><counter type="INSTRUCTION" missed="0" covered="4"/><counter type="LINE" missed="0" covered="2"/><counter type="COMPLEXITY" missed="0" covered="1"/><counter type="METHOD" missed="0" covered="1"/></method><method name="createTokenManager" desc="(Ljava/io/Reader;)Lnet/sourceforge/pmd/lang/TokenManager;" line="31"><counter type="INSTRUCTION" missed="0" covered="5"/><counter type="LINE" missed="0" covered="1"/><counter type="COMPLEXITY" missed="0" covered="1"/><counter type="METHOD" missed="0" covered="1"/></method><method name="canParse" desc="()Z" line="36"><counter type="INSTRUCTION" missed="2" covered="0"/><counter type="LINE" missed="1" covered="0"/><counter type="COMPLEXITY" missed="1" covered="0"/><counter type="METHOD" missed="1" covered="0"/></method><method name="parse" desc="(Ljava/lang/String;Ljava/io/Reader;)Lnet/sourceforge/pmd/lang/ast/Node;" line="41"><counter type="INSTRUCTION" missed="7" covered="0"/><counter type="LINE" missed="2" covered="0"/><counter type="COMPLEXITY" missed="1" covered="0"/><counter type="METHOD" missed="1" covered="0"/></method><method name="getSuppressMap" desc="()Ljava/util/Map;" line="47"><counter type="INSTRUCTION" missed="5" covered="0"/><counter type="LINE" missed="1" covered="0"/><counter type="COMPLEXITY" missed="1" covered="0"/><counter type="METHOD" missed="1" covered="0"/></method><counter type="INSTRUCTION" missed="14" covered="9"/><counter type="LINE" missed="4" covered="3"/><counter type="COMPLEXITY" missed="3" covered="2"/><counter type="METHOD" missed="3" covered="2"/><counter type="CLASS" missed="0" covered="1"/></class><class name="net/sourceforge/pmd/lang/matlab/MatlabLanguageModule"><method name="&lt;init&gt;" desc="()V" line="22"><counter type="INSTRUCTION" missed="0" covered="20"/><counter type="LINE" missed="0" covered="3"/><counter type="COMPLEXITY" missed="0" covered="1"/><counter type="METHOD" missed="0" covered="1"/></method><counter type="INSTRUCTION" missed="0" covered="20"/><counter type="LINE" missed="0" covered="3"/><counter type="COMPLEXITY" missed="0" covered="1"/><counter type="METHOD" missed="0" covered="1"/><counter type="CLASS" missed="0" covered="1"/></class><sourcefile name="MatlabTokenManager.java"><line nr="22" mi="0" ci="2" mb="0" cb="0"/><line nr="23" mi="0" ci="9" mb="0" cb="0"/><line nr="24" mi="0" ci="1" mb="0" cb="0"/><line nr="27" mi="0" ci="4" mb="0" cb="0"/><line nr="32" mi="0" ci="2" mb="0" cb="0"/><line nr="33" mi="0" ci="1" mb="0" cb="0"/><counter type="INSTRUCTION" missed="0" covered="19"/><counter type="LINE" missed="0" covered="6"/><counter type="COMPLEXITY" missed="0" covered="3"/><counter type="METHOD" missed="0" covered="3"/><counter type="CLASS" missed="0" covered="1"/></sourcefile><sourcefile name="MatlabLanguageModule.java"><line nr="22" mi="0" ci="12" mb="0" cb="0"/><line nr="23" mi="0" ci="7" mb="0" cb="0"/><line nr="24" mi="0" ci="1" mb="0" cb="0"/><counter type="INSTRUCTION" missed="0" covered="20"/><counter type="LINE" missed="0" covered="3"/><counter type="COMPLEXITY" missed="0" covered="1"/><counter type="METHOD" missed="0" covered="1"/><counter type="CLASS" missed="0" covered="1"/></sourcefile><sourcefile name="MatlabParser.java"><line nr="26" mi="0" ci="3" mb="0" cb="0"/><line nr="27" mi="0" ci="1" mb="0" cb="0"/><line nr="31" mi="0" ci="5" mb="0" cb="0"/><line nr="36" mi="2" ci="0" mb="0" cb="0"/><line nr="41" mi="2" ci="0" mb="0" cb="0"/><line nr="42" mi="5" ci="0" mb="0" cb="0"/><line nr="47" mi="5" ci="0" mb="0" cb="0"/><counter type="INSTRUCTION" missed="14" covered="9"/><counter type="LINE" missed="4" covered="3"/><counter type="COMPLEXITY" missed="3" covered="2"/><counter type="METHOD" missed="3" covered="2"/><counter type="CLASS" missed="0" covered="1"/></sourcefile><sourcefile name="MatlabHandler.java"><line nr="14" mi="0" ci="3" mb="0" cb="0"/><line nr="18" mi="5" ci="0" mb="0" cb="0"/><line nr="23" mi="0" ci="5" mb="0" cb="0"/><counter type="INSTRUCTION" missed="5" covered="8"/><counter type="LINE" missed="1" covered="2"/><counter type="COMPLEXITY" missed="1" covered="2"/><counter type="METHOD" missed="1" covered="2"/><counter type="CLASS" missed="0" covered="1"/></sourcefile><counter type="INSTRUCTION" missed="19" covered="56"/><counter type="LINE" missed="5" covered="14"/><counter type="COMPLEXITY" missed="4" covered="8"/><counter type="METHOD" missed="4" covered="8"/><counter type="CLASS" missed="0" covered="4"/></package><counter type="INSTRUCTION" missed="2932" covered="2973"/><counter type="BRANCH" missed="530" covered="317"/><counter type="LINE" missed="611" covered="510"/><counter type="COMPLEXITY" missed="404" covered="224"/><counter type="METHOD" missed="28" covered="42"/><counter type="CLASS" missed="2" covered="7"/></report>