<?xml version="1.0" encoding="UTF-8" standalone="yes"?><!DOCTYPE report PUBLIC "-//JACOCO//DTD Report 1.0//EN" "report.dtd"><report name="PMD JSP"><sessioninfo id="testing-docker-21e5a998-ce0d-4219-b84c-569882a8bee6-59754771" start="1498929945371" dump="1498929954324"/><package name="net/sourceforge/pmd/lang/jsp"><class name="net/sourceforge/pmd/lang/jsp/JspHandler$1"><method name="&lt;init&gt;" desc="(Lnet/sourceforge/pmd/lang/jsp/JspHandler;)V" line="32"><counter type="INSTRUCTION" missed="0" covered="6"/><counter type="LINE" missed="0" covered="1"/><counter type="COMPLEXITY" missed="0" covered="1"/><counter type="METHOD" missed="0" covered="1"/></method><method name="initialize" desc="()V" line="34"><counter type="INSTRUCTION" missed="0" covered="1"/><counter type="LINE" missed="0" covered="1"/><counter type="COMPLEXITY" missed="0" covered="1"/><counter type="METHOD" missed="0" covered="1"/></method><method name="initialize" desc="(Lnet/sf/saxon/sxpath/IndependentContext;)V" line="37"><counter type="INSTRUCTION" missed="1" covered="0"/><counter type="LINE" missed="1" covered="0"/><counter type="COMPLEXITY" missed="1" covered="0"/><counter type="METHOD" missed="1" covered="0"/></method><counter type="INSTRUCTION" missed="1" covered="7"/><counter type="LINE" missed="1" covered="2"/><counter type="COMPLEXITY" missed="1" covered="2"/><counter type="METHOD" missed="1" covered="2"/><counter type="CLASS" missed="0" covered="1"/></class><class name="net/sourceforge/pmd/lang/jsp/JspHandler$2"><method name="&lt;init&gt;" desc="(Lnet/sourceforge/pmd/lang/jsp/JspHandler;Ljava/io/Writer;Ljava/lang/String;Z)V" line="51"><counter type="INSTRUCTION" missed="15" covered="0"/><counter type="LINE" missed="1" covered="0"/><counter type="COMPLEXITY" missed="1" covered="0"/><counter type="METHOD" missed="1" covered="0"/></method><method name="start" desc="(Lnet/sourceforge/pmd/lang/ast/Node;)V" line="53"><counter type="INSTRUCTION" missed="13" covered="0"/><counter type="LINE" missed="2" covered="0"/><counter type="COMPLEXITY" missed="1" covered="0"/><counter type="METHOD" missed="1" covered="0"/></method><counter type="INSTRUCTION" missed="28" covered="0"/><counter type="LINE" missed="3" covered="0"/><counter type="COMPLEXITY" missed="2" covered="0"/><counter type="METHOD" missed="2" covered="0"/><counter type="CLASS" missed="1" covered="0"/></class><class name="net/sourceforge/pmd/lang/jsp/JspLanguageModule"><method name="&lt;init&gt;" desc="()V" line="19"><counter type="INSTRUCTION" missed="0" covered="20"/><counter type="LINE" missed="0" covered="3"/><counter type="COMPLEXITY" missed="0" covered="1"/><counter type="METHOD" missed="0" covered="1"/></method><counter type="INSTRUCTION" missed="0" covered="20"/><counter type="LINE" missed="0" covered="3"/><counter type="COMPLEXITY" missed="0" covered="1"/><counter type="METHOD" missed="0" covered="1"/><counter type="CLASS" missed="0" covered="1"/></class><class name="net/sourceforge/pmd/lang/jsp/JspParser"><method name="&lt;init&gt;" desc="(Lnet/sourceforge/pmd/lang/ParserOptions;)V" line="25"><counter type="INSTRUCTION" missed="0" covered="4"/><counter type="LINE" missed="0" covered="2"/><counter type="COMPLEXITY" missed="0" covered="1"/><counter type="METHOD" missed="0" covered="1"/></method><method name="createTokenManager" desc="(Ljava/io/Reader;)Lnet/sourceforge/pmd/lang/TokenManager;" line="30"><counter type="INSTRUCTION" missed="5" covered="0"/><counter type="LINE" missed="1" covered="0"/><counter type="COMPLEXITY" missed="1" covered="0"/><counter type="METHOD" missed="1" covered="0"/></method><method name="canParse" desc="()Z" line="34"><counter type="INSTRUCTION" missed="2" covered="0"/><counter type="LINE" missed="1" covered="0"/><counter type="COMPLEXITY" missed="1" covered="0"/><counter type="METHOD" missed="1" covered="0"/></method><method name="parse" desc="(Ljava/lang/String;Ljava/io/Reader;)Lnet/sourceforge/pmd/lang/ast/Node;" line="38"><counter type="INSTRUCTION" missed="0" covered="11"/><counter type="LINE" missed="0" covered="2"/><counter type="COMPLEXITY" missed="0" covered="1"/><counter type="METHOD" missed="0" covered="1"/></method><method name="getSuppressMap" desc="()Ljava/util/Map;" line="43"><counter type="INSTRUCTION" missed="0" covered="4"/><counter type="LINE" missed="0" covered="1"/><counter type="COMPLEXITY" missed="0" covered="1"/><counter type="METHOD" missed="0" covered="1"/></method><counter type="INSTRUCTION" missed="7" covered="19"/><counter type="LINE" missed="2" covered="5"/><counter type="COMPLEXITY" missed="2" covered="3"/><counter type="METHOD" missed="2" covered="3"/><counter type="CLASS" missed="0" covered="1"/></class><class name="net/sourceforge/pmd/lang/jsp/JspHandler"><method name="&lt;init&gt;" desc="()V" line="28"><counter type="INSTRUCTION" missed="0" covered="3"/><counter type="LINE" missed="0" covered="1"/><counter type="COMPLEXITY" missed="0" covered="1"/><counter type="METHOD" missed="0" covered="1"/></method><method name="getXPathHandler" desc="()Lnet/sourceforge/pmd/lang/XPathHandler;" line="32"><counter type="INSTRUCTION" missed="0" covered="5"/><counter type="LINE" missed="0" covered="1"/><counter type="COMPLEXITY" missed="0" covered="1"/><counter type="METHOD" missed="0" covered="1"/></method><method name="getRuleViolationFactory" desc="()Lnet/sourceforge/pmd/lang/rule/RuleViolationFactory;" line="42"><counter type="INSTRUCTION" missed="0" covered="2"/><counter type="LINE" missed="0" covered="1"/><counter type="COMPLEXITY" missed="0" covered="1"/><counter type="METHOD" missed="0" covered="1"/></method><method name="getParser" desc="(Lnet/sourceforge/pmd/lang/ParserOptions;)Lnet/sourceforge/pmd/lang/Parser;" line="46"><counter type="INSTRUCTION" missed="0" covered="5"/><counter type="LINE" missed="0" covered="1"/><counter type="COMPLEXITY" missed="0" covered="1"/><counter type="METHOD" missed="0" covered="1"/></method><method name="getDumpFacade" desc="(Ljava/io/Writer;Ljava/lang/String;Z)Lnet/sourceforge/pmd/lang/VisitorStarter;" line="51"><counter type="INSTRUCTION" missed="8" covered="0"/><counter type="LINE" missed="1" covered="0"/><counter type="COMPLEXITY" missed="1" covered="0"/><counter type="METHOD" missed="1" covered="0"/></method><counter type="INSTRUCTION" missed="8" covered="15"/><counter type="LINE" missed="1" covered="4"/><counter type="COMPLEXITY" missed="1" covered="4"/><counter type="METHOD" missed="1" covered="4"/><counter type="CLASS" missed="0" covered="1"/></class><class name="net/sourceforge/pmd/lang/jsp/JspTokenManager"><method name="&lt;init&gt;" desc="(Ljava/io/Reader;)V" line="19"><counter type="INSTRUCTION" missed="12" covered="0"/><counter type="LINE" missed="3" covered="0"/><counter type="COMPLEXITY" missed="1" covered="0"/><counter type="METHOD" missed="1" covered="0"/></method><method name="getNextToken" desc="()Ljava/lang/Object;" line="24"><counter type="INSTRUCTION" missed="4" covered="0"/><counter type="LINE" missed="1" covered="0"/><counter type="COMPLEXITY" missed="1" covered="0"/><counter type="METHOD" missed="1" covered="0"/></method><method name="setFileName" desc="(Ljava/lang/String;)V" line="28"><counter type="INSTRUCTION" missed="3" covered="0"/><counter type="LINE" missed="2" covered="0"/><counter type="COMPLEXITY" missed="1" covered="0"/><counter type="METHOD" missed="1" covered="0"/></method><counter type="INSTRUCTION" missed="19" covered="0"/><counter type="LINE" missed="6" covered="0"/><counter type="COMPLEXITY" missed="3" covered="0"/><counter type="METHOD" missed="3" covered="0"/><counter type="CLASS" missed="1" covered="0"/></class><sourcefile name="JspLanguageModule.java"><line nr="19" mi="0" ci="12" mb="0" cb="0"/><line nr="20" mi="0" ci="7" mb="0" cb="0"/><line nr="21" mi="0" ci="1" mb="0" cb="0"/><counter type="INSTRUCTION" missed="0" covered="20"/><counter type="LINE" missed="0" covered="3"/><counter type="COMPLEXITY" missed="0" covered="1"/><counter type="METHOD" missed="0" covered="1"/><counter type="CLASS" missed="0" covered="1"/></sourcefile><sourcefile name="JspTokenManager.java"><line nr="19" mi="2" ci="0" mb="0" cb="0"/><line nr="20" mi="9" ci="0" mb="0" cb="0"/><line nr="21" mi="1" ci="0" mb="0" cb="0"/><line nr="24" mi="4" ci="0" mb="0" cb="0"/><line nr="28" mi="2" ci="0" mb="0" cb="0"/><line nr="29" mi="1" ci="0" mb="0" cb="0"/><counter type="INSTRUCTION" missed="19" covered="0"/><counter type="LINE" missed="6" covered="0"/><counter type="COMPLEXITY" missed="3" covered="0"/><counter type="METHOD" missed="3" covered="0"/><counter type="CLASS" missed="1" covered="0"/></sourcefile><sourcefile name="JspParser.java"><line nr="25" mi="0" ci="3" mb="0" cb="0"/><line nr="26" mi="0" ci="1" mb="0" cb="0"/><line nr="30" mi="5" ci="0" mb="0" cb="0"/><line nr="34" mi="2" ci="0" mb="0" cb="0"/><line nr="38" mi="0" ci="2" mb="0" cb="0"/><line nr="39" mi="0" ci="9" mb="0" cb="0"/><line nr="43" mi="0" ci="4" mb="0" cb="0"/><counter type="INSTRUCTION" missed="7" covered="19"/><counter type="LINE" missed="2" covered="5"/><counter type="COMPLEXITY" missed="2" covered="3"/><counter type="METHOD" missed="2" covered="3"/><counter type="CLASS" missed="0" covered="1"/></sourcefile><sourcefile name="JspHandler.java"><line nr="28" mi="0" ci="3" mb="0" cb="0"/><line nr="32" mi="0" ci="11" mb="0" cb="0"/><line nr="34" mi="0" ci="1" mb="0" cb="0"/><line nr="37" mi="1" ci="0" mb="0" cb="0"/><line nr="42" mi="0" ci="2" mb="0" cb="0"/><line nr="46" mi="0" ci="5" mb="0" cb="0"/><line nr="51" mi="23" ci="0" mb="0" cb="0"/><line nr="53" mi="12" ci="0" mb="0" cb="0"/><line nr="54" mi="1" ci="0" mb="0" cb="0"/><counter type="INSTRUCTION" missed="37" covered="22"/><counter type="LINE" missed="4" covered="5"/><counter type="COMPLEXITY" missed="4" covered="6"/><counter type="METHOD" missed="4" covered="6"/><counter type="CLASS" missed="1" covered="2"/></sourcefile><counter type="INSTRUCTION" missed="63" covered="61"/><counter type="LINE" missed="12" covered="13"/><counter type="COMPLEXITY" missed="9" covered="10"/><counter type="METHOD" missed="9" covered="10"/><counter type="CLASS" missed="2" covered="4"/></package><package name="net/sourceforge/pmd/lang/jsp/rule/basic"><class name="net/sourceforge/pmd/lang/jsp/rule/basic/DuplicateJspImportsRule"><method name="&lt;init&gt;" desc="()V" line="18"><counter type="INSTRUCTION" missed="0" covered="8"/><counter type="LINE" missed="0" covered="2"/><counter type="COMPLEXITY" missed="0" covered="1"/><counter type="METHOD" missed="0" covered="1"/></method><method name="apply" desc="(Ljava/util/List;Lnet/sourceforge/pmd/RuleContext;)V" line="29"><counter type="INSTRUCTION" missed="0" covered="8"/><counter type="LINE" missed="0" covered="3"/><counter type="COMPLEXITY" missed="0" covered="1"/><counter type="METHOD" missed="0" covered="1"/></method><method name="visit" desc="(Lnet/sourceforge/pmd/lang/jsp/ast/ASTJspDirectiveAttribute;Ljava/lang/Object;)Ljava/lang/Object;" line="36"><counter type="INSTRUCTION" missed="0" covered="61"/><counter type="BRANCH" missed="0" covered="6"/><counter type="LINE" missed="0" covered="12"/><counter type="COMPLEXITY" missed="0" covered="4"/><counter type="METHOD" missed="0" covered="1"/></method><counter type="INSTRUCTION" missed="0" covered="77"/><counter type="BRANCH" missed="0" covered="6"/><counter type="LINE" missed="0" covered="17"/><counter type="COMPLEXITY" missed="0" covered="6"/><counter type="METHOD" missed="0" covered="3"/><counter type="CLASS" missed="0" covered="1"/></class><class name="net/sourceforge/pmd/lang/jsp/rule/basic/NoUnsanitizedJSPExpressionRule"><method name="&lt;init&gt;" desc="()V" line="17"><counter type="INSTRUCTION" missed="0" covered="3"/><counter type="LINE" missed="0" covered="1"/><counter type="COMPLEXITY" missed="0" covered="1"/><counter type="METHOD" missed="0" covered="1"/></method><method name="visit" desc="(Lnet/sourceforge/pmd/lang/jsp/ast/ASTElExpression;Ljava/lang/Object;)Ljava/lang/Object;" line="20"><counter type="INSTRUCTION" missed="0" covered="13"/><counter type="BRANCH" missed="0" covered="2"/><counter type="LINE" missed="0" covered="3"/><counter type="COMPLEXITY" missed="0" covered="2"/><counter type="METHOD" missed="0" covered="1"/></method><method name="elOutsideTaglib" desc="(Lnet/sourceforge/pmd/lang/jsp/ast/ASTElExpression;)Z" line="28"><counter type="INSTRUCTION" missed="0" covered="39"/><counter type="BRANCH" missed="2" covered="12"/><counter type="LINE" missed="0" covered="4"/><counter type="COMPLEXITY" missed="2" covered="6"/><counter type="METHOD" missed="0" covered="1"/></method><counter type="INSTRUCTION" missed="0" covered="55"/><counter type="BRANCH" missed="2" covered="14"/><counter type="LINE" missed="0" covered="8"/><counter type="COMPLEXITY" missed="2" covered="9"/><counter type="METHOD" missed="0" covered="3"/><counter type="CLASS" missed="0" covered="1"/></class><class name="net/sourceforge/pmd/lang/jsp/rule/basic/NoInlineStyleInformationRule"><method name="&lt;init&gt;" desc="()V" line="20"><counter type="INSTRUCTION" missed="0" covered="3"/><counter type="LINE" missed="0" covered="1"/><counter type="COMPLEXITY" missed="0" covered="1"/><counter type="METHOD" missed="0" covered="1"/></method><method name="visit" desc="(Lnet/sourceforge/pmd/lang/jsp/ast/ASTAttribute;Ljava/lang/Object;)Ljava/lang/Object;" line="44"><counter type="INSTRUCTION" missed="0" covered="13"/><counter type="BRANCH" missed="0" covered="2"/><counter type="LINE" missed="0" covered="3"/><counter type="COMPLEXITY" missed="0" covered="2"/><counter type="METHOD" missed="0" covered="1"/></method><method name="visit" desc="(Lnet/sourceforge/pmd/lang/jsp/ast/ASTElement;Ljava/lang/Object;)Ljava/lang/Object;" line="52"><counter type="INSTRUCTION" missed="0" covered="13"/><counter type="BRANCH" missed="0" covered="2"/><counter type="LINE" missed="0" covered="3"/><counter type="COMPLEXITY" missed="0" covered="2"/><counter type="METHOD" missed="0" covered="1"/></method><method name="isStyleElement" desc="(Lnet/sourceforge/pmd/lang/jsp/ast/ASTElement;)Z" line="67"><counter type="INSTRUCTION" missed="0" covered="6"/><counter type="LINE" missed="0" covered="1"/><counter type="COMPLEXITY" missed="0" covered="1"/><counter type="METHOD" missed="0" covered="1"/></method><method name="isStyleAttribute" desc="(Lnet/sourceforge/pmd/lang/jsp/ast/ASTAttribute;)Z" line="80"><counter type="INSTRUCTION" missed="0" covered="24"/><counter type="BRANCH" missed="2" covered="4"/><counter type="LINE" missed="0" covered="6"/><counter type="COMPLEXITY" missed="2" covered="2"/><counter type="METHOD" missed="0" covered="1"/></method><method name="&lt;clinit&gt;" desc="()V" line="27"><counter type="INSTRUCTION" missed="0" covered="105"/><counter type="LINE" missed="0" covered="3"/><counter type="COMPLEXITY" missed="0" covered="1"/><counter type="METHOD" missed="0" covered="1"/></method><counter type="INSTRUCTION" missed="0" covered="164"/><counter type="BRANCH" missed="2" covered="8"/><counter type="LINE" missed="0" covered="17"/><counter type="COMPLEXITY" missed="2" covered="9"/><counter type="METHOD" missed="0" covered="6"/><counter type="CLASS" missed="0" covered="1"/></class><sourcefile name="DuplicateJspImportsRule.java"><line nr="18" mi="0" ci="2" mb="0" cb="0"/><line nr="20" mi="0" ci="6" mb="0" cb="0"/><line nr="29" mi="0" ci="3" mb="0" cb="0"/><line nr="30" mi="0" ci="4" mb="0" cb="0"/><line nr="31" mi="0" ci="1" mb="0" cb="0"/><line nr="36" mi="0" ci="5" mb="0" cb="2"/><line nr="37" mi="0" ci="5" mb="0" cb="0"/><line nr="39" mi="0" ci="3" mb="0" cb="0"/><line nr="40" mi="0" ci="6" mb="0" cb="0"/><line nr="41" mi="0" ci="3" mb="0" cb="0"/><line nr="42" mi="0" ci="7" mb="0" cb="2"/><line nr="43" mi="0" ci="3" mb="0" cb="0"/><line nr="44" mi="0" ci="7" mb="0" cb="0"/><line nr="45" mi="0" ci="5" mb="0" cb="2"/><line nr="46" mi="0" ci="7" mb="0" cb="0"/><line nr="48" mi="0" ci="5" mb="0" cb="0"/><line nr="51" mi="0" ci="5" mb="0" cb="0"/><counter type="INSTRUCTION" missed="0" covered="77"/><counter type="BRANCH" missed="0" covered="6"/><counter type="LINE" missed="0" covered="17"/><counter type="COMPLEXITY" missed="0" covered="6"/><counter type="METHOD" missed="0" covered="3"/><counter type="CLASS" missed="0" covered="1"/></sourcefile><sourcefile name="NoUnsanitizedJSPExpressionRule.java"><line nr="17" mi="0" ci="3" mb="0" cb="0"/><line nr="20" mi="0" ci="4" mb="0" cb="2"/><line nr="21" mi="0" ci="4" mb="0" cb="0"/><line nr="24" mi="0" ci="5" mb="0" cb="0"/><line nr="28" mi="0" ci="5" mb="0" cb="0"/><line nr="30" mi="0" ci="14" mb="1" cb="5"/><line nr="33" mi="0" ci="12" mb="1" cb="3"/><line nr="35" mi="0" ci="8" mb="0" cb="4"/><counter type="INSTRUCTION" missed="0" covered="55"/><counter type="BRANCH" missed="2" covered="14"/><counter type="LINE" missed="0" covered="8"/><counter type="COMPLEXITY" missed="2" covered="9"/><counter type="METHOD" missed="0" covered="3"/><counter type="CLASS" missed="0" covered="1"/></sourcefile><sourcefile name="NoInlineStyleInformationRule.java"><line nr="20" mi="0" ci="3" mb="0" cb="0"/><line nr="27" mi="0" ci="28" mb="0" cb="0"/><line nr="33" mi="0" ci="40" mb="0" cb="0"/><line nr="40" mi="0" ci="37" mb="0" cb="0"/><line nr="44" mi="0" ci="4" mb="0" cb="2"/><line nr="45" mi="0" ci="4" mb="0" cb="0"/><line nr="48" mi="0" ci="5" mb="0" cb="0"/><line nr="52" mi="0" ci="4" mb="0" cb="2"/><line nr="53" mi="0" ci="4" mb="0" cb="0"/><line nr="56" mi="0" ci="5" mb="0" cb="0"/><line nr="67" mi="0" ci="6" mb="0" cb="0"/><line nr="80" mi="0" ci="6" mb="0" cb="2"/><line nr="81" mi="0" ci="4" mb="1" cb="1"/><line nr="82" mi="0" ci="4" mb="0" cb="0"/><line nr="83" mi="0" ci="6" mb="1" cb="1"/><line nr="84" mi="0" ci="2" mb="0" cb="0"/><line nr="89" mi="0" ci="2" mb="0" cb="0"/><counter type="INSTRUCTION" missed="0" covered="164"/><counter type="BRANCH" missed="2" covered="8"/><counter type="LINE" missed="0" covered="17"/><counter type="COMPLEXITY" missed="2" covered="9"/><counter type="METHOD" missed="0" covered="6"/><counter type="CLASS" missed="0" covered="1"/></sourcefile><counter type="INSTRUCTION" missed="0" covered="296"/><counter type="BRANCH" missed="4" covered="28"/><counter type="LINE" missed="0" covered="42"/><counter type="COMPLEXITY" missed="4" covered="24"/><counter type="METHOD" missed="0" covered="12"/><counter type="CLASS" missed="0" covered="3"/></package><package name="net/sourceforge/pmd/lang/jsp/rule"><class name="net/sourceforge/pmd/lang/jsp/rule/JspRuleChainVisitor"><method name="&lt;init&gt;" desc="()V" line="19"><counter type="INSTRUCTION" missed="0" covered="3"/><counter type="LINE" missed="0" covered="1"/><counter type="COMPLEXITY" missed="0" covered="1"/><counter type="METHOD" missed="0" covered="1"/></method><method name="indexNodes" desc="(Ljava/util/List;Lnet/sourceforge/pmd/RuleContext;)V" line="22"><counter type="INSTRUCTION" missed="0" covered="22"/><counter type="BRANCH" missed="0" covered="2"/><counter type="LINE" missed="0" covered="4"/><counter type="COMPLEXITY" missed="0" covered="2"/><counter type="METHOD" missed="0" covered="1"/></method><method name="visit" desc="(Lnet/sourceforge/pmd/Rule;Lnet/sourceforge/pmd/lang/ast/Node;Lnet/sourceforge/pmd/RuleContext;)V" line="38"><counter type="INSTRUCTION" missed="8" covered="9"/><counter type="BRANCH" missed="1" covered="1"/><counter type="LINE" missed="1" covered="3"/><counter type="COMPLEXITY" missed="1" covered="1"/><counter type="METHOD" missed="0" covered="1"/></method><counter type="INSTRUCTION" missed="8" covered="34"/><counter type="BRANCH" missed="1" covered="3"/><counter type="LINE" missed="1" covered="8"/><counter type="COMPLEXITY" missed="1" covered="4"/><counter type="METHOD" missed="0" covered="3"/><counter type="CLASS" missed="0" covered="1"/></class><class name="net/sourceforge/pmd/lang/jsp/rule/JspRuleViolationFactory"><method name="&lt;init&gt;" desc="()V" line="20"><counter type="INSTRUCTION" missed="0" covered="3"/><counter type="LINE" missed="0" covered="2"/><counter type="COMPLEXITY" missed="0" covered="1"/><counter type="METHOD" missed="0" covered="1"/></method><method name="createRuleViolation" desc="(Lnet/sourceforge/pmd/Rule;Lnet/sourceforge/pmd/RuleContext;Lnet/sourceforge/pmd/lang/ast/Node;Ljava/lang/String;)Lnet/sourceforge/pmd/RuleViolation;" line="25"><counter type="INSTRUCTION" missed="0" covered="9"/><counter type="LINE" missed="0" covered="1"/><counter type="COMPLEXITY" missed="0" covered="1"/><counter type="METHOD" missed="0" covered="1"/></method><method name="createRuleViolation" desc="(Lnet/sourceforge/pmd/Rule;Lnet/sourceforge/pmd/RuleContext;Lnet/sourceforge/pmd/lang/ast/Node;Ljava/lang/String;II)Lnet/sourceforge/pmd/RuleViolation;" line="30"><counter type="INSTRUCTION" missed="2" covered="0"/><counter type="LINE" missed="1" covered="0"/><counter type="COMPLEXITY" missed="1" covered="0"/><counter type="METHOD" missed="1" covered="0"/></method><method name="&lt;clinit&gt;" desc="()V" line="18"><counter type="INSTRUCTION" missed="0" covered="5"/><counter type="LINE" missed="0" covered="1"/><counter type="COMPLEXITY" missed="0" covered="1"/><counter type="METHOD" missed="0" covered="1"/></method><counter type="INSTRUCTION" missed="2" covered="17"/><counter type="LINE" missed="1" covered="4"/><counter type="COMPLEXITY" missed="1" covered="3"/><counter type="METHOD" missed="1" covered="3"/><counter type="CLASS" missed="0" covered="1"/></class><class name="net/sourceforge/pmd/lang/jsp/rule/JspRuleChainVisitor$1"><method name="&lt;init&gt;" desc="(Lnet/sourceforge/pmd/lang/jsp/rule/JspRuleChainVisitor;)V" line="22"><counter type="INSTRUCTION" missed="0" covered="6"/><counter type="LINE" missed="0" covered="1"/><counter type="COMPLEXITY" missed="0" covered="1"/><counter type="METHOD" missed="0" covered="1"/></method><method name="visit" desc="(Lnet/sourceforge/pmd/lang/jsp/ast/JspNode;Ljava/lang/Object;)Ljava/lang/Object;" line="26"><counter type="INSTRUCTION" missed="0" covered="9"/><counter type="LINE" missed="0" covered="2"/><counter type="COMPLEXITY" missed="0" covered="1"/><counter type="METHOD" missed="0" covered="1"/></method><counter type="INSTRUCTION" missed="0" covered="15"/><counter type="LINE" missed="0" covered="3"/><counter type="COMPLEXITY" missed="0" covered="2"/><counter type="METHOD" missed="0" covered="2"/><counter type="CLASS" missed="0" covered="1"/></class><class name="net/sourceforge/pmd/lang/jsp/rule/AbstractJspRule"><method name="&lt;init&gt;" desc="()V" line="42"><counter type="INSTRUCTION" missed="0" covered="7"/><counter type="LINE" missed="0" covered="3"/><counter type="COMPLEXITY" missed="0" covered="1"/><counter type="METHOD" missed="0" covered="1"/></method><method name="setUsesTypeResolution" desc="()V" line="49"><counter type="INSTRUCTION" missed="1" covered="0"/><counter type="LINE" missed="1" covered="0"/><counter type="COMPLEXITY" missed="1" covered="0"/><counter type="METHOD" missed="1" covered="0"/></method><method name="apply" desc="(Ljava/util/List;Lnet/sourceforge/pmd/RuleContext;)V" line="52"><counter type="INSTRUCTION" missed="0" covered="5"/><counter type="LINE" missed="0" covered="2"/><counter type="COMPLEXITY" missed="0" covered="1"/><counter type="METHOD" missed="0" covered="1"/></method><method name="visitAll" desc="(Ljava/util/List;Lnet/sourceforge/pmd/RuleContext;)V" line="56"><counter type="INSTRUCTION" missed="0" covered="19"/><counter type="BRANCH" missed="0" covered="2"/><counter type="LINE" missed="0" covered="5"/><counter type="COMPLEXITY" missed="0" covered="2"/><counter type="METHOD" missed="0" covered="1"/></method><method name="visit" desc="(Lnet/sourceforge/pmd/lang/jsp/ast/JspNode;Ljava/lang/Object;)Ljava/lang/Object;" line="69"><counter type="INSTRUCTION" missed="0" covered="7"/><counter type="LINE" missed="0" covered="2"/><counter type="COMPLEXITY" missed="0" covered="1"/><counter type="METHOD" missed="0" covered="1"/></method><method name="visit" desc="(Lnet/sourceforge/pmd/lang/jsp/ast/ASTCompilationUnit;Ljava/lang/Object;)Ljava/lang/Object;" line="74"><counter type="INSTRUCTION" missed="5" covered="0"/><counter type="LINE" missed="1" covered="0"/><counter type="COMPLEXITY" missed="1" covered="0"/><counter type="METHOD" missed="1" covered="0"/></method><method name="visit" desc="(Lnet/sourceforge/pmd/lang/jsp/ast/ASTContent;Ljava/lang/Object;)Ljava/lang/Object;" line="78"><counter type="INSTRUCTION" missed="0" covered="5"/><counter type="LINE" missed="0" covered="1"/><counter type="COMPLEXITY" missed="0" covered="1"/><counter type="METHOD" missed="0" covered="1"/></method><method name="visit" desc="(Lnet/sourceforge/pmd/lang/jsp/ast/ASTJspDirective;Ljava/lang/Object;)Ljava/lang/Object;" line="82"><counter type="INSTRUCTION" missed="0" covered="5"/><counter type="LINE" missed="0" covered="1"/><counter type="COMPLEXITY" missed="0" covered="1"/><counter type="METHOD" missed="0" covered="1"/></method><method name="visit" desc="(Lnet/sourceforge/pmd/lang/jsp/ast/ASTJspDirectiveAttribute;Ljava/lang/Object;)Ljava/lang/Object;" line="86"><counter type="INSTRUCTION" missed="0" covered="5"/><counter type="LINE" missed="0" covered="1"/><counter type="COMPLEXITY" missed="0" covered="1"/><counter type="METHOD" missed="0" covered="1"/></method><method name="visit" desc="(Lnet/sourceforge/pmd/lang/jsp/ast/ASTJspScriptlet;Ljava/lang/Object;)Ljava/lang/Object;" line="90"><counter type="INSTRUCTION" missed="5" covered="0"/><counter type="LINE" missed="1" covered="0"/><counter type="COMPLEXITY" missed="1" covered="0"/><counter type="METHOD" missed="1" covered="0"/></method><method name="visit" desc="(Lnet/sourceforge/pmd/lang/jsp/ast/ASTJspExpression;Ljava/lang/Object;)Ljava/lang/Object;" line="94"><counter type="INSTRUCTION" missed="5" covered="0"/><counter type="LINE" missed="1" covered="0"/><counter type="COMPLEXITY" missed="1" covered="0"/><counter type="METHOD" missed="1" covered="0"/></method><method name="visit" desc="(Lnet/sourceforge/pmd/lang/jsp/ast/ASTJspDeclaration;Ljava/lang/Object;)Ljava/lang/Object;" line="98"><counter type="INSTRUCTION" missed="5" covered="0"/><counter type="LINE" missed="1" covered="0"/><counter type="COMPLEXITY" missed="1" covered="0"/><counter type="METHOD" missed="1" covered="0"/></method><method name="visit" desc="(Lnet/sourceforge/pmd/lang/jsp/ast/ASTJspComment;Ljava/lang/Object;)Ljava/lang/Object;" line="102"><counter type="INSTRUCTION" missed="5" covered="0"/><counter type="LINE" missed="1" covered="0"/><counter type="COMPLEXITY" missed="1" covered="0"/><counter type="METHOD" missed="1" covered="0"/></method><method name="visit" desc="(Lnet/sourceforge/pmd/lang/jsp/ast/ASTText;Ljava/lang/Object;)Ljava/lang/Object;" line="106"><counter type="INSTRUCTION" missed="0" covered="5"/><counter type="LINE" missed="0" covered="1"/><counter type="COMPLEXITY" missed="0" covered="1"/><counter type="METHOD" missed="0" covered="1"/></method><method name="visit" desc="(Lnet/sourceforge/pmd/lang/jsp/ast/ASTUnparsedText;Ljava/lang/Object;)Ljava/lang/Object;" line="110"><counter type="INSTRUCTION" missed="0" covered="5"/><counter type="LINE" missed="0" covered="1"/><counter type="COMPLEXITY" missed="0" covered="1"/><counter type="METHOD" missed="0" covered="1"/></method><method name="visit" desc="(Lnet/sourceforge/pmd/lang/jsp/ast/ASTElExpression;Ljava/lang/Object;)Ljava/lang/Object;" line="114"><counter type="INSTRUCTION" missed="0" covered="5"/><counter type="LINE" missed="0" covered="1"/><counter type="COMPLEXITY" missed="0" covered="1"/><counter type="METHOD" missed="0" covered="1"/></method><method name="visit" desc="(Lnet/sourceforge/pmd/lang/jsp/ast/ASTValueBinding;Ljava/lang/Object;)Ljava/lang/Object;" line="118"><counter type="INSTRUCTION" missed="5" covered="0"/><counter type="LINE" missed="1" covered="0"/><counter type="COMPLEXITY" missed="1" covered="0"/><counter type="METHOD" missed="1" covered="0"/></method><method name="visit" desc="(Lnet/sourceforge/pmd/lang/jsp/ast/ASTCData;Ljava/lang/Object;)Ljava/lang/Object;" line="122"><counter type="INSTRUCTION" missed="5" covered="0"/><counter type="LINE" missed="1" covered="0"/><counter type="COMPLEXITY" missed="1" covered="0"/><counter type="METHOD" missed="1" covered="0"/></method><method name="visit" desc="(Lnet/sourceforge/pmd/lang/jsp/ast/ASTElement;Ljava/lang/Object;)Ljava/lang/Object;" line="126"><counter type="INSTRUCTION" missed="0" covered="5"/><counter type="LINE" missed="0" covered="1"/><counter type="COMPLEXITY" missed="0" covered="1"/><counter type="METHOD" missed="0" covered="1"/></method><method name="visit" desc="(Lnet/sourceforge/pmd/lang/jsp/ast/ASTAttribute;Ljava/lang/Object;)Ljava/lang/Object;" line="130"><counter type="INSTRUCTION" missed="0" covered="5"/><counter type="LINE" missed="0" covered="1"/><counter type="COMPLEXITY" missed="0" covered="1"/><counter type="METHOD" missed="0" covered="1"/></method><method name="visit" desc="(Lnet/sourceforge/pmd/lang/jsp/ast/ASTAttributeValue;Ljava/lang/Object;)Ljava/lang/Object;" line="134"><counter type="INSTRUCTION" missed="0" covered="5"/><counter type="LINE" missed="0" covered="1"/><counter type="COMPLEXITY" missed="0" covered="1"/><counter type="METHOD" missed="0" covered="1"/></method><method name="visit" desc="(Lnet/sourceforge/pmd/lang/jsp/ast/ASTJspExpressionInAttribute;Ljava/lang/Object;)Ljava/lang/Object;" line="138"><counter type="INSTRUCTION" missed="5" covered="0"/><counter type="LINE" missed="1" covered="0"/><counter type="COMPLEXITY" missed="1" covered="0"/><counter type="METHOD" missed="1" covered="0"/></method><method name="visit" desc="(Lnet/sourceforge/pmd/lang/jsp/ast/ASTCommentTag;Ljava/lang/Object;)Ljava/lang/Object;" line="142"><counter type="INSTRUCTION" missed="5" covered="0"/><counter type="LINE" missed="1" covered="0"/><counter type="COMPLEXITY" missed="1" covered="0"/><counter type="METHOD" missed="1" covered="0"/></method><method name="visit" desc="(Lnet/sourceforge/pmd/lang/jsp/ast/ASTDeclaration;Ljava/lang/Object;)Ljava/lang/Object;" line="146"><counter type="INSTRUCTION" missed="5" covered="0"/><counter type="LINE" missed="1" covered="0"/><counter type="COMPLEXITY" missed="1" covered="0"/><counter type="METHOD" missed="1" covered="0"/></method><method name="visit" desc="(Lnet/sourceforge/pmd/lang/jsp/ast/ASTDoctypeDeclaration;Ljava/lang/Object;)Ljava/lang/Object;" line="150"><counter type="INSTRUCTION" missed="5" covered="0"/><counter type="LINE" missed="1" covered="0"/><counter type="COMPLEXITY" missed="1" covered="0"/><counter type="METHOD" missed="1" covered="0"/></method><method name="visit" desc="(Lnet/sourceforge/pmd/lang/jsp/ast/ASTDoctypeExternalId;Ljava/lang/Object;)Ljava/lang/Object;" line="154"><counter type="INSTRUCTION" missed="5" covered="0"/><counter type="LINE" missed="1" covered="0"/><counter type="COMPLEXITY" missed="1" covered="0"/><counter type="METHOD" missed="1" covered="0"/></method><method name="visit" desc="(Lnet/sourceforge/pmd/lang/jsp/ast/ASTHtmlScript;Ljava/lang/Object;)Ljava/lang/Object;" line="158"><counter type="INSTRUCTION" missed="5" covered="0"/><counter type="LINE" missed="1" covered="0"/><counter type="COMPLEXITY" missed="1" covered="0"/><counter type="METHOD" missed="1" covered="0"/></method><counter type="INSTRUCTION" missed="66" covered="83"/><counter type="BRANCH" missed="0" covered="2"/><counter type="LINE" missed="14" covered="21"/><counter type="COMPLEXITY" missed="14" covered="14"/><counter type="METHOD" missed="14" covered="13"/><counter type="CLASS" missed="0" covered="1"/></class><sourcefile name="AbstractJspRule.java"><line nr="42" mi="0" ci="2" mb="0" cb="0"/><line nr="43" mi="0" ci="4" mb="0" cb="0"/><line nr="44" mi="0" ci="1" mb="0" cb="0"/><line nr="49" mi="1" ci="0" mb="0" cb="0"/><line nr="52" mi="0" ci="4" mb="0" cb="0"/><line nr="53" mi="0" ci="1" mb="0" cb="0"/><line nr="56" mi="0" ci="9" mb="0" cb="2"/><line nr="57" mi="0" ci="3" mb="0" cb="0"/><line nr="58" mi="0" ci="5" mb="0" cb="0"/><line nr="59" mi="0" ci="1" mb="0" cb="0"/><line nr="60" mi="0" ci="1" mb="0" cb="0"/><line nr="69" mi="0" ci="5" mb="0" cb="0"/><line nr="70" mi="0" ci="2" mb="0" cb="0"/><line nr="74" mi="5" ci="0" mb="0" cb="0"/><line nr="78" mi="0" ci="5" mb="0" cb="0"/><line nr="82" mi="0" ci="5" mb="0" cb="0"/><line nr="86" mi="0" ci="5" mb="0" cb="0"/><line nr="90" mi="5" ci="0" mb="0" cb="0"/><line nr="94" mi="5" ci="0" mb="0" cb="0"/><line nr="98" mi="5" ci="0" mb="0" cb="0"/><line nr="102" mi="5" ci="0" mb="0" cb="0"/><line nr="106" mi="0" ci="5" mb="0" cb="0"/><line nr="110" mi="0" ci="5" mb="0" cb="0"/><line nr="114" mi="0" ci="5" mb="0" cb="0"/><line nr="118" mi="5" ci="0" mb="0" cb="0"/><line nr="122" mi="5" ci="0" mb="0" cb="0"/><line nr="126" mi="0" ci="5" mb="0" cb="0"/><line nr="130" mi="0" ci="5" mb="0" cb="0"/><line nr="134" mi="0" ci="5" mb="0" cb="0"/><line nr="138" mi="5" ci="0" mb="0" cb="0"/><line nr="142" mi="5" ci="0" mb="0" cb="0"/><line nr="146" mi="5" ci="0" mb="0" cb="0"/><line nr="150" mi="5" ci="0" mb="0" cb="0"/><line nr="154" mi="5" ci="0" mb="0" cb="0"/><line nr="158" mi="5" ci="0" mb="0" cb="0"/><counter type="INSTRUCTION" missed="66" covered="83"/><counter type="BRANCH" missed="0" covered="2"/><counter type="LINE" missed="14" covered="21"/><counter type="COMPLEXITY" missed="14" covered="14"/><counter type="METHOD" missed="14" covered="13"/><counter type="CLASS" missed="0" covered="1"/></sourcefile><sourcefile name="JspRuleChainVisitor.java"><line nr="19" mi="0" ci="3" mb="0" cb="0"/><line nr="22" mi="0" ci="11" mb="0" cb="0"/><line nr="26" mi="0" ci="4" mb="0" cb="0"/><line nr="27" mi="0" ci="5" mb="0" cb="0"/><line nr="31" mi="0" ci="8" mb="0" cb="2"/><line nr="32" mi="0" ci="8" mb="0" cb="0"/><line nr="34" mi="0" ci="1" mb="0" cb="0"/><line nr="38" mi="0" ci="3" mb="1" cb="1"/><line nr="39" mi="8" ci="0" mb="0" cb="0"/><line nr="41" mi="0" ci="5" mb="0" cb="0"/><line nr="43" mi="0" ci="1" mb="0" cb="0"/><counter type="INSTRUCTION" missed="8" covered="49"/><counter type="BRANCH" missed="1" covered="3"/><counter type="LINE" missed="1" covered="10"/><counter type="COMPLEXITY" missed="1" covered="6"/><counter type="METHOD" missed="0" covered="5"/><counter type="CLASS" missed="0" covered="2"/></sourcefile><sourcefile name="JspRuleViolationFactory.java"><line nr="18" mi="0" ci="5" mb="0" cb="0"/><line nr="20" mi="0" ci="2" mb="0" cb="0"/><line nr="21" mi="0" ci="1" mb="0" cb="0"/><line nr="25" mi="0" ci="9" mb="0" cb="0"/><line nr="30" mi="2" ci="0" mb="0" cb="0"/><counter type="INSTRUCTION" missed="2" covered="17"/><counter type="LINE" missed="1" covered="4"/><counter type="COMPLEXITY" missed="1" covered="3"/><counter type="METHOD" missed="1" covered="3"/><counter type="CLASS" missed="0" covered="1"/></sourcefile><counter type="INSTRUCTION" missed="76" covered="149"/><counter type="BRANCH" missed="1" covered="5"/><counter type="LINE" missed="16" covered="35"/><counter type="COMPLEXITY" missed="16" covered="23"/><counter type="METHOD" missed="15" covered="21"/><counter type="CLASS" missed="0" covered="4"/></package><package name="net/sourceforge/pmd/cpd"><class name="net/sourceforge/pmd/cpd/JSPLanguage"><method name="&lt;init&gt;" desc="()V" line="9"><counter type="INSTRUCTION" missed="18" covered="0"/><counter type="LINE" missed="2" covered="0"/><counter type="COMPLEXITY" missed="1" covered="0"/><counter type="METHOD" missed="1" covered="0"/></method><counter type="INSTRUCTION" missed="18" covered="0"/><counter type="LINE" missed="2" covered="0"/><counter type="COMPLEXITY" missed="1" covered="0"/><counter type="METHOD" missed="1" covered="0"/><counter type="CLASS" missed="1" covered="0"/></class><class name="net/sourceforge/pmd/cpd/JSPTokenizer"><method name="&lt;init&gt;" desc="()V" line="19"><counter type="INSTRUCTION" missed="3" covered="0"/><counter type="LINE" missed="1" covered="0"/><counter type="COMPLEXITY" missed="1" covered="0"/><counter type="METHOD" missed="1" covered="0"/></method><method name="tokenize" desc="(Lnet/sourceforge/pmd/cpd/SourceCode;Lnet/sourceforge/pmd/cpd/Tokens;)V" line="22"><counter type="INSTRUCTION" missed="65" covered="0"/><counter type="BRANCH" missed="2" covered="0"/><counter type="LINE" missed="14" covered="0"/><counter type="COMPLEXITY" missed="2" covered="0"/><counter type="METHOD" missed="1" covered="0"/></method><counter type="INSTRUCTION" missed="68" covered="0"/><counter type="BRANCH" missed="2" covered="0"/><counter type="LINE" missed="15" covered="0"/><counter type="COMPLEXITY" missed="3" covered="0"/><counter type="METHOD" missed="2" covered="0"/><counter type="CLASS" missed="1" covered="0"/></class><sourcefile name="JSPLanguage.java"><line nr="9" mi="17" ci="0" mb="0" cb="0"/><line nr="10" mi="1" ci="0" mb="0" cb="0"/><counter type="INSTRUCTION" missed="18" covered="0"/><counter type="LINE" missed="2" covered="0"/><counter type="COMPLEXITY" missed="1" covered="0"/><counter type="METHOD" missed="1" covered="0"/><counter type="CLASS" missed="1" covered="0"/></sourcefile><sourcefile name="JSPTokenizer.java"><line nr="19" mi="3" ci="0" mb="0" cb="0"/><line nr="22" mi="3" ci="0" mb="0" cb="0"/><line nr="23" mi="5" ci="0" mb="0" cb="0"/><line nr="25" mi="2" ci="0" mb="0" cb="0"/><line nr="28" mi="6" ci="0" mb="0" cb="0"/><line nr="29" mi="3" ci="0" mb="0" cb="0"/><line nr="30" mi="9" ci="0" mb="0" cb="0"/><line nr="32" mi="4" ci="0" mb="0" cb="0"/><line nr="34" mi="4" ci="0" mb="2" cb="0"/><line nr="35" mi="12" ci="0" mb="0" cb="0"/><line nr="37" mi="5" ci="0" mb="0" cb="0"/><line nr="40" mi="7" ci="0" mb="0" cb="0"/><line nr="41" mi="1" ci="0" mb="0" cb="0"/><line nr="42" mi="3" ci="0" mb="0" cb="0"/><line nr="43" mi="1" ci="0" mb="0" cb="0"/><counter type="INSTRUCTION" missed="68" covered="0"/><counter type="BRANCH" missed="2" covered="0"/><counter type="LINE" missed="15" covered="0"/><counter type="COMPLEXITY" missed="3" covered="0"/><counter type="METHOD" missed="2" covered="0"/><counter type="CLASS" missed="1" covered="0"/></sourcefile><counter type="INSTRUCTION" missed="86" covered="0"/><counter type="BRANCH" missed="2" covered="0"/><counter type="LINE" missed="17" covered="0"/><counter type="COMPLEXITY" missed="4" covered="0"/><counter type="METHOD" missed="3" covered="0"/><counter type="CLASS" missed="2" covered="0"/></package><package name="net/sourceforge/pmd/lang/jsp/ast"><class name="net/sourceforge/pmd/lang/jsp/ast/JJTJspParserState"><method name="&lt;init&gt;" desc="()V" line="14"><counter type="INSTRUCTION" missed="0" covered="19"/><counter type="LINE" missed="0" covered="6"/><counter type="COMPLEXITY" missed="0" covered="1"/><counter type="METHOD" missed="0" covered="1"/></method><method name="nodeCreated" desc="()Z" line="25"><counter type="INSTRUCTION" missed="3" covered="0"/><counter type="LINE" missed="1" covered="0"/><counter type="COMPLEXITY" missed="1" covered="0"/><counter type="METHOD" missed="1" covered="0"/></method><method name="reset" desc="()V" line="31"><counter type="INSTRUCTION" missed="13" covered="0"/><counter type="LINE" missed="5" covered="0"/><counter type="COMPLEXITY" missed="1" covered="0"/><counter type="METHOD" missed="1" covered="0"/></method><method name="rootNode" desc="()Lnet/sourceforge/pmd/lang/ast/Node;" line="40"><counter type="INSTRUCTION" missed="6" covered="0"/><counter type="LINE" missed="1" covered="0"/><counter type="COMPLEXITY" missed="1" covered="0"/><counter type="METHOD" missed="1" covered="0"/></method><method name="pushNode" desc="(Lnet/sourceforge/pmd/lang/ast/Node;)V" line="45"><counter type="INSTRUCTION" missed="0" covered="12"/><counter type="LINE" missed="0" covered="3"/><counter type="COMPLEXITY" missed="0" covered="1"/><counter type="METHOD" missed="0" covered="1"/></method><method name="popNode" desc="()Lnet/sourceforge/pmd/lang/ast/Node;" line="52"><counter type="INSTRUCTION" missed="12" covered="20"/><counter type="BRANCH" missed="1" covered="1"/><counter type="LINE" missed="1" covered="2"/><counter type="COMPLEXITY" missed="1" covered="1"/><counter type="METHOD" missed="0" covered="1"/></method><method name="peekNode" desc="()Lnet/sourceforge/pmd/lang/ast/Node;" line="60"><counter type="INSTRUCTION" missed="10" covered="0"/><counter type="LINE" missed="1" covered="0"/><counter type="COMPLEXITY" missed="1" covered="0"/><counter type="METHOD" missed="1" covered="0"/></method><method name="nodeArity" desc="()I" line="66"><counter type="INSTRUCTION" missed="0" covered="6"/><counter type="LINE" missed="0" covered="1"/><counter type="COMPLEXITY" missed="0" covered="1"/><counter type="METHOD" missed="0" covered="1"/></method><method name="clearNodeScope" desc="(Lnet/sourceforge/pmd/lang/ast/Node;)V" line="71"><counter type="INSTRUCTION" missed="22" covered="0"/><counter type="BRANCH" missed="2" covered="0"/><counter type="LINE" missed="4" covered="0"/><counter type="COMPLEXITY" missed="2" covered="0"/><counter type="METHOD" missed="1" covered="0"/></method><method name="openNodeScope" desc="(Lnet/sourceforge/pmd/lang/ast/Node;)V" line="79"><counter type="INSTRUCTION" missed="0" covered="14"/><counter type="LINE" missed="0" covered="4"/><counter type="COMPLEXITY" missed="0" covered="1"/><counter type="METHOD" missed="0" covered="1"/></method><method name="closeNodeScope" desc="(Lnet/sourceforge/pmd/lang/ast/Node;I)V" line="90"><counter type="INSTRUCTION" missed="35" covered="0"/><counter type="BRANCH" missed="2" covered="0"/><counter type="LINE" missed="10" covered="0"/><counter type="COMPLEXITY" missed="2" covered="0"/><counter type="METHOD" missed="1" covered="0"/></method><method name="closeNodeScope" desc="(Lnet/sourceforge/pmd/lang/ast/Node;Z)V" line="108"><counter type="INSTRUCTION" missed="15" covered="41"/><counter type="BRANCH" missed="1" covered="3"/><counter type="LINE" missed="2" covered="13"/><counter type="COMPLEXITY" missed="1" covered="2"/><counter type="METHOD" missed="0" covered="1"/></method><counter type="INSTRUCTION" missed="116" covered="112"/><counter type="BRANCH" missed="6" covered="4"/><counter type="LINE" missed="25" covered="29"/><counter type="COMPLEXITY" missed="10" covered="7"/><counter type="METHOD" missed="6" covered="6"/><counter type="CLASS" missed="0" covered="1"/></class><class name="net/sourceforge/pmd/lang/jsp/ast/ASTJspDeclaration"><method name="&lt;init&gt;" desc="(I)V" line="10"><counter type="INSTRUCTION" missed="4" covered="0"/><counter type="LINE" missed="2" covered="0"/><counter type="COMPLEXITY" missed="1" covered="0"/><counter type="METHOD" missed="1" covered="0"/></method><method name="&lt;init&gt;" desc="(Lnet/sourceforge/pmd/lang/jsp/ast/JspParser;I)V" line="14"><counter type="INSTRUCTION" missed="0" covered="5"/><counter type="LINE" missed="0" covered="2"/><counter type="COMPLEXITY" missed="0" covered="1"/><counter type="METHOD" missed="0" covered="1"/></method><method name="jjtAccept" desc="(Lnet/sourceforge/pmd/lang/jsp/ast/JspParserVisitor;Ljava/lang/Object;)Ljava/lang/Object;" line="21"><counter type="INSTRUCTION" missed="5" covered="0"/><counter type="LINE" missed="1" covered="0"/><counter type="COMPLEXITY" missed="1" covered="0"/><counter type="METHOD" missed="1" covered="0"/></method><counter type="INSTRUCTION" missed="9" covered="5"/><counter type="LINE" missed="3" covered="2"/><counter type="COMPLEXITY" missed="2" covered="1"/><counter type="METHOD" missed="2" covered="1"/><counter type="CLASS" missed="0" covered="1"/></class><class name="net/sourceforge/pmd/lang/jsp/ast/ASTJspExpressionInAttribute"><method name="&lt;init&gt;" desc="(I)V" line="10"><counter type="INSTRUCTION" missed="4" covered="0"/><counter type="LINE" missed="2" covered="0"/><counter type="COMPLEXITY" missed="1" covered="0"/><counter type="METHOD" missed="1" covered="0"/></method><method name="&lt;init&gt;" desc="(Lnet/sourceforge/pmd/lang/jsp/ast/JspParser;I)V" line="14"><counter type="INSTRUCTION" missed="0" covered="5"/><counter type="LINE" missed="0" covered="2"/><counter type="COMPLEXITY" missed="0" covered="1"/><counter type="METHOD" missed="0" covered="1"/></method><method name="jjtAccept" desc="(Lnet/sourceforge/pmd/lang/jsp/ast/JspParserVisitor;Ljava/lang/Object;)Ljava/lang/Object;" line="21"><counter type="INSTRUCTION" missed="5" covered="0"/><counter type="LINE" missed="1" covered="0"/><counter type="COMPLEXITY" missed="1" covered="0"/><counter type="METHOD" missed="1" covered="0"/></method><counter type="INSTRUCTION" missed="9" covered="5"/><counter type="LINE" missed="3" covered="2"/><counter type="COMPLEXITY" missed="2" covered="1"/><counter type="METHOD" missed="2" covered="1"/><counter type="CLASS" missed="0" covered="1"/></class><class name="net/sourceforge/pmd/lang/jsp/ast/ASTJspDirective"><method name="&lt;init&gt;" desc="(I)V" line="16"><counter type="INSTRUCTION" missed="4" covered="0"/><counter type="LINE" missed="2" covered="0"/><counter type="COMPLEXITY" missed="1" covered="0"/><counter type="METHOD" missed="1" covered="0"/></method><method name="&lt;init&gt;" desc="(Lnet/sourceforge/pmd/lang/jsp/ast/JspParser;I)V" line="20"><counter type="INSTRUCTION" missed="0" covered="5"/><counter type="LINE" missed="0" covered="2"/><counter type="COMPLEXITY" missed="0" covered="1"/><counter type="METHOD" missed="0" covered="1"/></method><method name="getName" desc="()Ljava/lang/String;" line="27"><counter type="INSTRUCTION" missed="0" covered="3"/><counter type="LINE" missed="0" covered="1"/><counter type="COMPLEXITY" missed="0" covered="1"/><counter type="METHOD" missed="0" covered="1"/></method><method name="setName" desc="(Ljava/lang/String;)V" line="35"><counter type="INSTRUCTION" missed="0" covered="4"/><counter type="LINE" missed="0" covered="2"/><counter type="COMPLEXITY" missed="0" covered="1"/><counter type="METHOD" missed="0" covered="1"/></method><method name="jjtAccept" desc="(Lnet/sourceforge/pmd/lang/jsp/ast/JspParserVisitor;Ljava/lang/Object;)Ljava/lang/Object;" line="43"><counter type="INSTRUCTION" missed="0" covered="5"/><counter type="LINE" missed="0" covered="1"/><counter type="COMPLEXITY" missed="0" covered="1"/><counter type="METHOD" missed="0" covered="1"/></method><counter type="INSTRUCTION" missed="4" covered="17"/><counter type="LINE" missed="2" covered="6"/><counter type="COMPLEXITY" missed="1" covered="4"/><counter type="METHOD" missed="1" covered="4"/><counter type="CLASS" missed="0" covered="1"/></class><class name="net/sourceforge/pmd/lang/jsp/ast/ASTAttribute"><method name="&lt;init&gt;" desc="(I)V" line="13"><counter type="INSTRUCTION" missed="4" covered="0"/><counter type="LINE" missed="2" covered="0"/><counter type="COMPLEXITY" missed="1" covered="0"/><counter type="METHOD" missed="1" covered="0"/></method><method name="&lt;init&gt;" desc="(Lnet/sourceforge/pmd/lang/jsp/ast/JspParser;I)V" line="17"><counter type="INSTRUCTION" missed="0" covered="5"/><counter type="LINE" missed="0" covered="2"/><counter type="COMPLEXITY" missed="0" covered="1"/><counter type="METHOD" missed="0" covered="1"/></method><method name="getName" desc="()Ljava/lang/String;" line="24"><counter type="INSTRUCTION" missed="0" covered="3"/><counter type="LINE" missed="0" covered="1"/><counter type="COMPLEXITY" missed="0" covered="1"/><counter type="METHOD" missed="0" covered="1"/></method><method name="setName" desc="(Ljava/lang/String;)V" line="32"><counter type="INSTRUCTION" missed="0" covered="4"/><counter type="LINE" missed="0" covered="2"/><counter type="COMPLEXITY" missed="0" covered="1"/><counter type="METHOD" missed="0" covered="1"/></method><method name="isHasNamespacePrefix" desc="()Z" line="40"><counter type="INSTRUCTION" missed="1" covered="8"/><counter type="BRANCH" missed="1" covered="1"/><counter type="LINE" missed="0" covered="1"/><counter type="COMPLEXITY" missed="1" covered="1"/><counter type="METHOD" missed="0" covered="1"/></method><method name="getNamespacePrefix" desc="()Ljava/lang/String;" line="48"><counter type="INSTRUCTION" missed="1" covered="14"/><counter type="BRANCH" missed="1" covered="1"/><counter type="LINE" missed="0" covered="2"/><counter type="COMPLEXITY" missed="1" covered="1"/><counter type="METHOD" missed="0" covered="1"/></method><method name="getLocalName" desc="()Ljava/lang/String;" line="58"><counter type="INSTRUCTION" missed="2" covered="15"/><counter type="BRANCH" missed="1" covered="1"/><counter type="LINE" missed="0" covered="2"/><counter type="COMPLEXITY" missed="1" covered="1"/><counter type="METHOD" missed="0" covered="1"/></method><method name="jjtAccept" desc="(Lnet/sourceforge/pmd/lang/jsp/ast/JspParserVisitor;Ljava/lang/Object;)Ljava/lang/Object;" line="67"><counter type="INSTRUCTION" missed="0" covered="5"/><counter type="LINE" missed="0" covered="1"/><counter type="COMPLEXITY" missed="0" covered="1"/><counter type="METHOD" missed="0" covered="1"/></method><counter type="INSTRUCTION" missed="8" covered="54"/><counter type="BRANCH" missed="3" covered="3"/><counter type="LINE" missed="2" covered="11"/><counter type="COMPLEXITY" missed="4" covered="7"/><counter type="METHOD" missed="1" covered="7"/><counter type="CLASS" missed="0" covered="1"/></class><class name="net/sourceforge/pmd/lang/jsp/ast/JspParser"><method name="quoteContent" desc="(Ljava/lang/String;)Ljava/lang/String;" line="26"><counter type="INSTRUCTION" missed="0" covered="8"/><counter type="LINE" missed="0" covered="1"/><counter type="COMPLEXITY" missed="0" covered="1"/><counter type="METHOD" missed="0" covered="1"/></method><method name="expressionContent" desc="(Ljava/lang/String;)Ljava/lang/String;" line="36"><counter type="INSTRUCTION" missed="0" covered="9"/><counter type="LINE" missed="0" covered="1"/><counter type="COMPLEXITY" missed="0" covered="1"/><counter type="METHOD" missed="0" covered="1"/></method><method name="CompilationUnit" desc="()Lnet/sourceforge/pmd/lang/jsp/ast/ASTCompilationUnit;" line="48"><counter type="INSTRUCTION" missed="54" covered="43"/><counter type="BRANCH" missed="9" covered="1"/><counter type="LINE" missed="11" covered="13"/><counter type="COMPLEXITY" missed="5" covered="1"/><counter type="METHOD" missed="0" covered="1"/></method><method name="Prolog" desc="()V" line="87"><counter type="INSTRUCTION" missed="66" covered="43"/><counter type="BRANCH" missed="14" covered="8"/><counter type="LINE" missed="18" covered="11"/><counter type="COMPLEXITY" missed="10" covered="3"/><counter type="METHOD" missed="0" covered="1"/></method><method name="Content" desc="()V" line="152"><counter type="INSTRUCTION" missed="61" covered="62"/><counter type="BRANCH" missed="11" covered="8"/><counter type="LINE" missed="13" covered="17"/><counter type="COMPLEXITY" missed="7" covered="4"/><counter type="METHOD" missed="0" covered="1"/></method><method name="ContentElement" desc="()V" line="226"><counter type="INSTRUCTION" missed="17" covered="35"/><counter type="BRANCH" missed="2" covered="10"/><counter type="LINE" missed="3" covered="20"/><counter type="COMPLEXITY" missed="2" covered="9"/><counter type="METHOD" missed="0" covered="1"/></method><method name="JspDirective" desc="()V" line="263"><counter type="INSTRUCTION" missed="46" covered="66"/><counter type="BRANCH" missed="10" covered="4"/><counter type="LINE" missed="10" covered="17"/><counter type="COMPLEXITY" missed="6" covered="2"/><counter type="METHOD" missed="0" covered="1"/></method><method name="JspDirectiveAttribute" desc="()V" line="308"><counter type="INSTRUCTION" missed="26" covered="53"/><counter type="BRANCH" missed="3" covered="1"/><counter type="LINE" missed="2" covered="14"/><counter type="COMPLEXITY" missed="2" covered="1"/><counter type="METHOD" missed="0" covered="1"/></method><method name="JspScriptlet" desc="()V" line="331"><counter type="INSTRUCTION" missed="15" covered="48"/><counter type="BRANCH" missed="3" covered="1"/><counter type="LINE" missed="0" covered="12"/><counter type="COMPLEXITY" missed="2" covered="1"/><counter type="METHOD" missed="0" covered="1"/></method><method name="JspExpression" desc="()V" line="350"><counter type="INSTRUCTION" missed="15" covered="48"/><counter type="BRANCH" missed="3" covered="1"/><counter type="LINE" missed="0" covered="12"/><counter type="COMPLEXITY" missed="2" covered="1"/><counter type="METHOD" missed="0" covered="1"/></method><method name="JspDeclaration" desc="()V" line="369"><counter type="INSTRUCTION" missed="15" covered="48"/><counter type="BRANCH" missed="3" covered="1"/><counter type="LINE" missed="0" covered="12"/><counter type="COMPLEXITY" missed="2" covered="1"/><counter type="METHOD" missed="0" covered="1"/></method><method name="JspComment" desc="()V" line="388"><counter type="INSTRUCTION" missed="15" covered="48"/><counter type="BRANCH" missed="3" covered="1"/><counter type="LINE" missed="0" covered="12"/><counter type="COMPLEXITY" missed="2" covered="1"/><counter type="METHOD" missed="0" covered="1"/></method><method name="Text" desc="()V" line="412"><counter type="INSTRUCTION" missed="74" covered="79"/><counter type="BRANCH" missed="12" covered="7"/><counter type="LINE" missed="15" covered="21"/><counter type="COMPLEXITY" missed="8" covered="3"/><counter type="METHOD" missed="0" covered="1"/></method><method name="UnparsedText" desc="()Ljava/lang/String;" line="472"><counter type="INSTRUCTION" missed="25" covered="44"/><counter type="BRANCH" missed="3" covered="1"/><counter type="LINE" missed="1" covered="12"/><counter type="COMPLEXITY" missed="2" covered="1"/><counter type="METHOD" missed="0" covered="1"/></method><method name="UnparsedTextNoWhitespace" desc="()Ljava/lang/String;" line="494"><counter type="INSTRUCTION" missed="25" covered="44"/><counter type="BRANCH" missed="3" covered="1"/><counter type="LINE" missed="1" covered="12"/><counter type="COMPLEXITY" missed="2" covered="1"/><counter type="METHOD" missed="0" covered="1"/></method><method name="UnparsedTextNoSingleQuotes" desc="()Ljava/lang/String;" line="520"><counter type="INSTRUCTION" missed="25" covered="44"/><counter type="BRANCH" missed="3" covered="1"/><counter type="LINE" missed="1" covered="12"/><counter type="COMPLEXITY" missed="2" covered="1"/><counter type="METHOD" missed="0" covered="1"/></method><method name="UnparsedTextNoDoubleQuotes" desc="()Ljava/lang/String;" line="546"><counter type="INSTRUCTION" missed="25" covered="44"/><counter type="BRANCH" missed="3" covered="1"/><counter type="LINE" missed="1" covered="12"/><counter type="COMPLEXITY" missed="2" covered="1"/><counter type="METHOD" missed="0" covered="1"/></method><method name="ElExpression" desc="()Ljava/lang/String;" line="571"><counter type="INSTRUCTION" missed="25" covered="45"/><counter type="BRANCH" missed="3" covered="1"/><counter type="LINE" missed="1" covered="12"/><counter type="COMPLEXITY" missed="2" covered="1"/><counter type="METHOD" missed="0" covered="1"/></method><method name="ValueBindingInAttribute" desc="()Ljava/lang/String;" line="593"><counter type="INSTRUCTION" missed="25" covered="45"/><counter type="BRANCH" missed="3" covered="1"/><counter type="LINE" missed="1" covered="12"/><counter type="COMPLEXITY" missed="2" covered="1"/><counter type="METHOD" missed="0" covered="1"/></method><method name="ElExpressionInAttribute" desc="()Ljava/lang/String;" line="615"><counter type="INSTRUCTION" missed="25" covered="45"/><counter type="BRANCH" missed="3" covered="1"/><counter type="LINE" missed="1" covered="12"/><counter type="COMPLEXITY" missed="2" covered="1"/><counter type="METHOD" missed="0" covered="1"/></method><method name="CData" desc="()V" line="637"><counter type="INSTRUCTION" missed="28" covered="74"/><counter type="BRANCH" missed="4" covered="4"/><counter type="LINE" missed="2" covered="18"/><counter type="COMPLEXITY" missed="3" covered="2"/><counter type="METHOD" missed="0" covered="1"/></method><method name="Element" desc="()V" line="676"><counter type="INSTRUCTION" missed="64" covered="142"/><counter type="BRANCH" missed="11" covered="12"/><counter type="LINE" missed="13" covered="37"/><counter type="COMPLEXITY" missed="7" covered="6"/><counter type="METHOD" missed="0" covered="1"/></method><method name="Attribute" desc="()V" line="754"><counter type="INSTRUCTION" missed="46" covered="60"/><counter type="BRANCH" missed="10" covered="4"/><counter type="LINE" missed="10" covered="15"/><counter type="COMPLEXITY" missed="6" covered="2"/><counter type="METHOD" missed="0" covered="1"/></method><method name="AttributeValue" desc="()V" line="799"><counter type="INSTRUCTION" missed="175" covered="217"/><counter type="BRANCH" missed="25" covered="29"/><counter type="LINE" missed="33" covered="58"/><counter type="COMPLEXITY" missed="21" covered="11"/><counter type="METHOD" missed="0" covered="1"/></method><method name="QuoteIndependentAttributeValueContent" desc="()Ljava/lang/String;" line="970"><counter type="INSTRUCTION" missed="17" covered="21"/><counter type="BRANCH" missed="2" covered="4"/><counter type="LINE" missed="3" covered="8"/><counter type="COMPLEXITY" missed="2" covered="3"/><counter type="METHOD" missed="0" covered="1"/></method><method name="JspExpressionInAttribute" desc="()Ljava/lang/String;" line="991"><counter type="INSTRUCTION" missed="25" covered="52"/><counter type="BRANCH" missed="3" covered="1"/><counter type="LINE" missed="1" covered="12"/><counter type="COMPLEXITY" missed="2" covered="1"/><counter type="METHOD" missed="0" covered="1"/></method><method name="CommentTag" desc="()V" line="1013"><counter type="INSTRUCTION" missed="28" covered="75"/><counter type="BRANCH" missed="4" covered="4"/><counter type="LINE" missed="2" covered="18"/><counter type="COMPLEXITY" missed="3" covered="2"/><counter type="METHOD" missed="0" covered="1"/></method><method name="Declaration" desc="()V" line="1048"><counter type="INSTRUCTION" missed="46" covered="66"/><counter type="BRANCH" missed="10" covered="4"/><counter type="LINE" missed="10" covered="17"/><counter type="COMPLEXITY" missed="6" covered="2"/><counter type="METHOD" missed="0" covered="1"/></method><method name="DoctypeDeclaration" desc="()V" line="1093"><counter type="INSTRUCTION" missed="67" covered="89"/><counter type="BRANCH" missed="15" covered="7"/><counter type="LINE" missed="14" covered="21"/><counter type="COMPLEXITY" missed="11" covered="1"/><counter type="METHOD" missed="0" covered="1"/></method><method name="DoctypeExternalId" desc="()V" line="1152"><counter type="INSTRUCTION" missed="73" covered="70"/><counter type="BRANCH" missed="6" covered="3"/><counter type="LINE" missed="13" covered="18"/><counter type="COMPLEXITY" missed="5" covered="1"/><counter type="METHOD" missed="0" covered="1"/></method><method name="HtmlScript" desc="()V" line="1195"><counter type="INSTRUCTION" missed="65" covered="126"/><counter type="BRANCH" missed="12" covered="11"/><counter type="LINE" missed="13" covered="31"/><counter type="COMPLEXITY" missed="8" covered="5"/><counter type="METHOD" missed="0" covered="1"/></method><method name="jj_2_1" desc="(I)Z" line="1271"><counter type="INSTRUCTION" missed="16" covered="23"/><counter type="BRANCH" missed="0" covered="2"/><counter type="LINE" missed="1" covered="3"/><counter type="COMPLEXITY" missed="0" covered="2"/><counter type="METHOD" missed="0" covered="1"/></method><method name="jj_2_2" desc="(I)Z" line="1278"><counter type="INSTRUCTION" missed="16" covered="23"/><counter type="BRANCH" missed="0" covered="2"/><counter type="LINE" missed="1" covered="3"/><counter type="COMPLEXITY" missed="0" covered="2"/><counter type="METHOD" missed="0" covered="1"/></method><method name="jj_3R_23" desc="()Z" line="1285"><counter type="INSTRUCTION" missed="2" covered="5"/><counter type="BRANCH" missed="1" covered="1"/><counter type="LINE" missed="1" covered="1"/><counter type="COMPLEXITY" missed="1" covered="1"/><counter type="METHOD" missed="0" covered="1"/></method><method name="jj_3R_57" desc="()Z" line="1290"><counter type="INSTRUCTION" missed="2" covered="6"/><counter type="BRANCH" missed="1" covered="1"/><counter type="LINE" missed="1" covered="1"/><counter type="COMPLEXITY" missed="1" covered="1"/><counter type="METHOD" missed="0" covered="1"/></method><method name="jj_3R_54" desc="()Z" line="1295"><counter type="INSTRUCTION" missed="2" covered="5"/><counter type="BRANCH" missed="1" covered="1"/><counter type="LINE" missed="1" covered="1"/><counter type="COMPLEXITY" missed="1" covered="1"/><counter type="METHOD" missed="0" covered="1"/></method><method name="jj_3R_53" desc="()Z" line="1300"><counter type="INSTRUCTION" missed="2" covered="5"/><counter type="BRANCH" missed="1" covered="1"/><counter type="LINE" missed="1" covered="1"/><counter type="COMPLEXITY" missed="1" covered="1"/><counter type="METHOD" missed="0" covered="1"/></method><method name="jj_3R_52" desc="()Z" line="1305"><counter type="INSTRUCTION" missed="2" covered="5"/><counter type="BRANCH" missed="1" covered="1"/><counter type="LINE" missed="1" covered="1"/><counter type="COMPLEXITY" missed="1" covered="1"/><counter type="METHOD" missed="0" covered="1"/></method><method name="jj_3R_20" desc="()Z" line="1310"><counter type="INSTRUCTION" missed="2" covered="5"/><counter type="BRANCH" missed="1" covered="1"/><counter type="LINE" missed="1" covered="1"/><counter type="COMPLEXITY" missed="1" covered="1"/><counter type="METHOD" missed="0" covered="1"/></method><method name="jj_3R_51" desc="()Z" line="1315"><counter type="INSTRUCTION" missed="8" covered="0"/><counter type="BRANCH" missed="2" covered="0"/><counter type="LINE" missed="2" covered="0"/><counter type="COMPLEXITY" missed="2" covered="0"/><counter type="METHOD" missed="1" covered="0"/></method><method name="jj_3R_46" desc="()Z" line="1320"><counter type="INSTRUCTION" missed="7" covered="0"/><counter type="BRANCH" missed="2" covered="0"/><counter type="LINE" missed="2" covered="0"/><counter type="COMPLEXITY" missed="2" covered="0"/><counter type="METHOD" missed="1" covered="0"/></method><method name="jj_3R_49" desc="()Z" line="1326"><counter type="INSTRUCTION" missed="2" covered="20"/><counter type="BRANCH" missed="3" covered="3"/><counter type="LINE" missed="1" covered="6"/><counter type="COMPLEXITY" missed="3" covered="1"/><counter type="METHOD" missed="0" covered="1"/></method><method name="jj_3R_41" desc="()Z" line="1339"><counter type="INSTRUCTION" missed="16" covered="0"/><counter type="BRANCH" missed="4" covered="0"/><counter type="LINE" missed="5" covered="0"/><counter type="COMPLEXITY" missed="3" covered="0"/><counter type="METHOD" missed="1" covered="0"/></method><method name="jj_3R_22" desc="()Z" line="1348"><counter type="INSTRUCTION" missed="2" covered="5"/><counter type="BRANCH" missed="1" covered="1"/><counter type="LINE" missed="1" covered="1"/><counter type="COMPLEXITY" missed="1" covered="1"/><counter type="METHOD" missed="0" covered="1"/></method><method name="jj_3R_17" desc="()Z" line="1354"><counter type="INSTRUCTION" missed="2" covered="14"/><counter type="BRANCH" missed="2" covered="2"/><counter type="LINE" missed="1" covered="4"/><counter type="COMPLEXITY" missed="2" covered="1"/><counter type="METHOD" missed="0" covered="1"/></method><method name="jj_3R_40" desc="()Z" line="1363"><counter type="INSTRUCTION" missed="8" covered="0"/><counter type="BRANCH" missed="2" covered="0"/><counter type="LINE" missed="2" covered="0"/><counter type="COMPLEXITY" missed="2" covered="0"/><counter type="METHOD" missed="1" covered="0"/></method><method name="jj_3_2" desc="()Z" line="1370"><counter type="INSTRUCTION" missed="0" covered="17"/><counter type="BRANCH" missed="1" covered="3"/><counter type="LINE" missed="0" covered="4"/><counter type="COMPLEXITY" missed="1" covered="2"/><counter type="METHOD" missed="0" covered="1"/></method><method name="jj_3R_44" desc="()Z" line="1378"><counter type="INSTRUCTION" missed="0" covered="7"/><counter type="BRANCH" missed="0" covered="2"/><counter type="LINE" missed="0" covered="2"/><counter type="COMPLEXITY" missed="0" covered="2"/><counter type="METHOD" missed="0" covered="1"/></method><method name="jj_3R_38" desc="()Z" line="1383"><counter type="INSTRUCTION" missed="8" covered="0"/><counter type="BRANCH" missed="2" covered="0"/><counter type="LINE" missed="2" covered="0"/><counter type="COMPLEXITY" missed="2" covered="0"/><counter type="METHOD" missed="1" covered="0"/></method><method name="jj_3R_39" desc="()Z" line="1389"><counter type="INSTRUCTION" missed="0" covered="16"/><counter type="BRANCH" missed="1" covered="3"/><counter type="LINE" missed="0" covered="5"/><counter type="COMPLEXITY" missed="1" covered="2"/><counter type="METHOD" missed="0" covered="1"/></method><method name="jj_3R_15" desc="()Z" line="1399"><counter type="INSTRUCTION" missed="2" covered="14"/><counter type="BRANCH" missed="2" covered="2"/><counter type="LINE" missed="1" covered="4"/><counter type="COMPLEXITY" missed="2" covered="1"/><counter type="METHOD" missed="0" covered="1"/></method><method name="jj_3R_19" desc="()Z" line="1408"><counter type="INSTRUCTION" missed="2" covered="5"/><counter type="BRANCH" missed="1" covered="1"/><counter type="LINE" missed="1" covered="1"/><counter type="COMPLEXITY" missed="1" covered="1"/><counter type="METHOD" missed="0" covered="1"/></method><method name="jj_3R_43" desc="()Z" line="1413"><counter type="INSTRUCTION" missed="2" covered="5"/><counter type="BRANCH" missed="1" covered="1"/><counter type="LINE" missed="1" covered="1"/><counter type="COMPLEXITY" missed="1" covered="1"/><counter type="METHOD" missed="0" covered="1"/></method><method name="jj_3_1" desc="()Z" line="1420"><counter type="INSTRUCTION" missed="0" covered="17"/><counter type="BRANCH" missed="1" covered="3"/><counter type="LINE" missed="0" covered="4"/><counter type="COMPLEXITY" missed="1" covered="2"/><counter type="METHOD" missed="0" covered="1"/></method><method name="jj_3R_36" desc="()Z" line="1428"><counter type="INSTRUCTION" missed="24" covered="0"/><counter type="BRANCH" missed="6" covered="0"/><counter type="LINE" missed="5" covered="0"/><counter type="COMPLEXITY" missed="4" covered="0"/><counter type="METHOD" missed="1" covered="0"/></method><method name="jj_3R_42" desc="()Z" line="1439"><counter type="INSTRUCTION" missed="0" covered="7"/><counter type="BRANCH" missed="0" covered="2"/><counter type="LINE" missed="0" covered="2"/><counter type="COMPLEXITY" missed="0" covered="2"/><counter type="METHOD" missed="0" covered="1"/></method><method name="jj_3R_37" desc="()Z" line="1445"><counter type="INSTRUCTION" missed="0" covered="16"/><counter type="BRANCH" missed="1" covered="3"/><counter type="LINE" missed="0" covered="5"/><counter type="COMPLEXITY" missed="1" covered="2"/><counter type="METHOD" missed="0" covered="1"/></method><method name="jj_3R_35" desc="()Z" line="1454"><counter type="INSTRUCTION" missed="10" covered="23"/><counter type="BRANCH" missed="4" covered="4"/><counter type="LINE" missed="2" covered="6"/><counter type="COMPLEXITY" missed="3" covered="2"/><counter type="METHOD" missed="0" covered="1"/></method><method name="jj_3R_55" desc="()Z" line="1469"><counter type="INSTRUCTION" missed="2" covered="6"/><counter type="BRANCH" missed="1" covered="1"/><counter type="LINE" missed="1" covered="1"/><counter type="COMPLEXITY" missed="1" covered="1"/><counter type="METHOD" missed="0" covered="1"/></method><method name="jj_3R_32" desc="()Z" line="1474"><counter type="INSTRUCTION" missed="10" covered="22"/><counter type="BRANCH" missed="5" covered="5"/><counter type="LINE" missed="0" covered="6"/><counter type="COMPLEXITY" missed="5" covered="1"/><counter type="METHOD" missed="0" covered="1"/></method><method name="jj_3R_34" desc="()Z" line="1483"><counter type="INSTRUCTION" missed="8" covered="25"/><counter type="BRANCH" missed="3" covered="5"/><counter type="LINE" missed="2" covered="6"/><counter type="COMPLEXITY" missed="2" covered="3"/><counter type="METHOD" missed="0" covered="1"/></method><method name="jj_3R_26" desc="()Z" line="1498"><counter type="INSTRUCTION" missed="14" covered="6"/><counter type="BRANCH" missed="5" covered="1"/><counter type="LINE" missed="3" covered="1"/><counter type="COMPLEXITY" missed="3" covered="1"/><counter type="METHOD" missed="0" covered="1"/></method><method name="jj_3R_28" desc="()Z" line="1506"><counter type="INSTRUCTION" missed="2" covered="14"/><counter type="BRANCH" missed="2" covered="2"/><counter type="LINE" missed="0" covered="5"/><counter type="COMPLEXITY" missed="2" covered="1"/><counter type="METHOD" missed="0" covered="1"/></method><method name="jj_3R_31" desc="()Z" line="1515"><counter type="INSTRUCTION" missed="14" covered="6"/><counter type="BRANCH" missed="5" covered="1"/><counter type="LINE" missed="3" covered="1"/><counter type="COMPLEXITY" missed="3" covered="1"/><counter type="METHOD" missed="0" covered="1"/></method><method name="jj_3R_56" desc="()Z" line="1522"><counter type="INSTRUCTION" missed="2" covered="6"/><counter type="BRANCH" missed="1" covered="1"/><counter type="LINE" missed="1" covered="1"/><counter type="COMPLEXITY" missed="1" covered="1"/><counter type="METHOD" missed="0" covered="1"/></method><method name="jj_3R_33" desc="()Z" line="1528"><counter type="INSTRUCTION" missed="15" covered="14"/><counter type="BRANCH" missed="5" covered="3"/><counter type="LINE" missed="4" covered="5"/><counter type="COMPLEXITY" missed="3" covered="2"/><counter type="METHOD" missed="0" covered="1"/></method><method name="jj_3R_24" desc="()Z" line="1543"><counter type="INSTRUCTION" missed="2" covered="15"/><counter type="BRANCH" missed="2" covered="2"/><counter type="LINE" missed="0" covered="4"/><counter type="COMPLEXITY" missed="2" covered="1"/><counter type="METHOD" missed="0" covered="1"/></method><method name="jj_3R_18" desc="()Z" line="1551"><counter type="INSTRUCTION" missed="12" covered="33"/><counter type="BRANCH" missed="5" covered="7"/><counter type="LINE" missed="0" covered="9"/><counter type="COMPLEXITY" missed="5" covered="2"/><counter type="METHOD" missed="0" covered="1"/></method><method name="jj_3R_30" desc="()Z" line="1564"><counter type="INSTRUCTION" missed="4" covered="9"/><counter type="BRANCH" missed="2" covered="2"/><counter type="LINE" missed="0" covered="3"/><counter type="COMPLEXITY" missed="2" covered="1"/><counter type="METHOD" missed="0" covered="1"/></method><method name="jj_3R_48" desc="()Z" line="1570"><counter type="INSTRUCTION" missed="0" covered="8"/><counter type="BRANCH" missed="0" covered="2"/><counter type="LINE" missed="0" covered="2"/><counter type="COMPLEXITY" missed="0" covered="2"/><counter type="METHOD" missed="0" covered="1"/></method><method name="jj_3R_47" desc="()Z" line="1575"><counter type="INSTRUCTION" missed="7" covered="0"/><counter type="BRANCH" missed="2" covered="0"/><counter type="LINE" missed="2" covered="0"/><counter type="COMPLEXITY" missed="2" covered="0"/><counter type="METHOD" missed="1" covered="0"/></method><method name="jj_3R_27" desc="()Z" line="1580"><counter type="INSTRUCTION" missed="3" covered="14"/><counter type="BRANCH" missed="1" covered="3"/><counter type="LINE" missed="0" covered="4"/><counter type="COMPLEXITY" missed="1" covered="2"/><counter type="METHOD" missed="0" covered="1"/></method><method name="jj_3R_21" desc="()Z" line="1588"><counter type="INSTRUCTION" missed="0" covered="7"/><counter type="BRANCH" missed="0" covered="2"/><counter type="LINE" missed="0" covered="2"/><counter type="COMPLEXITY" missed="0" covered="2"/><counter type="METHOD" missed="0" covered="1"/></method><method name="jj_3R_45" desc="()Z" line="1593"><counter type="INSTRUCTION" missed="2" covered="5"/><counter type="BRANCH" missed="1" covered="1"/><counter type="LINE" missed="1" covered="1"/><counter type="COMPLEXITY" missed="1" covered="1"/><counter type="METHOD" missed="0" covered="1"/></method><method name="jj_3R_16" desc="()Z" line="1598"><counter type="INSTRUCTION" missed="4" covered="26"/><counter type="BRANCH" missed="2" covered="6"/><counter type="LINE" missed="0" covered="6"/><counter type="COMPLEXITY" missed="2" covered="3"/><counter type="METHOD" missed="0" covered="1"/></method><method name="jj_3R_50" desc="()Z" line="1610"><counter type="INSTRUCTION" missed="0" covered="8"/><counter type="BRANCH" missed="0" covered="2"/><counter type="LINE" missed="0" covered="2"/><counter type="COMPLEXITY" missed="0" covered="2"/><counter type="METHOD" missed="0" covered="1"/></method><method name="jj_3R_29" desc="()Z" line="1615"><counter type="INSTRUCTION" missed="8" covered="0"/><counter type="BRANCH" missed="2" covered="0"/><counter type="LINE" missed="2" covered="0"/><counter type="COMPLEXITY" missed="2" covered="0"/><counter type="METHOD" missed="1" covered="0"/></method><method name="jj_3R_25" desc="()Z" line="1620"><counter type="INSTRUCTION" missed="18" covered="6"/><counter type="BRANCH" missed="5" covered="1"/><counter type="LINE" missed="4" covered="1"/><counter type="COMPLEXITY" missed="3" covered="1"/><counter type="METHOD" missed="0" covered="1"/></method><method name="jj_la1_init_0" desc="()V" line="1650"><counter type="INSTRUCTION" missed="0" covered="140"/><counter type="LINE" missed="0" covered="2"/><counter type="COMPLEXITY" missed="0" covered="1"/><counter type="METHOD" missed="0" covered="1"/></method><method name="jj_la1_init_1" desc="()V" line="1653"><counter type="INSTRUCTION" missed="0" covered="140"/><counter type="LINE" missed="0" covered="2"/><counter type="COMPLEXITY" missed="0" covered="1"/><counter type="METHOD" missed="0" covered="1"/></method><method name="jj_la1_init_2" desc="()V" line="1656"><counter type="INSTRUCTION" missed="0" covered="140"/><counter type="LINE" missed="0" covered="2"/><counter type="COMPLEXITY" missed="0" covered="1"/><counter type="METHOD" missed="0" covered="1"/></method><method name="&lt;init&gt;" desc="(Lnet/sourceforge/pmd/lang/ast/CharStream;)V" line="12"><counter type="INSTRUCTION" missed="0" covered="90"/><counter type="BRANCH" missed="0" covered="4"/><counter type="LINE" missed="0" covered="18"/><counter type="COMPLEXITY" missed="0" covered="3"/><counter type="METHOD" missed="0" covered="1"/></method><method name="ReInit" desc="(Lnet/sourceforge/pmd/lang/ast/CharStream;)V" line="1674"><counter type="INSTRUCTION" missed="47" covered="0"/><counter type="BRANCH" missed="4" covered="0"/><counter type="LINE" missed="8" covered="0"/><counter type="COMPLEXITY" missed="3" covered="0"/><counter type="METHOD" missed="1" covered="0"/></method><method name="&lt;init&gt;" desc="(Lnet/sourceforge/pmd/lang/jsp/ast/JspParserTokenManager;)V" line="12"><counter type="INSTRUCTION" missed="87" covered="0"/><counter type="BRANCH" missed="4" covered="0"/><counter type="LINE" missed="18" covered="0"/><counter type="COMPLEXITY" missed="3" covered="0"/><counter type="METHOD" missed="1" covered="0"/></method><method name="ReInit" desc="(Lnet/sourceforge/pmd/lang/jsp/ast/JspParserTokenManager;)V" line="1695"><counter type="INSTRUCTION" missed="46" covered="0"/><counter type="BRANCH" missed="4" covered="0"/><counter type="LINE" missed="8" covered="0"/><counter type="COMPLEXITY" missed="3" covered="0"/><counter type="METHOD" missed="1" covered="0"/></method><method name="jj_consume_token" desc="(I)Lnet/sourceforge/pmd/lang/jsp/ast/Token;" line="1706"><counter type="INSTRUCTION" missed="9" covered="78"/><counter type="BRANCH" missed="2" covered="10"/><counter type="LINE" missed="3" covered="13"/><counter type="COMPLEXITY" missed="2" covered="5"/><counter type="METHOD" missed="0" covered="1"/></method><method name="jj_scan_token" desc="(I)Z" line="1731"><counter type="INSTRUCTION" missed="30" covered="57"/><counter type="BRANCH" missed="10" covered="8"/><counter type="LINE" missed="3" covered="10"/><counter type="COMPLEXITY" missed="6" covered="4"/><counter type="METHOD" missed="0" covered="1"/></method><method name="getNextToken" desc="()Lnet/sourceforge/pmd/lang/jsp/ast/Token;" line="1754"><counter type="INSTRUCTION" missed="31" covered="0"/><counter type="BRANCH" missed="2" covered="0"/><counter type="LINE" missed="5" covered="0"/><counter type="COMPLEXITY" missed="2" covered="0"/><counter type="METHOD" missed="1" covered="0"/></method><method name="getToken" desc="(I)Lnet/sourceforge/pmd/lang/jsp/ast/Token;" line="1763"><counter type="INSTRUCTION" missed="0" covered="26"/><counter type="BRANCH" missed="0" covered="4"/><counter type="LINE" missed="0" covered="5"/><counter type="COMPLEXITY" missed="0" covered="3"/><counter type="METHOD" missed="0" covered="1"/></method><method name="jj_ntk" desc="()I" line="1772"><counter type="INSTRUCTION" missed="0" covered="26"/><counter type="BRANCH" missed="0" covered="2"/><counter type="LINE" missed="0" covered="3"/><counter type="COMPLEXITY" missed="0" covered="2"/><counter type="METHOD" missed="0" covered="1"/></method><method name="jj_add_error_token" desc="(II)V" line="1785"><counter type="INSTRUCTION" missed="103" covered="0"/><counter type="BRANCH" missed="18" covered="0"/><counter type="LINE" missed="18" covered="0"/><counter type="COMPLEXITY" missed="10" covered="0"/><counter type="METHOD" missed="1" covered="0"/></method><method name="generateParseException" desc="()Lnet/sourceforge/pmd/lang/jsp/ast/ParseException;" line="1811"><counter type="INSTRUCTION" missed="143" covered="0"/><counter type="BRANCH" missed="20" covered="0"/><counter type="LINE" missed="26" covered="0"/><counter type="COMPLEXITY" missed="11" covered="0"/><counter type="METHOD" missed="1" covered="0"/></method><method name="enable_tracing" desc="()V" line="1851"><counter type="INSTRUCTION" missed="1" covered="0"/><counter type="LINE" missed="1" covered="0"/><counter type="COMPLEXITY" missed="1" covered="0"/><counter type="METHOD" missed="1" covered="0"/></method><method name="disable_tracing" desc="()V" line="1855"><counter type="INSTRUCTION" missed="1" covered="0"/><counter type="LINE" missed="1" covered="0"/><counter type="COMPLEXITY" missed="1" covered="0"/><counter type="METHOD" missed="1" covered="0"/></method><method name="jj_rescan_token" desc="()V" line="1858"><counter type="INSTRUCTION" missed="51" covered="0"/><counter type="BRANCH" missed="9" covered="0"/><counter type="LINE" missed="13" covered="0"/><counter type="COMPLEXITY" missed="6" covered="0"/><counter type="METHOD" missed="1" covered="0"/></method><method name="jj_save" desc="(II)V" line="1878"><counter type="INSTRUCTION" missed="15" covered="27"/><counter type="BRANCH" missed="3" covered="1"/><counter type="LINE" missed="2" covered="4"/><counter type="COMPLEXITY" missed="2" covered="1"/><counter type="METHOD" missed="0" covered="1"/></method><method name="&lt;clinit&gt;" desc="()V" line="1645"><counter type="INSTRUCTION" missed="0" covered="4"/><counter type="LINE" missed="0" covered="4"/><counter type="COMPLEXITY" missed="0" covered="1"/><counter type="METHOD" missed="0" covered="1"/></method><counter type="INSTRUCTION" missed="2041" covered="3094"/><counter type="BRANCH" missed="363" covered="249"/><counter type="LINE" missed="346" covered="680"/><counter type="COMPLEXITY" missed="264" covered="152"/><counter type="METHOD" missed="17" covered="80"/><counter type="CLASS" missed="0" covered="1"/></class><class name="net/sourceforge/pmd/lang/jsp/ast/JspParser$LookaheadSuccess"><method name="&lt;init&gt;" desc="()V" line="1728"><counter type="INSTRUCTION" missed="0" covered="3"/><counter type="LINE" missed="0" covered="1"/><counter type="COMPLEXITY" missed="0" covered="1"/><counter type="METHOD" missed="0" covered="1"/></method><counter type="INSTRUCTION" missed="0" covered="3"/><counter type="LINE" missed="0" covered="1"/><counter type="COMPLEXITY" missed="0" covered="1"/><counter type="METHOD" missed="0" covered="1"/><counter type="CLASS" missed="0" covered="1"/></class><class name="net/sourceforge/pmd/lang/jsp/ast/ASTDoctypeDeclaration"><method name="&lt;init&gt;" desc="(I)V" line="16"><counter type="INSTRUCTION" missed="4" covered="0"/><counter type="LINE" missed="2" covered="0"/><counter type="COMPLEXITY" missed="1" covered="0"/><counter type="METHOD" missed="1" covered="0"/></method><method name="&lt;init&gt;" desc="(Lnet/sourceforge/pmd/lang/jsp/ast/JspParser;I)V" line="20"><coun
[...]
i="2" ci="0" mb="0" cb="0"/><line nr="3469" mi="0" ci="4" mb="1" cb="1"/><line nr="3471" mi="5" ci="0" mb="0" cb="0"/><line nr="3474" mi="6" ci="0" mb="2" cb="0"/><line nr="3477" mi="6" ci="0" mb="2" cb="0"/><line nr="3478" mi="1" ci="0" mb="0" cb="0"/><line nr="3479" mi="2" ci="0" mb="0" cb="0"/><line nr="3480" mi="11" ci="0" mb="0" cb="0"/><line nr="3481" mi="1" ci="0" mb="0" cb="0"/><line nr="3484" mi="3" ci="0" mb="2" cb="0"/><line nr="3485" mi="1" ci="0" mb="0" cb="0"/><line nr="3486" mi="0" ci="4" mb="1" cb="1"/><line nr="3488" mi="0" ci="7" mb="0" cb="0"/><line nr="3491" mi="0" ci="6" mb="0" cb="0"/><line nr="3495" mi="0" ci="3" mb="1" cb="1"/><line nr="3496" mi="0" ci="1" mb="0" cb="0"/><line nr="3499" mi="5" ci="0" mb="0" cb="0"/><line nr="3500" mi="4" ci="0" mb="0" cb="0"/><line nr="3501" mi="6" ci="0" mb="0" cb="0"/><line nr="3502" mi="7" ci="0" mb="0" cb="0"/><line nr="3503" mi="7" ci="0" mb="0" cb="0"/><line nr="3506" mi="6" ci="0" mb="0" cb="0"/><line nr="3510" mi="3" ci="0" mb="2" cb="0"/><line nr="3512" mi="0" ci="3" mb="1" cb="1"/><line nr="3514" mi="3" ci="0" mb="0" cb="0"/><line nr="3515" mi="3" ci="0" mb="0" cb="0"/><line nr="3516" mi="2" ci="0" mb="0" cb="0"/><line nr="3518" mi="0" ci="1" mb="0" cb="0"/><line nr="3519" mi="0" ci="13" mb="1" cb="1"/><line nr="3520" mi="0" ci="2" mb="0" cb="0"/><line nr="3521" mi="5" ci="0" mb="0" cb="0"/><line nr="3522" mi="4" ci="0" mb="0" cb="0"/><line nr="3527" mi="2" ci="0" mb="0" cb="0"/><line nr="3530" mi="2" ci="0" mb="0" cb="0"/><line nr="3535" mi="11" ci="0" mb="0" cb="0"/><line nr="3539" mi="0" ci="3" mb="0" cb="2"/><line nr="3542" mi="0" ci="5" mb="0" cb="0"/><line nr="3544" mi="0" ci="5" mb="0" cb="0"/><line nr="3549" mi="0" ci="2" mb="0" cb="0"/><line nr="3550" mi="0" ci="3" mb="0" cb="0"/><line nr="3551" mi="0" ci="2" mb="0" cb="0"/><line nr="3552" mi="0" ci="5" mb="0" cb="0"/><line nr="3553" mi="0" ci="2" mb="0" cb="0"/><line nr="3556" mi="0" ci="9" mb="1" cb="1"/><line nr="3557" mi="2" ci="0" mb="0" cb="0"/><line nr="3558" mi="0" ci="4" mb="0" cb="2"/><line nr="3560" mi="0" ci="5" mb="0" cb="0"/><line nr="3563" mi="0" ci="6" mb="19" cb="11"/><line nr="3566" mi="0" ci="6" mb="0" cb="2"/><line nr="3568" mi="0" ci="3" mb="1" cb="1"/><line nr="3569" mi="0" ci="2" mb="0" cb="0"/><line nr="3570" mi="0" ci="5" mb="0" cb="0"/><line nr="3572" mi="0" ci="6" mb="1" cb="1"/><line nr="3573" mi="0" ci="11" mb="0" cb="0"/><line nr="3574" mi="0" ci="4" mb="0" cb="2"/><line nr="3575" mi="0" ci="12" mb="0" cb="0"/><line nr="3576" mi="0" ci="4" mb="1" cb="1"/><line nr="3577" mi="12" ci="0" mb="0" cb="0"/><line nr="3578" mi="0" ci="4" mb="0" cb="2"/><line nr="3579" mi="0" ci="12" mb="0" cb="0"/><line nr="3582" mi="6" ci="0" mb="2" cb="0"/><line nr="3583" mi="5" ci="0" mb="0" cb="0"/><line nr="3586" mi="4" ci="0" mb="2" cb="0"/><line nr="3587" mi="5" ci="0" mb="0" cb="0"/><line nr="3590" mi="6" ci="0" mb="2" cb="0"/><line nr="3591" mi="5" ci="0" mb="0" cb="0"/><line nr="3594" mi="4" ci="0" mb="2" cb="0"/><line nr="3595" mi="5" ci="0" mb="0" cb="0"/><line nr="3598" mi="4" ci="0" mb="2" cb="0"/><line nr="3599" mi="5" ci="0" mb="0" cb="0"/><line nr="3602" mi="6" ci="0" mb="2" cb="0"/><line nr="3603" mi="5" ci="0" mb="0" cb="0"/><line nr="3606" mi="4" ci="0" mb="2" cb="0"/><line nr="3607" mi="5" ci="0" mb="0" cb="0"/><line nr="3610" mi="6" ci="0" mb="2" cb="0"/><line nr="3611" mi="5" ci="0" mb="0" cb="0"/><line nr="3614" mi="4" ci="0" mb="2" cb="0"/><line nr="3615" mi="5" ci="0" mb="0" cb="0"/><line nr="3618" mi="6" ci="0" mb="2" cb="0"/><line nr="3619" mi="5" ci="0" mb="0" cb="0"/><line nr="3622" mi="4" ci="0" mb="2" cb="0"/><line nr="3623" mi="5" ci="0" mb="0" cb="0"/><line nr="3626" mi="4" ci="0" mb="2" cb="0"/><line nr="3627" mi="5" ci="0" mb="0" cb="0"/><line nr="3630" mi="6" ci="0" mb="2" cb="0"/><line nr="3631" mi="5" ci="0" mb="0" cb="0"/><line nr="3634" mi="4" ci="0" mb="2" cb="0"/><line nr="3635" mi="5" ci="0" mb="0" cb="0"/><line nr="3638" mi="4" ci="0" mb="2" cb="0"/><line nr="3639" mi="12" ci="0" mb="0" cb="0"/><line nr="3642" mi="0" ci="4" mb="1" cb="1"/><line nr="3643" mi="0" ci="5" mb="0" cb="0"/><line nr="3646" mi="0" ci="6" mb="0" cb="2"/><line nr="3647" mi="0" ci="5" mb="0" cb="0"/><line nr="3650" mi="0" ci="4" mb="0" cb="2"/><line nr="3651" mi="0" ci="12" mb="0" cb="0"/><line nr="3654" mi="0" ci="6" mb="1" cb="1"/><line nr="3655" mi="5" ci="0" mb="0" cb="0"/><line nr="3658" mi="0" ci="7" mb="2" cb="2"/><line nr="3659" mi="0" ci="3" mb="0" cb="0"/><line nr="3662" mi="0" ci="4" mb="0" cb="2"/><line nr="3663" mi="0" ci="12" mb="0" cb="0"/><line nr="3666" mi="0" ci="4" mb="1" cb="1"/><line nr="3667" mi="0" ci="12" mb="0" cb="0"/><line nr="3670" mi="4" ci="0" mb="2" cb="0"/><line nr="3671" mi="12" ci="0" mb="0" cb="0"/><line nr="3674" mi="0" ci="6" mb="0" cb="2"/><line nr="3675" mi="0" ci="1" mb="0" cb="0"/><line nr="3676" mi="0" ci="3" mb="0" cb="2"/><line nr="3677" mi="0" ci="2" mb="0" cb="0"/><line nr="3678" mi="0" ci="4" mb="0" cb="0"/><line nr="3679" mi="0" ci="1" mb="0" cb="0"/><line nr="3681" mi="0" ci="6" mb="1" cb="1"/><line nr="3682" mi="12" ci="0" mb="0" cb="0"/><line nr="3685" mi="3" ci="0" mb="2" cb="0"/><line nr="3686" mi="2" ci="0" mb="0" cb="0"/><line nr="3687" mi="4" ci="0" mb="0" cb="0"/><line nr="3688" mi="1" ci="0" mb="0" cb="0"/><line nr="3690" mi="4" ci="0" mb="2" cb="0"/><line nr="3691" mi="4" ci="0" mb="0" cb="0"/><line nr="3694" mi="4" ci="0" mb="2" cb="0"/><line nr="3695" mi="4" ci="0" mb="0" cb="0"/><line nr="3699" mi="0" ci="3" mb="0" cb="2"/><line nr="3700" mi="0" ci="1" mb="0" cb="0"/><line nr="3701" mi="0" ci="4" mb="1" cb="1"/><line nr="3703" mi="0" ci="7" mb="0" cb="0"/><line nr="3706" mi="0" ci="6" mb="8" cb="9"/><line nr="3709" mi="0" ci="3" mb="1" cb="1"/><line nr="3710" mi="0" ci="2" mb="0" cb="0"/><line nr="3711" mi="0" ci="4" mb="0" cb="0"/><line nr="3712" mi="0" ci="4" mb="1" cb="1"/><line nr="3713" mi="5" ci="0" mb="0" cb="0"/><line nr="3716" mi="0" ci="4" mb="1" cb="1"/><line nr="3717" mi="0" ci="5" mb="0" cb="0"/><line nr="3720" mi="0" ci="6" mb="0" cb="2"/><line nr="3721" mi="0" ci="5" mb="0" cb="0"/><line nr="3724" mi="4" ci="0" mb="0" cb="0"/><line nr="3725" mi="1" ci="0" mb="0" cb="0"/><line nr="3727" mi="4" ci="0" mb="0" cb="0"/><line nr="3728" mi="1" ci="0" mb="0" cb="0"/><line nr="3730" mi="0" ci="7" mb="1" cb="3"/><line nr="3731" mi="0" ci="3" mb="0" cb="0"/><line nr="3734" mi="4" ci="0" mb="2" cb="0"/><line nr="3735" mi="5" ci="0" mb="0" cb="0"/><line nr="3738" mi="6" ci="0" mb="2" cb="0"/><line nr="3739" mi="5" ci="0" mb="0" cb="0"/><line nr="3742" mi="4" ci="0" mb="0" cb="0"/><line nr="3743" mi="1" ci="0" mb="0" cb="0"/><line nr="3745" mi="4" ci="0" mb="0" cb="0"/><line nr="3746" mi="1" ci="0" mb="0" cb="0"/><line nr="3748" mi="7" ci="0" mb="4" cb="0"/><line nr="3749" mi="3" ci="0" mb="0" cb="0"/><line nr="3753" mi="0" ci="4" mb="0" cb="0"/><line nr="3754" mi="0" ci="1" mb="0" cb="0"/><line nr="3756" mi="0" ci="3" mb="1" cb="1"/><line nr="3757" mi="0" ci="2" mb="0" cb="0"/><line nr="3758" mi="0" ci="4" mb="0" cb="0"/><line nr="3759" mi="0" ci="1" mb="0" cb="0"/><line nr="3761" mi="0" ci="6" mb="1" cb="1"/><line nr="3762" mi="0" ci="1" mb="0" cb="0"/><line nr="3763" mi="3" ci="0" mb="2" cb="0"/><line nr="3764" mi="2" ci="0" mb="0" cb="0"/><line nr="3765" mi="4" ci="0" mb="0" cb="0"/><line nr="3766" mi="1" ci="0" mb="0" cb="0"/><line nr="3768" mi="0" ci="4" mb="1" cb="1"/><line nr="3769" mi="5" ci="0" mb="0" cb="0"/><line nr="3772" mi="4" ci="0" mb="2" cb="0"/><line nr="3773" mi="1" ci="0" mb="0" cb="0"/><line nr="3774" mi="3" ci="0" mb="2" cb="0"/><line nr="3775" mi="2" ci="0" mb="0" cb="0"/><line nr="3776" mi="4" ci="0" mb="0" cb="0"/><line nr="3777" mi="1" ci="0" mb="0" cb="0"/><line nr="3780" mi="0" ci="3" mb="0" cb="2"/><line nr="3781" mi="0" ci="1" mb="0" cb="0"/><line nr="3784" mi="5" ci="0" mb="0" cb="0"/><line nr="3785" mi="4" ci="0" mb="0" cb="0"/><line nr="3786" mi="6" ci="0" mb="0" cb="0"/><line nr="3787" mi="7" ci="0" mb="0" cb="0"/><line nr="3788" mi="7" ci="0" mb="0" cb="0"/><line nr="3791" mi="6" ci="0" mb="9" cb="0"/><line nr="3796" mi="7" ci="0" mb="2" cb="0"/><line nr="3797" mi="1" ci="0" mb="0" cb="0"/><line nr="3798" mi="3" ci="0" mb="2" cb="0"/><line nr="3799" mi="2" ci="0" mb="0" cb="0"/><line nr="3800" mi="4" ci="0" mb="0" cb="0"/><line nr="3801" mi="1" ci="0" mb="0" cb="0"/><line nr="3803" mi="7" ci="0" mb="2" cb="0"/><line nr="3804" mi="5" ci="0" mb="0" cb="0"/><line nr="3807" mi="7" ci="0" mb="2" cb="0"/><line nr="3808" mi="5" ci="0" mb="0" cb="0"/><line nr="3811" mi="7" ci="0" mb="2" cb="0"/><line nr="3812" mi="5" ci="0" mb="0" cb="0"/><line nr="3815" mi="7" ci="0" mb="2" cb="0"/><line nr="3816" mi="5" ci="0" mb="0" cb="0"/><line nr="3819" mi="7" ci="0" mb="2" cb="0"/><line nr="3820" mi="5" ci="0" mb="0" cb="0"/><line nr="3823" mi="7" ci="0" mb="2" cb="0"/><line nr="3824" mi="5" ci="0" mb="0" cb="0"/><line nr="3828" mi="7" ci="0" mb="2" cb="0"/><line nr="3829" mi="5" ci="0" mb="0" cb="0"/><line nr="3833" mi="3" ci="0" mb="2" cb="0"/><line nr="3835" mi="0" ci="3" mb="0" cb="2"/><line nr="3837" mi="0" ci="3" mb="0" cb="0"/><line nr="3838" mi="0" ci="3" mb="0" cb="0"/><line nr="3839" mi="0" ci="2" mb="0" cb="0"/><line nr="3841" mi="0" ci="1" mb="0" cb="0"/><line nr="3842" mi="0" ci="13" mb="0" cb="2"/><line nr="3843" mi="0" ci="2" mb="0" cb="0"/><line nr="3844" mi="0" ci="5" mb="0" cb="0"/><line nr="3845" mi="0" ci="4" mb="0" cb="0"/><line nr="3848" mi="0" ci="239" mb="0" cb="0"/><line nr="3856" mi="2" ci="0" mb="2" cb="0"/><line nr="3859" mi="12" ci="0" mb="2" cb="0"/><line nr="3861" mi="8" ci="0" mb="2" cb="0"/><line nr="3862" mi="2" ci="0" mb="0" cb="0"/><line nr="3863" mi="2" ci="0" mb="0" cb="0"/><line nr="3868" mi="2" ci="0" mb="2" cb="0"/><line nr="3871" mi="12" ci="0" mb="2" cb="0"/><line nr="3873" mi="2" ci="0" mb="0" cb="0"/><line nr="3878" mi="0" ci="343" mb="0" cb="0"/><line nr="3889" mi="0" ci="79" mb="0" cb="0"/><line nr="3912" mi="0" ci="343" mb="0" cb="0"/><line nr="3918" mi="0" ci="11" mb="0" cb="0"/><line nr="3921" mi="0" ci="11" mb="0" cb="0"/><line nr="3924" mi="0" ci="12" mb="0" cb="0"/><line nr="3928" mi="0" ci="4" mb="0" cb="0"/><line nr="3929" mi="0" ci="4" mb="0" cb="0"/><line nr="3930" mi="0" ci="5" mb="0" cb="0"/><line nr="3931" mi="0" ci="4" mb="0" cb="0"/><line nr="3936" mi="0" ci="2" mb="0" cb="0"/><line nr="3937" mi="0" ci="3" mb="0" cb="0"/><line nr="3938" mi="0" ci="1" mb="0" cb="0"/><line nr="3942" mi="3" ci="0" mb="0" cb="0"/><line nr="3943" mi="3" ci="0" mb="0" cb="0"/><line nr="3944" mi="1" ci="0" mb="0" cb="0"/><line nr="3949" mi="6" ci="0" mb="0" cb="0"/><line nr="3950" mi="4" ci="0" mb="0" cb="0"/><line nr="3951" mi="3" ci="0" mb="0" cb="0"/><line nr="3952" mi="2" ci="0" mb="0" cb="0"/><line nr="3953" mi="1" ci="0" mb="0" cb="0"/><line nr="3957" mi="3" ci="0" mb="0" cb="0"/><line nr="3958" mi="5" ci="0" mb="2" cb="0"/><line nr="3959" mi="6" ci="0" mb="0" cb="0"/><line nr="3960" mi="1" ci="0" mb="0" cb="0"/><line nr="3965" mi="3" ci="0" mb="0" cb="0"/><line nr="3966" mi="3" ci="0" mb="0" cb="0"/><line nr="3967" mi="1" ci="0" mb="0" cb="0"/><line nr="3972" mi="0" ci="5" mb="2" cb="2"/><line nr="3973" mi="15" ci="0" mb="0" cb="0"/><line nr="3975" mi="0" ci="3" mb="0" cb="0"/><line nr="3976" mi="0" ci="1" mb="0" cb="0"/><line nr="3986" mi="0" ci="5" mb="0" cb="0"/><line nr="3987" mi="0" ci="8" mb="0" cb="2"/><line nr="3988" mi="0" ci="4" mb="0" cb="0"/><line nr="3989" mi="0" ci="4" mb="0" cb="0"/><line nr="3990" mi="0" ci="4" mb="0" cb="0"/><line nr="3991" mi="0" ci="4" mb="0" cb="0"/><line nr="3992" mi="0" ci="5" mb="0" cb="0"/><line nr="3994" mi="0" ci="3" mb="0" cb="0"/><line nr="3995" mi="0" ci="3" mb="0" cb="0"/><line nr="3996" mi="0" ci="3" mb="0" cb="0"/><line nr="3997" mi="0" ci="3" mb="0" cb="0"/><line nr="3999" mi="0" ci="2" mb="0" cb="0"/><line nr="4002" mi="0" ci="3" mb="0" cb="0"/><line nr="4003" mi="0" ci="3" mb="0" cb="0"/><line nr="4012" mi="0" ci="2" mb="0" cb="0"/><line nr="4014" mi="0" ci="2" mb="0" cb="0"/><line nr="4021" mi="0" ci="5" mb="0" cb="0"/><line nr="4023" mi="0" ci="1" mb="0" cb="0"/><line nr="4025" mi="0" ci="3" mb="0" cb="0"/><line nr="4026" mi="0" ci="3" mb="0" cb="0"/><line nr="4027" mi="0" ci="3" mb="0" cb="0"/><line nr="4028" mi="0" ci="2" mb="0" cb="0"/><line nr="4029" mi="0" ci="1" mb="0" cb="0"/><line nr="4030" mi="0" ci="4" mb="0" cb="0"/><line nr="4031" mi="0" ci="4" mb="0" cb="0"/><line nr="4032" mi="0" ci="3" mb="0" cb="0"/><line nr="4034" mi="0" ci="3" mb="1" cb="19"/><line nr="4037" mi="0" ci="3" mb="0" cb="0"/><line nr="4038" mi="0" ci="3" mb="0" cb="0"/><line nr="4039" mi="0" ci="3" mb="0" cb="0"/><line nr="4040" mi="0" ci="7" mb="1" cb="3"/><line nr="4042" mi="0" ci="4" mb="0" cb="0"/><line nr="4046" mi="0" ci="3" mb="0" cb="0"/><line nr="4047" mi="0" ci="3" mb="0" cb="0"/><line nr="4048" mi="0" ci="3" mb="0" cb="0"/><line nr="4049" mi="0" ci="1" mb="0" cb="0"/><line nr="4051" mi="0" ci="3" mb="0" cb="0"/><line nr="4052" mi="0" ci="3" mb="0" cb="0"/><line nr="4053" mi="0" ci="3" mb="0" cb="0"/><line nr="4054" mi="0" ci="1" mb="0" cb="0"/><line nr="4056" mi="0" ci="3" mb="0" cb="0"/><line nr="4057" mi="0" ci="3" mb="0" cb="0"/><line nr="4058" mi="0" ci="3" mb="0" cb="0"/><line nr="4059" mi="0" ci="1" mb="0" cb="0"/><line nr="4061" mi="0" ci="3" mb="0" cb="0"/><line nr="4062" mi="0" ci="3" mb="0" cb="0"/><line nr="4063" mi="0" ci="3" mb="0" cb="0"/><line nr="4064" mi="0" ci="1" mb="0" cb="0"/><line nr="4066" mi="0" ci="3" mb="0" cb="0"/><line nr="4067" mi="0" ci="3" mb="0" cb="0"/><line nr="4068" mi="0" ci="3" mb="0" cb="0"/><line nr="4069" mi="0" ci="7" mb="1" cb="3"/><line nr="4071" mi="4" ci="0" mb="0" cb="0"/><line nr="4075" mi="0" ci="3" mb="0" cb="0"/><line nr="4076" mi="0" ci="3" mb="0" cb="0"/><line nr="4077" mi="0" ci="3" mb="0" cb="0"/><line nr="4078" mi="0" ci="7" mb="1" cb="3"/><line nr="4080" mi="0" ci="4" mb="0" cb="0"/><line nr="4084" mi="0" ci="3" mb="0" cb="0"/><line nr="4085" mi="0" ci="3" mb="0" cb="0"/><line nr="4086" mi="0" ci="3" mb="0" cb="0"/><line nr="4087" mi="0" ci="1" mb="0" cb="0"/><line nr="4089" mi="0" ci="3" mb="0" cb="0"/><line nr="4090" mi="0" ci="3" mb="0" cb="0"/><line nr="4091" mi="0" ci="3" mb="0" cb="0"/><line nr="4092" mi="0" ci="1" mb="0" cb="0"/><line nr="4094" mi="0" ci="3" mb="0" cb="0"/><line nr="4095" mi="0" ci="3" mb="0" cb="0"/><line nr="4096" mi="0" ci="3" mb="0" cb="0"/><line nr="4097" mi="0" ci="1" mb="0" cb="0"/><line nr="4099" mi="0" ci="3" mb="0" cb="0"/><line nr="4100" mi="0" ci="3" mb="0" cb="0"/><line nr="4101" mi="0" ci="3" mb="0" cb="0"/><line nr="4102" mi="0" ci="1" mb="0" cb="0"/><line nr="4104" mi="0" ci="3" mb="0" cb="0"/><line nr="4105" mi="0" ci="3" mb="0" cb="0"/><line nr="4106" mi="0" ci="3" mb="0" cb="0"/><line nr="4107" mi="0" ci="1" mb="0" cb="0"/><line nr="4109" mi="0" ci="3" mb="0" cb="0"/><line nr="4110" mi="0" ci="3" mb="0" cb="0"/><line nr="4111" mi="0" ci="3" mb="0" cb="0"/><line nr="4112" mi="0" ci="1" mb="0" cb="0"/><line nr="4114" mi="0" ci="3" mb="0" cb="0"/><line nr="4115" mi="0" ci="3" mb="0" cb="0"/><line nr="4116" mi="0" ci="3" mb="0" cb="0"/><line nr="4117" mi="0" ci="7" mb="0" cb="4"/><line nr="4119" mi="0" ci="4" mb="0" cb="0"/><line nr="4123" mi="0" ci="3" mb="0" cb="0"/><line nr="4124" mi="0" ci="3" mb="0" cb="0"/><line nr="4125" mi="0" ci="3" mb="0" cb="0"/><line nr="4126" mi="0" ci="7" mb="1" cb="3"/><line nr="4128" mi="4" ci="0" mb="0" cb="0"/><line nr="4132" mi="0" ci="3" mb="0" cb="0"/><line nr="4133" mi="0" ci="3" mb="0" cb="0"/><line nr="4134" mi="0" ci="3" mb="0" cb="0"/><line nr="4135" mi="0" ci="1" mb="0" cb="0"/><line nr="4137" mi="0" ci="3" mb="0" cb="0"/><line nr="4138" mi="0" ci="3" mb="0" cb="0"/><line nr="4139" mi="0" ci="3" mb="0" cb="0"/><line nr="4140" mi="0" ci="1" mb="0" cb="0"/><line nr="4142" mi="0" ci="3" mb="0" cb="0"/><line nr="4143" mi="0" ci="3" mb="0" cb="0"/><line nr="4144" mi="0" ci="3" mb="0" cb="0"/><line nr="4145" mi="0" ci="1" mb="0" cb="0"/><line nr="4147" mi="0" ci="3" mb="0" cb="0"/><line nr="4148" mi="0" ci="3" mb="0" cb="0"/><line nr="4149" mi="0" ci="3" mb="0" cb="0"/><line nr="4152" mi="0" ci="4" mb="1" cb="1"/><line nr="4154" mi="0" ci="6" mb="0" cb="2"/><line nr="4155" mi="0" ci="9" mb="0" cb="0"/><line nr="4156" mi="0" ci="16" mb="0" cb="2"/><line nr="4158" mi="0" ci="3" mb="0" cb="0"/><line nr="4159" mi="0" ci="3" mb="0" cb="0"/><line nr="4160" mi="0" ci="3" mb="0" cb="0"/><line nr="4161" mi="0" ci="6" mb="0" cb="2"/><line nr="4162" mi="0" ci="6" mb="0" cb="0"/><line nr="4163" mi="0" ci="2" mb="0" cb="0"/><line nr="4167" mi="0" ci="16" mb="0" cb="2"/><line nr="4169" mi="0" ci="3" mb="0" cb="0"/><line nr="4170" mi="0" ci="2" mb="1" cb="1"/><line nr="4171" mi="0" ci="3" mb="0" cb="0"/><line nr="4174" mi="3" ci="0" mb="0" cb="0"/><line nr="4175" mi="5" ci="0" mb="0" cb="0"/><line nr="4178" mi="0" ci="6" mb="1" cb="1"/><line nr="4179" mi="7" ci="0" mb="0" cb="0"/><line nr="4183" mi="4" ci="0" mb="0" cb="0"/><line nr="4184" mi="4" ci="0" mb="0" cb="0"/><line nr="4185" mi="2" ci="0" mb="0" cb="0"/><line nr="4186" mi="2" ci="0" mb="0" cb="0"/><line nr="4187" mi="8" ci="0" mb="0" cb="0"/><line nr="4188" mi="1" ci="0" mb="0" cb="0"/><line nr="4189" mi="2" ci="0" mb="0" cb="0"/><line nr="4190" mi="9" ci="0" mb="2" cb="0"/><line nr="4191" mi="8" ci="0" mb="4" cb="0"/><line nr="4192" mi="1" ci="0" mb="0" cb="0"/><line nr="4193" mi="3" ci="0" mb="0" cb="0"/><line nr="4196" mi="1" ci="0" mb="0" cb="0"/><line nr="4197" mi="1" ci="0" mb="0" cb="0"/><line nr="4198" mi="2" ci="0" mb="2" cb="0"/><line nr="4199" mi="4" ci="0" mb="0" cb="0"/><line nr="4200" mi="9" ci="0" mb="2" cb="0"/><line nr="4202" mi="13" ci="0" mb="0" cb="0"/><line nr="4208" mi="0" ci="3" mb="0" cb="2"/><line nr="4211" mi="0" ci="17" mb="0" cb="0"/><line nr="4212" mi="0" ci="4" mb="0" cb="0"/><line nr="4213" mi="0" ci="1" mb="0" cb="0"/><line nr="4217" mi="0" ci="1" mb="0" cb="0"/><line nr="4220" mi="0" ci="7" mb="0" cb="2"/><line nr="4222" mi="0" ci="11" mb="0" cb="0"/><line nr="4223" mi="0" ci="6" mb="0" cb="0"/><line nr="4225" mi="0" ci="1" mb="0" cb="0"/><line nr="4229" mi="0" ci="13" mb="0" cb="0"/><line nr="4230" mi="0" ci="4" mb="0" cb="2"/><line nr="4231" mi="0" ci="1" mb="0" cb="0"/><line nr="4234" mi="0" ci="3" mb="0" cb="0"/><line nr="4235" mi="0" ci="3" mb="0" cb="0"/><line nr="4236" mi="0" ci="1" mb="0" cb="0"/><line nr="4241" mi="0" ci="5" mb="0" cb="0"/><line nr="4242" mi="0" ci="4" mb="0" cb="2"/><line nr="4243" mi="0" ci="1" mb="0" cb="0"/><counter type="INSTRUCTION" missed="3984" covered="6651"/><counter type="BRANCH" missed="951" covered="904"/><counter type="LINE" missed="945" covered="1344"/><counter type="COMPLEXITY" missed="731" covered="477"/><counter type="METHOD" missed="35" covered="77"/><counter type="CLASS" missed="0" covered="1"/></sourcefile><sourcefile name="ASTJspScriptlet.java"><line nr="10" mi="3" ci="0" mb="0" cb="0"/><line nr="11" mi="1" ci="0" mb="0" cb="0"/><line nr="14" mi="0" ci="4" mb="0" cb="0"/><line nr="15" mi="0" ci="1" mb="0" cb="0"/><line nr="21" mi="0" ci="5" mb="0" cb="0"/><counter type="INSTRUCTION" missed="4" covered="10"/><counter type="LINE" missed="2" covered="3"/><counter type="COMPLEXITY" missed="1" covered="2"/><counter type="METHOD" missed="1" covered="2"/><counter type="CLASS" missed="0" covered="1"/></sourcefile><counter type="INSTRUCTION" missed="7468" covered="10595"/><counter type="BRANCH" missed="1395" covered="1190"/><counter type="LINE" missed="1526" covered="2230"/><counter type="COMPLEXITY" missed="1120" covered="744"/><counter type="METHOD" missed="126" covered="260"/><counter type="CLASS" missed="7" covered="32"/></package><counter type="INSTRUCTION" missed="7693" covered="11101"/><counter type="BRANCH" missed="1402" covered="1223"/><counter type="LINE" missed="1571" covered="2320"/><counter type="COMPLEXITY" missed="1153" covered="801"/><counter type="METHOD" missed="153" covered="303"/><counter type="CLASS" missed="11" covered="43"/></report>