GROUP,PACKAGE,CLASS,INSTRUCTION_MISSED,INSTRUCTION_COVERED,BRANCH_MISSED,BRANCH_COVERED,LINE_MISSED,LINE_COVERED,COMPLEXITY_MISSED,COMPLEXITY_COVERED,METHOD_MISSED,METHOD_COVERED
PMD Java,net.sourceforge.pmd.lang.java.rule.comments,CommentContentRule,50,240,9,19,8,48,8,16,1,9
PMD Java,net.sourceforge.pmd.lang.java.rule.comments,CommentRequiredRule,70,546,26,54,5,78,20,34,0,14
PMD Java,net.sourceforge.pmd.lang.java.rule.comments,CommentDefaultAccessModifierRule,13,225,4,28,7,36,6,20,2,8
PMD Java,net.sourceforge.pmd.lang.java.rule.comments,AbstractCommentRule,46,420,12,66,12,87,11,40,1,11
PMD Java,net.sourceforge.pmd.lang.java.rule.comments,HeaderCommentsRule,64,0,0,0,11,0,3,0,3,0
PMD Java,net.sourceforge.pmd.lang.java.rule.comments,HeaderCommentsRule.RequiredHeaderPlacement,95,0,2,0,13,0,6,0,5,0
PMD Java,net.sourceforge.pmd.lang.java.rule.comments,CodeInCommentsRule,3,0,0,0,1,0,1,0,1,0
PMD Java,net.sourceforge.pmd.lang.java.rule.comments,CommentRequiredRule.CommentRequirement,5,79,0,2,0,10,1,5,1,4
PMD Java,net.sourceforge.pmd.lang.java.rule.comments,CommentSizeRule,2,257,1,25,1,40,1,19,0,7
PMD Java,net.sourceforge.pmd.lang.java.rule.comments,JavadocRule,3,0,0,0,1,0,1,0,1,0
PMD Java,net.sourceforge.pmd.lang.java.rule.logging,GuardLogStatementJavaUtilRule,0,195,2,20,0,35,2,16,0,7
PMD Java,net.sourceforge.pmd.lang.java.rule.logging,GuardLogStatementRule,28,235,2,20,5,48,2,17,0,8
PMD Java,net.sourceforge.pmd.lang.java.rule.logging,GuardDebugLoggingRule,0,16,0,0,0,5,0,2,0,2
PMD Java,net.sourceforge.pmd.lang.java.rule.logging,MoreThanOneLoggerRule,15,137,3,19,7,33,3,15,0,7
PMD Java,net.sourceforge.pmd.lang.java.xpath,TypeOfFunction,19,136,8,24,5,33,8,12,0,4
PMD Java,net.sourceforge.pmd.lang.java.xpath,GetCommentOnFunction,53,12,10,0,12,3,6,2,1,2
PMD Java,net.sourceforge.pmd.lang.java.xpath,JavaFunctions,19,0,0,0,4,0,3,0,3,0
PMD Java,net.sourceforge.pmd.lang.java.rule.naming,VariableNamingConventionsRule,9,599,9,53,2,102,9,36,0,14
PMD Java,net.sourceforge.pmd.lang.java.rule.naming,AvoidDollarSignsRule,0,54,0,6,0,13,0,7,0,4
PMD Java,net.sourceforge.pmd.lang.java.rule.naming,ClassNamingConventionsRule,0,15,0,2,0,4,0,3,0,2
PMD Java,net.sourceforge.pmd.lang.java.rule.naming,MethodWithSameNameAsEnclosingClassRule,0,32,0,4,0,7,0,4,0,2
PMD Java,net.sourceforge.pmd.lang.java.rule.naming,SuspiciousHashcodeMethodNameRule,0,55,4,8,0,10,4,4,0,2
PMD Java,net.sourceforge.pmd.lang.java.rule.naming,AvoidFieldNameMatchingMethodNameRule,1,94,1,13,1,21,1,9,0,3
PMD Java,net.sourceforge.pmd.lang.java.rule.naming,AvoidFieldNameMatchingTypeNameRule,0,32,0,6,0,8,0,6,0,3
PMD Java,net.sourceforge.pmd.lang.java.rule.naming,MethodNamingConventionsRule,0,104,2,14,0,24,2,11,0,5
PMD Java,net.sourceforge.pmd.lang.java.dfa,DataFlowFacade,0,40,0,0,0,11,0,4,0,4
PMD Java,net.sourceforge.pmd.lang.java.dfa,JavaDataFlowNode,41,5,6,0,5,2,4,1,1,1
PMD Java,net.sourceforge.pmd.lang.java.dfa,JavaDFAGraphRule,28,0,0,0,8,0,4,0,4,0
PMD Java,net.sourceforge.pmd.lang.java.dfa,StatementAndBraceFinder,503,659,43,95,45,163,43,43,0,17
PMD Java,net.sourceforge.pmd.lang.java.dfa,VariableAccessVisitor,1,260,5,29,1,55,5,20,0,8
PMD Java,net.sourceforge.pmd.lang.java.rule.design,SimplifyBooleanReturnsRule,120,327,37,57,28,55,27,33,2,11
PMD Java,net.sourceforge.pmd.lang.java.rule.design,SingularFieldRule,5,267,5,51,3,63,5,27,0,4
PMD Java,net.sourceforge.pmd.lang.java.rule.design,AssignmentToNonFinalStaticRule,0,83,1,13,0,20,1,9,0,3
PMD Java,net.sourceforge.pmd.lang.java.rule.design,ConstructorCallsOverridableMethodRule.MethodInvocation,174,287,15,43,33,77,10,29,1,9
PMD Java,net.sourceforge.pmd.lang.java.rule.design,UseCollectionIsEmptyRule,0,204,0,20,0,34,0,17,0,7
PMD Java,net.sourceforge.pmd.lang.java.rule.design,AccessorClassGenerationRule,34,297,11,29,5,73,10,26,0,16
PMD Java,net.sourceforge.pmd.lang.java.rule.design,UseUtilityClassRule,2,174,3,47,1,50,3,26,0,4
PMD Java,net.sourceforge.pmd.lang.java.rule.design,SwitchDensityRule.SwitchDensity,12,34,1,1,4,9,3,4,2,4
PMD Java,net.sourceforge.pmd.lang.java.rule.design,GenericClassCounterRule,341,0,20,0,63,0,21,0,11,0
PMD Java,net.sourceforge.pmd.lang.java.rule.design,UnsynchronizedStaticDateFormatterRule,0,90,1,15,0,19,1,10,0,3
PMD Java,net.sourceforge.pmd.lang.java.rule.design,ConstructorCallsOverridableMethodRule.ConstructorInvocation,6,44,1,1,2,13,3,3,2,3
PMD Java,net.sourceforge.pmd.lang.java.rule.design,SwitchDensityRule,8,72,3,5,2,22,3,5,0,4
PMD Java,net.sourceforge.pmd.lang.java.rule.design,ImmutableFieldRule,0,220,5,51,0,47,5,30,0,7
PMD Java,net.sourceforge.pmd.lang.java.rule.design,ConstructorCallsOverridableMethodRule.ConstructorHolderComparator,0,9,0,0,0,2,0,2,0,2
PMD Java,net.sourceforge.pmd.lang.java.rule.design,ExcessiveNodeCountRule,0,58,0,4,0,14,0,4,0,2
PMD Java,net.sourceforge.pmd.lang.java.rule.design,PreserveStackTraceRule,22,345,14,56,7,73,14,28,0,7
PMD Java,net.sourceforge.pmd.lang.java.rule.design,PositionalIteratorRule,157,0,30,0,33,0,21,0,6,0
PMD Java,net.sourceforge.pmd.lang.java.rule.design,AvoidDeeplyNestedIfStmtsRule,0,66,0,4,0,14,0,6,0,4
PMD Java,net.sourceforge.pmd.lang.java.rule.design,CompareObjectsWithEqualsRule,4,184,11,39,2,29,11,19,0,5
PMD Java,net.sourceforge.pmd.lang.java.rule.design,GodClassRule,17,584,6,64,3,118,7,51,1,22
PMD Java,net.sourceforge.pmd.lang.java.rule.design,CloseResourceRule,34,730,24,114,9,150,21,60,0,12
PMD Java,net.sourceforge.pmd.lang.java.rule.design,UnnecessaryLocalBeforeReturnRule,8,131,2,26,2,27,2,16,0,4
PMD Java,net.sourceforge.pmd.lang.java.rule.design,ConfusingTernaryRule,4,194,9,47,2,38,9,28,0,9
PMD Java,net.sourceforge.pmd.lang.java.rule.design,ConstructorCallsOverridableMethodRule.ConstructorHolder,0,63,1,7,0,22,1,10,0,7
PMD Java,net.sourceforge.pmd.lang.java.rule.design,ConstructorCallsOverridableMethodRule.MethodHolderComparator,0,9,0,0,0,2,0,2,0,2
PMD Java,net.sourceforge.pmd.lang.java.rule.design,ExcessiveLengthRule,0,40,0,2,0,10,0,3,0,2
PMD Java,net.sourceforge.pmd.lang.java.rule.design,IdempotentOperationsRule,17,201,9,33,3,29,9,14,0,2
PMD Java,net.sourceforge.pmd.lang.java.rule.design,AccessorClassGenerationRule.ClassData,0,53,0,0,0,16,0,8,0,8
PMD Java,net.sourceforge.pmd.lang.java.rule.design,ConstructorCallsOverridableMethodRule.MethodHolder,0,23,0,0,0,10,0,6,0,6
PMD Java,net.sourceforge.pmd.lang.java.rule.design,SingletonClassReturningNewInstanceRule,6,174,8,24,2,44,8,12,0,4
PMD Java,net.sourceforge.pmd.lang.java.rule.design,ConstructorCallsOverridableMethodRule.EvalPackage,0,37,0,0,0,9,0,2,0,2
PMD Java,net.sourceforge.pmd.lang.java.rule.design,ConstructorCallsOverridableMethodRule.NullEvalPackage,0,18,0,0,0,7,0,1,0,1
PMD Java,net.sourceforge.pmd.lang.java.rule.design,AvoidReassigningParametersRule,0,98,1,17,0,17,1,12,0,4
PMD Java,net.sourceforge.pmd.lang.java.rule.design,AccessorClassGenerationRule.AllocData,23,95,3,7,3,22,3,7,0,5
PMD Java,net.sourceforge.pmd.lang.java.rule.design,NonThreadSafeSingletonRule,10,217,7,29,4,44,7,16,0,5
PMD Java,net.sourceforge.pmd.lang.java.rule.design,SingleMethodSingletonRule,0,45,0,6,0,10,0,6,0,3
PMD Java,net.sourceforge.pmd.lang.java.rule.design,ConstructorCallsOverridableMethodRule,63,834,35,131,18,186,29,76,0,22
PMD Java,net.sourceforge.pmd.lang.java.rule.design,FieldDeclarationsShouldBeAtStartOfClassRule,0,133,3,25,0,30,3,14,0,3
PMD Java,net.sourceforge.pmd.lang.java.rule.controversial,NullAssignmentRule,0,106,6,22,0,17,6,12,0,4
PMD Java,net.sourceforge.pmd.lang.java.rule.controversial,SuspiciousOctalEscapeRule,9,153,14,28,2,34,13,12,0,4
PMD Java,net.sourceforge.pmd.lang.java.rule.controversial,DaaRuleViolation,0,24,0,0,0,7,0,3,0,3
PMD Java,net.sourceforge.pmd.lang.java.rule.controversial,AssignmentInOperandRule,22,138,9,21,0,17,6,14,0,5
PMD Java,net.sourceforge.pmd.lang.java.rule.controversial,DataflowAnomalyAnalysisRule.Usage,16,9,0,0,1,4,1,1,1,1
PMD Java,net.sourceforge.pmd.lang.java.rule.controversial,OnlyOneReturnRule,0,81,0,14,0,23,0,11,0,4
PMD Java,net.sourceforge.pmd.lang.java.rule.controversial,DataflowAnomalyAnalysisRule,3,328,8,34,1,58,8,22,0,9
PMD Java,net.sourceforge.pmd.lang.java.rule.controversial,DontImportSunRule,0,22,0,4,0,5,0,4,0,2
PMD Java,net.sourceforge.pmd.lang.java.rule.migrating,JUnitUseExpectedRule,1,200,3,35,1,46,3,20,0,4
PMD Java,net.sourceforge.pmd.lang.java.rule.migrating,UnnecessaryCastRule,166,0,10,0,42,0,10,0,5,0
PMD Java,net.sourceforge.pmd.lang.java.rule.unusedcode,UnusedPrivateMethodRule,0,210,0,36,0,41,0,23,0,5
PMD Java,net.sourceforge.pmd.lang.java.rule.unusedcode,UnusedLocalVariableRule,0,63,0,12,0,14,0,9,0,3
PMD Java,net.sourceforge.pmd.lang.java.rule.unusedcode,UnusedPrivateFieldRule,4,402,10,58,2,85,10,35,0,11
PMD Java,net.sourceforge.pmd.lang.java.rule.unusedcode,UnusedFormalParameterRule,11,273,15,49,1,50,13,28,0,9
PMD Java,net.sourceforge.pmd.lang.java.rule.unusedcode,UnusedModifierRule,0,129,1,41,0,24,1,25,0,5
PMD Java,net.sourceforge.pmd.lang.java.typeresolution.rules,LooseCoupling,0,78,5,17,0,17,5,9,0,3
PMD Java,net.sourceforge.pmd.lang.java.typeresolution.rules,CloneMethodMustImplementCloneable,38,162,26,30,9,33,21,11,0,4
PMD Java,net.sourceforge.pmd.lang.java.typeresolution.rules,SignatureDeclareThrowsException,45,233,21,35,9,48,17,24,0,13
PMD Java,net.sourceforge.pmd.lang.java.rule.codesize,TooManyFieldsRule,0,145,2,14,0,29,2,10,0,4
PMD Java,net.sourceforge.pmd.lang.java.rule.codesize,ExcessivePublicCountRule,0,34,0,6,0,10,0,7,0,4
PMD Java,net.sourceforge.pmd.lang.java.rule.codesize,NcssMethodCountRule,0,31,0,0,0,5,0,3,0,3
PMD Java,net.sourceforge.pmd.lang.java.rule.codesize,NcssTypeCountRule,0,73,0,4,0,17,0,11,0,9
PMD Java,net.sourceforge.pmd.lang.java.rule.codesize,StdCyclomaticComplexityRule,34,490,7,37,1,94,7,29,0,14
PMD Java,net.sourceforge.pmd.lang.java.rule.codesize,ModifiedCyclomaticComplexityRule,0,15,0,0,0,4,0,2,0,2
PMD Java,net.sourceforge.pmd.lang.java.rule.codesize,ExcessiveClassLengthRule,0,9,0,0,0,3,0,1,0,1
PMD Java,net.sourceforge.pmd.lang.java.rule.codesize,StdCyclomaticComplexityRule.Entry,0,41,0,2,0,9,0,5,0,4
PMD Java,net.sourceforge.pmd.lang.java.rule.codesize,ExcessiveParameterListRule,0,11,0,0,0,4,0,2,0,2
PMD Java,net.sourceforge.pmd.lang.java.rule.codesize,NPathComplexityRule,62,365,9,31,15,74,8,27,1,14
PMD Java,net.sourceforge.pmd.lang.java.rule.codesize,CyclomaticComplexityRule,0,120,1,1,0,26,1,7,0,7
PMD Java,net.sourceforge.pmd.lang.java.rule.codesize,NcssConstructorCountRule,0,29,0,0,0,5,0,3,0,3
PMD Java,net.sourceforge.pmd.lang.java.rule.codesize,ExcessiveMethodLengthRule,0,9,0,0,0,3,0,1,0,1
PMD Java,net.sourceforge.pmd.lang.java.rule.codesize,AbstractNcssCountRule,20,168,0,12,4,41,4,21,4,15
PMD Java,net.sourceforge.pmd.lang.java.rule,AbstractJavaRule,56,599,6,4,14,124,9,117,6,115
PMD Java,net.sourceforge.pmd.lang.java.rule,StringConcatenationRule,26,0,6,0,9,0,5,0,2,0
PMD Java,net.sourceforge.pmd.lang.java.rule,JavaRuleViolation,2,211,3,39,0,48,3,24,0,6
PMD Java,net.sourceforge.pmd.lang.java.rule,AbstractInefficientZeroCheck,0,246,3,25,0,46,3,22,0,11
PMD Java,net.sourceforge.pmd.lang.java.rule,JavaRuleViolationFactory,0,28,0,0,0,5,0,4,0,4
PMD Java,net.sourceforge.pmd.lang.java.rule,SymbolTableTestRule,47,0,4,0,8,0,4,0,2,0
PMD Java,net.sourceforge.pmd.lang.java.rule,UselessAssignment,95,0,12,0,21,0,9,0,3,0
PMD Java,net.sourceforge.pmd.lang.java.rule,AbstractPoorMethodCall,0,109,1,19,0,25,1,12,0,3
PMD Java,net.sourceforge.pmd.lang.java.rule,UselessAssignment.Usage,25,0,0,0,5,0,2,0,2,0
PMD Java,net.sourceforge.pmd.lang.java.rule,GenericLiteralCheckerRule,60,0,12,0,15,0,10,0,4,0
PMD Java,net.sourceforge.pmd.lang.java.rule,JavaRuleChainVisitor.new JavaParserVisitorAdapter() {...},0,15,0,0,0,3,0,2,0,2
PMD Java,net.sourceforge.pmd.lang.java.rule,JavaRuleChainVisitor,0,42,0,4,0,9,0,5,0,3
PMD Java,net.sourceforge.pmd.lang.java.rule,AbstractStatisticalJavaRule,0,25,0,0,0,8,0,4,0,4
PMD Java,net.sourceforge.pmd.lang.java.rule.coupling,LoosePackageCouplingRule,2,214,5,25,0,37,5,20,0,10
PMD Java,net.sourceforge.pmd.lang.java.rule.coupling,LawOfDemeterRule,0,62,0,6,0,13,0,6,0,3
PMD Java,net.sourceforge.pmd.lang.java.rule.coupling,LooseCouplingRule,0,76,2,20,0,16,2,12,0,3
PMD Java,net.sourceforge.pmd.lang.java.rule.coupling,CouplingBetweenObjectsRule,0,283,2,54,0,49,2,38,0,12
PMD Java,net.sourceforge.pmd.lang.java.rule.coupling,ExcessiveImportsRule,0,11,0,0,0,4,0,2,0,2
PMD Java,net.sourceforge.pmd.lang.java.rule.coupling,LawOfDemeterRule.Assignment,25,21,0,0,1,7,1,2,1,2
PMD Java,net.sourceforge.pmd.lang.java.rule.coupling,LawOfDemeterRule.MethodCall,65,669,9,111,4,153,10,73,1,22
PMD Java,net.sourceforge.pmd.lang.java.typeresolution.visitors,PMDASMVisitor.PMDFieldVisitor,10,8,0,0,3,4,2,2,2,2
PMD Java,net.sourceforge.pmd.lang.java.typeresolution.visitors,PMDASMVisitor.PMDAnnotationVisitor,7,25,0,2,2,10,1,6,1,5
PMD Java,net.sourceforge.pmd.lang.java.typeresolution.visitors,PMDASMVisitor.PMDSignatureVisitor,8,34,0,0,3,18,2,15,2,15
PMD Java,net.sourceforge.pmd.lang.java.typeresolution.visitors,PMDASMVisitor.PMDMethodVisitor,25,101,0,6,7,38,4,25,4,22
PMD Java,net.sourceforge.pmd.lang.java.typeresolution.visitors,PMDASMVisitor,5,265,1,28,2,68,2,31,1,17
PMD Java,net.sourceforge.pmd.lang.java.rule.optimizations,AvoidInstantiatingObjectsInLoopsRule,4,86,1,25,1,15,1,17,0,5
PMD Java,net.sourceforge.pmd.lang.java.rule.optimizations,RedundantFieldInitializerRule,9,320,10,54,3,63,10,27,0,5
PMD Java,net.sourceforge.pmd.lang.java.rule.optimizations,PrematureDeclarationRule,5,233,4,34,2,53,4,25,0,10
PMD Java,net.sourceforge.pmd.lang.java.rule.optimizations,MethodArgumentCouldBeFinalRule,0,73,1,11,0,15,1,9,0,4
PMD Java,net.sourceforge.pmd.lang.java.rule.optimizations,UnnecessaryWrapperObjectCreationRule,5,159,6,18,1,19,6,9,0,3
PMD Java,net.sourceforge.pmd.lang.java.rule.optimizations,AbstractOptimizationRule,0,37,0,8,0,10,0,7,0,3
PMD Java,net.sourceforge.pmd.lang.java.rule.optimizations,UseStringBufferForStringAppendsRule,0,147,7,35,0,33,7,16,0,2
PMD Java,net.sourceforge.pmd.lang.java.rule.optimizations,LocalVariableCouldBeFinalRule,0,51,0,8,0,13,0,6,0,2
PMD Java,net.sourceforge.pmd.lang.java.rule.sunsecure,ArrayIsStoredDirectlyRule,15,278,10,48,5,69,9,28,0,8
PMD Java,net.sourceforge.pmd.lang.java.rule.sunsecure,AbstractSunSecureRule,0,175,8,32,0,34,8,19,0,7
PMD Java,net.sourceforge.pmd.lang.java.rule.sunsecure,MethodReturnsInternalArrayRule,3,300,15,63,2,62,15,30,0,6
PMD Java,net.sourceforge.pmd.lang.java.rule.javabeans,BeanMembersShouldSerializeRule,0,266,2,40,0,47,2,26,0,7
PMD Java,net.sourceforge.pmd.lang.java.rule.junit,AbstractJUnitRule,19,236,6,46,9,59,6,30,0,10
PMD Java,net.sourceforge.pmd.lang.java.rule.junit,JUnitTestsShouldIncludeAssertRule,10,185,18,42,2,36,16,20,0,6
PMD Java,net.sourceforge.pmd.lang.java.rule.junit,JUnitAssertionsShouldIncludeMessageRule.new JUnitAssertionsShouldIncludeMessageRule.AssertionCall() {...},0,25,1,3,0,3,1,3,0,2
PMD Java,net.sourceforge.pmd.lang.java.rule.junit,TestClassWithoutTestCasesRule,0,66,4,16,0,15,4,9,0,3
PMD Java,net.sourceforge.pmd.lang.java.rule.junit,JUnitAssertionsShouldIncludeMessageRule.AssertionCall,0,69,1,13,0,14,1,9,0,3
PMD Java,net.sourceforge.pmd.lang.java.rule.junit,JUnitAssertionsShouldIncludeMessageRule,0,139,0,2,0,18,0,3,0,2
PMD Java,net.sourceforge.pmd.lang.java.rule.regex,RegexHelper,61,0,16,0,15,0,11,0,3,0
PMD Java,net.sourceforge.pmd.lang.java.rule.imports,ImportFromSamePackageRule,8,25,4,4,1,6,3,3,0,2
PMD Java,net.sourceforge.pmd.lang.java.rule.imports,UnusedImportsRule,1,297,2,32,1,60,2,24,0,9
PMD Java,net.sourceforge.pmd.lang.java.rule.imports,DontImportJavaLangRule,0,53,1,17,0,9,1,10,0,2
PMD Java,net.sourceforge.pmd.lang.java.rule.imports,UnnecessaryFullyQualifiedNameRule,0,338,3,47,0,71,3,31,0,9
PMD Java,net.sourceforge.pmd.lang.java.rule.imports,DuplicateImportsRule,0,242,3,33,0,43,3,19,0,4
PMD Java,net.sourceforge.pmd.lang.java.rule.imports,UnnecessaryFullyQualifiedNameRule.PotentialViolation,0,36,0,0,0,7,0,2,0,2
PMD Java,net.sourceforge.pmd.lang.java.typeresolution.rules.imports,UnusedImports,0,97,2,14,0,24,2,9,0,3
PMD Java,net.sourceforge.pmd.lang.java.symboltable,MethodNameDeclaration,26,227,1,25,2,48,2,19,1,7
PMD Java,net.sourceforge.pmd.lang.java.symboltable,DeclarationFinderFunction,0,49,1,9,0,11,1,9,0,5
PMD Java,net.sourceforge.pmd.lang.java.symboltable,SimpleTypedNameDeclaration,84,329,21,91,15,67,19,48,2,9
PMD Java,net.sourceforge.pmd.lang.java.symboltable,LocalScope,32,96,3,15,2,24,4,11,1,5
PMD Java,net.sourceforge.pmd.lang.java.symboltable,JavaNameOccurrence,55,347,18,74,3,73,18,51,1,22
PMD Java,net.sourceforge.pmd.lang.java.symboltable,TypeSet.AbstractResolver,0,6,0,0,0,3,0,1,0,1
PMD Java,net.sourceforge.pmd.lang.java.symboltable,VariableNameDeclaration,25,171,4,24,4,34,6,24,2,14
PMD Java,net.sourceforge.pmd.lang.java.symboltable,TypeSet,0,159,0,6,0,34,0,13,0,10
PMD Java,net.sourceforge.pmd.lang.java.symboltable,TypeSet.ExplicitImportResolver,0,48,0,6,0,10,0,5,0,2
PMD Java,net.sourceforge.pmd.lang.java.symboltable,TypeSet.CurrentPackageResolver,0,22,0,0,0,4,0,2,0,2
PMD Java,net.sourceforge.pmd.lang.java.symboltable,ClassScope.new ThreadLocal() {...},3,3,0,0,1,1,1,1,1,1
PMD Java,net.sourceforge.pmd.lang.java.symboltable,NameFinder,27,218,4,30,6,40,4,18,1,4
PMD Java,net.sourceforge.pmd.lang.java.symboltable,MethodScope,21,111,5,15,2,28,5,12,1,6
PMD Java,net.sourceforge.pmd.lang.java.symboltable,ScopeAndDeclarationFinder,0,379,0,18,0,109,0,33,0,24
PMD Java,net.sourceforge.pmd.lang.java.symboltable,AbstractJavaScope,49,30,5,5,7,7,4,6,1,4
PMD Java,net.sourceforge.pmd.lang.java.symboltable,SourceFileScope,19,183,2,12,2,42,3,18,1,13
PMD Java,net.sourceforge.pmd.lang.java.symboltable,ClassScope,103,1255,23,193,20,267,20,110,1,21
PMD Java,net.sourceforge.pmd.lang.java.symboltable,TypeSet.VoidResolver,0,14,0,2,0,4,0,3,0,2
PMD Java,net.sourceforge.pmd.lang.java.symboltable,TypeSet.PrimitiveTypeResolver,0,72,0,2,0,14,0,3,0,2
PMD Java,net.sourceforge.pmd.lang.java.symboltable,ImageFinderFunction,0,39,0,2,0,11,0,5,0,4
PMD Java,net.sourceforge.pmd.lang.java.symboltable,TypeSet.ImportOnDemandResolver,0,61,0,4,0,10,0,4,0,2
PMD Java,net.sourceforge.pmd.lang.java.symboltable,OccurrenceFinder,0,105,0,14,0,28,0,9,0,2
PMD Java,net.sourceforge.pmd.lang.java.symboltable,Search,0,66,0,6,0,16,0,8,0,5
PMD Java,net.sourceforge.pmd.lang.java.symboltable,TypeSet.FullyQualifiedNameResolver,0,15,0,2,0,5,0,3,0,2
PMD Java,net.sourceforge.pmd.lang.java.symboltable,Applier,3,9,0,2,2,3,1,2,1,1
PMD Java,net.sourceforge.pmd.lang.java.symboltable,VariableUsageFinderFunction,0,24,0,0,0,7,0,3,0,3
PMD Java,net.sourceforge.pmd.lang.java.symboltable,SymbolFacade,0,29,0,0,0,8,0,3,0,3
PMD Java,net.sourceforge.pmd.lang.java.symboltable,ClassNameDeclaration,55,8,4,0,8,4,6,2,4,2
PMD Java,net.sourceforge.pmd.lang.java.symboltable,TypeSet.ImplicitImportResolver,0,16,0,0,0,3,0,2,0,2
PMD Java,net.sourceforge.pmd.lang.java.rule.finalizers,AvoidCallingFinalizeRule,4,115,3,23,2,26,3,15,0,5
PMD Java,net.sourceforge.pmd.lang.java.ast,ASTAnnotationMethodDeclaration,14,0,0,0,5,0,3,0,3,0
PMD Java,net.sourceforge.pmd.lang.java.ast,ASTSwitchLabel,4,17,0,0,2,6,1,4,1,4
PMD Java,net.sourceforge.pmd.lang.java.ast,ASTArrayDimsAndInits,4,10,0,0,2,3,1,2,1,2
PMD Java,net.sourceforge.pmd.lang.java.ast,ASTTypeBound,4,10,0,0,2,3,1,2,1,2
PMD Java,net.sourceforge.pmd.lang.java.ast,JavaParserConstants,0,516,0,0,0,1,0,1,0,1
PMD Java,net.sourceforge.pmd.lang.java.ast,ASTAnnotation,4,158,3,23,2,22,4,15,1,5
PMD Java,net.sourceforge.pmd.lang.java.ast,ASTSynchronizedStatement,4,10,0,0,2,3,1,2,1,2
PMD Java,net.sourceforge.pmd.lang.java.ast,ASTForInit,4,10,0,0,2,3,1,2,1,2
PMD Java,net.sourceforge.pmd.lang.java.ast,ASTPrimaryExpression,4,10,0,0,2,3,1,2,1,2
PMD Java,net.sourceforge.pmd.lang.java.ast,ASTLiteral,5,248,16,48,1,60,15,33,0,16
PMD Java,net.sourceforge.pmd.lang.java.ast,ASTSingleMemberAnnotation,4,10,0,0,2,3,1,2,1,2
PMD Java,net.sourceforge.pmd.lang.java.ast,CommentUtil,274,58,44,8,63,16,28,6,6,2
PMD Java,net.sourceforge.pmd.lang.java.ast,ASTConditionalAndExpression,4,10,0,0,2,3,1,2,1,2
PMD Java,net.sourceforge.pmd.lang.java.ast,ASTNameList,4,10,0,0,2,3,1,2,1,2
PMD Java,net.sourceforge.pmd.lang.java.ast,ASTThrowStatement,4,22,0,2,2,5,1,4,1,3
PMD Java,net.sourceforge.pmd.lang.java.ast,ASTEnumDeclaration,4,10,0,0,2,3,1,2,1,2
PMD Java,net.sourceforge.pmd.lang.java.ast,JavaParser.LookaheadSuccess,0,3,0,0,0,1,0,1,0,1
PMD Java,net.sourceforge.pmd.lang.java.ast,ASTClassOrInterfaceBodyDeclaration,4,49,0,6,2,12,1,9,1,6
PMD Java,net.sourceforge.pmd.lang.java.ast,ASTStatementExpression,4,10,0,0,2,3,1,2,1,2
PMD Java,net.sourceforge.pmd.lang.java.ast,ASTRSIGNEDSHIFT,4,10,0,0,2,3,1,2,1,2
PMD Java,net.sourceforge.pmd.lang.java.ast,ASTExpression,4,10,0,0,2,3,1,2,1,2
PMD Java,net.sourceforge.pmd.lang.java.ast,ASTClassOrInterfaceDeclaration,4,24,0,0,2,8,1,6,1,6
PMD Java,net.sourceforge.pmd.lang.java.ast,ASTAllocationExpression,0,14,0,0,0,5,0,3,0,3
PMD Java,net.sourceforge.pmd.lang.java.ast,ASTConditionalOrExpression,4,10,0,0,2,3,1,2,1,2
PMD Java,net.sourceforge.pmd.lang.java.ast,Comment,3,88,0,6,1,15,1,5,1,2
PMD Java,net.sourceforge.pmd.lang.java.ast,ASTConstructorDeclaration,0,40,0,2,0,10,0,8,0,7
PMD Java,net.sourceforge.pmd.lang.java.ast,ASTReturnStatement,0,14,0,0,0,5,0,3,0,3
PMD Java,net.sourceforge.pmd.lang.java.ast,ASTLambdaExpression,4,10,0,0,2,3,1,2,1,2
PMD Java,net.sourceforge.pmd.lang.java.ast,ASTTypeParameter,4,10,0,0,2,3,1,2,1,2
PMD Java,net.sourceforge.pmd.lang.java.ast,ASTWildcardBounds,4,10,0,0,2,3,1,2,1,2
PMD Java,net.sourceforge.pmd.lang.java.ast,ASTUnaryExpression,4,10,0,0,2,3,1,2,1,2
PMD Java,net.sourceforge.pmd.lang.java.ast,ASTEnumBody,4,10,0,0,2,3,1,2,1,2
PMD Java,net.sourceforge.pmd.lang.java.ast,ASTMarkerAnnotation,4,10,0,0,2,3,1,2,1,2
PMD Java,net.sourceforge.pmd.lang.java.ast,ASTIfStatement,4,17,0,0,2,6,1,4,1,4
PMD Java,net.sourceforge.pmd.lang.java.ast,ASTAndExpression,4,10,0,0,2,3,1,2,1,2
PMD Java,net.sourceforge.pmd.lang.java.ast,Token.GTToken,0,8,0,0,0,3,0,1,0,1
PMD Java,net.sourceforge.pmd.lang.java.ast,ASTName,0,21,0,0,0,8,0,5,0,5
PMD Java,net.sourceforge.pmd.lang.java.ast,JavaParserTokenManager,1569,7354,434,814,256,1031,330,521,6,35
PMD Java,net.sourceforge.pmd.lang.java.ast,ASTAnnotationTypeMemberDeclaration,4,10,0,0,2,3,1,2,1,2
PMD Java,net.sourceforge.pmd.lang.java.ast,ASTUnaryExpressionNotPlusMinus,4,10,0,0,2,3,1,2,1,2
PMD Java,net.sourceforge.pmd.lang.java.ast,ASTCompilationUnit,0,52,0,6,0,16,0,12,0,9
PMD Java,net.sourceforge.pmd.lang.java.ast,ASTExplicitConstructorInvocation,32,30,7,3,6,8,7,6,3,5
PMD Java,net.sourceforge.pmd.lang.java.ast,ASTEqualityExpression,4,10,0,0,2,3,1,2,1,2
PMD Java,net.sourceforge.pmd.lang.java.ast,ASTNormalAnnotation,4,10,0,0,2,3,1,2,1,2
PMD Java,net.sourceforge.pmd.lang.java.ast,ASTCastExpression,10,17,0,0,3,6,2,3,2,3
PMD Java,net.sourceforge.pmd.lang.java.ast,JavaParserVisitorAdapter,10,563,0,0,2,113,2,113,2,113
PMD Java,net.sourceforge.pmd.lang.java.ast,ASTClassOrInterfaceType,16,49,3,5,5,12,3,5,1,3
PMD Java,net.sourceforge.pmd.lang.java.ast,ASTInstanceOfExpression,4,10,0,0,2,3,1,2,1,2
PMD Java,net.sourceforge.pmd.lang.java.ast,ASTTypeArguments,4,10,0,0,2,3,1,2,1,2
PMD Java,net.sourceforge.pmd.lang.java.ast,ASTInclusiveOrExpression,4,10,0,0,2,3,1,2,1,2
PMD Java,net.sourceforge.pmd.lang.java.ast,ASTBreakStatement,4,10,0,0,2,3,1,2,1,2
PMD Java,net.sourceforge.pmd.lang.java.ast,ASTArguments,4,20,0,2,2,6,1,4,1,3
PMD Java,net.sourceforge.pmd.lang.java.ast,ASTMemberValuePairs,4,10,0,0,2,3,1,2,1,2
PMD Java,net.sourceforge.pmd.lang.java.ast,ASTVariableDeclarator,0,14,0,0,0,5,0,3,0,3
PMD Java,net.sourceforge.pmd.lang.java.ast,ParseException,114,257,15,17,25,41,16,9,1,4
PMD Java,net.sourceforge.pmd.lang.java.ast,ASTArrayInitializer,4,10,0,0,2,3,1,2,1,2
PMD Java,net.sourceforge.pmd.lang.java.ast,AbstractJavaNode,24,106,8,10,3,27,7,13,1,10
PMD Java,net.sourceforge.pmd.lang.java.ast,JavaParser.JJCalls,0,3,0,0,0,1,0,1,0,1
PMD Java,net.sourceforge.pmd.lang.java.ast,JJTJavaParserState,79,149,3,7,19,35,7,10,5,7
PMD Java,net.sourceforge.pmd.lang.java.ast,ASTPrimaryPrefix,0,28,0,0,0,11,0,7,0,7
PMD Java,net.sourceforge.pmd.lang.java.ast,Token,14,26,0,2,5,8,4,4,4,3
PMD Java,net.sourceforge.pmd.lang.java.ast,ASTEmptyStatement,4,10,0,0,2,3,1,2,1,2
PMD Java,net.sourceforge.pmd.lang.java.ast,ASTReferenceType,4,27,0,2,2,7,1,6,1,5
PMD Java,net.sourceforge.pmd.lang.java.ast,ASTVariableDeclaratorId,4,143,2,18,2,36,2,23,0,15
PMD Java,net.sourceforge.pmd.lang.java.ast,ASTResources,4,10,0,0,2,3,1,2,1,2
PMD Java,net.sourceforge.pmd.lang.java.ast,ASTExclusiveOrExpression,4,10,0,0,2,3,1,2,1,2
PMD Java,net.sourceforge.pmd.lang.java.ast,ASTAssignmentOperator,0,21,0,0,0,8,0,5,0,5
PMD Java,net.sourceforge.pmd.lang.java.ast,ASTResourceSpecification,4,10,0,0,2,3,1,2,1,2
PMD Java,net.sourceforge.pmd.lang.java.ast,ASTLabeledStatement,4,10,0,0,2,3,1,2,1,2
PMD Java,net.sourceforge.pmd.lang.java.ast,ASTMemberSelector,4,10,0,0,2,3,1,2,1,2
PMD Java,net.sourceforge.pmd.lang.java.ast,ASTMethodDeclarator,0,19,0,0,0,6,0,4,0,4
PMD Java,net.sourceforge.pmd.lang.java.ast,ASTMethodDeclaration,7,127,4,18,3,35,5,20,1,13
PMD Java,net.sourceforge.pmd.lang.java.ast,ASTEnumConstant,4,10,0,0,2,3,1,2,1,2
PMD Java,net.sourceforge.pmd.lang.java.ast,ASTMemberValuePair,4,10,0,0,2,3,1,2,1,2
PMD Java,net.sourceforge.pmd.lang.java.ast,AbstractJavaTypeNode,0,16,0,0,0,7,0,4,0,4
PMD Java,net.sourceforge.pmd.lang.java.ast,ASTExtendsList,4,10,0,0,2,3,1,2,1,2
PMD Java,net.sourceforge.pmd.lang.java.ast,ASTBlockStatement,0,18,0,0,0,6,0,4,0,4
PMD Java,net.sourceforge.pmd.lang.java.ast,ASTNullLiteral,4,10,0,0,2,3,1,2,1,2
PMD Java,net.sourceforge.pmd.lang.java.ast,ASTFinallyStatement,4,10,0,0,2,3,1,2,1,2
PMD Java,net.sourceforge.pmd.lang.java.ast,ASTMultiplicativeExpression,4,10,0,0,2,3,1,2,1,2
PMD Java,net.sourceforge.pmd.lang.java.ast,ASTInitializer,4,17,0,0,2,6,1,4,1,4
PMD Java,net.sourceforge.pmd.lang.java.ast,ASTTryStatement,5,49,1,7,1,12,1,8,0,5
PMD Java,net.sourceforge.pmd.lang.java.ast,SingleLineComment,0,4,0,0,0,2,0,1,0,1
PMD Java,net.sourceforge.pmd.lang.java.ast,ASTResultType,4,30,0,6,2,5,1,7,1,4
PMD Java,net.sourceforge.pmd.lang.java.ast,ASTImplementsList,4,10,0,0,2,3,1,2,1,2
PMD Java,net.sourceforge.pmd.lang.java.ast,ASTPrimitiveType,18,18,2,0,5,5,4,4,3,4
PMD Java,net.sourceforge.pmd.lang.java.ast,ASTPrimarySuffix,6,36,1,1,3,11,2,7,1,7
PMD Java,net.sourceforge.pmd.lang.java.ast,ASTAdditiveExpression,4,10,0,0,2,3,1,2,1,2
PMD Java,net.sourceforge.pmd.lang.java.ast,ASTFormalParameters,0,17,0,0,0,6,0,4,0,4
PMD Java,net.sourceforge.pmd.lang.java.ast,ASTStatement,0,14,0,0,0,5,0,3,0,3
PMD Java,net.sourceforge.pmd.lang.java.ast,ASTPreIncrementExpression,4,10,0,0,2,3,1,2,1,2
PMD Java,net.sourceforge.pmd.lang.java.ast,ASTMemberValue,4,10,0,0,2,3,1,2,1,2
PMD Java,net.sourceforge.pmd.lang.java.ast,ASTBlock,0,21,0,0,0,8,0,5,0,5
PMD Java,net.sourceforge.pmd.lang.java.ast,ASTPackageDeclaration,4,19,0,0,2,4,1,3,1,3
PMD Java,net.sourceforge.pmd.lang.java.ast,ASTMemberValueArrayInitializer,4,10,0,0,2,3,1,2,1,2
PMD Java,net.sourceforge.pmd.lang.java.ast,ASTClassOrInterfaceBody,4,10,0,0,2,3,1,2,1,2
PMD Java,net.sourceforge.pmd.lang.java.ast,ASTTypeArgument,4,10,0,0,2,3,1,2,1,2
PMD Java,net.sourceforge.pmd.lang.java.ast,ASTShiftExpression,4,10,0,0,2,3,1,2,1,2
PMD Java,net.sourceforge.pmd.lang.java.ast,ASTArgumentList,4,10,0,0,2,3,1,2,1,2
PMD Java,net.sourceforge.pmd.lang.java.ast,ASTFieldDeclaration,8,152,6,26,4,40,6,28,0,18
PMD Java,net.sourceforge.pmd.lang.java.ast,ASTWhileStatement,4,10,0,0,2,3,1,2,1,2
PMD Java,net.sourceforge.pmd.lang.java.ast,AbstractJavaAccessTypeNode,0,16,0,0,0,7,0,4,0,4
PMD Java,net.sourceforge.pmd.lang.java.ast,ASTResource,24,10,4,0,7,3,4,2,2,2
PMD Java,net.sourceforge.pmd.lang.java.ast,ASTBooleanLiteral,4,17,0,0,2,6,1,4,1,4
PMD Java,net.sourceforge.pmd.lang.java.ast,JavaParser,8281,20198,1787,2364,1587,4464,1371,1492,61,639
PMD Java,net.sourceforge.pmd.lang.java.ast,JavadocElement,18,11,0,0,2,3,2,1,2,1
PMD Java,net.sourceforge.pmd.lang.java.ast,ASTAnnotationTypeBody,4,10,0,0,2,3,1,2,1,2
PMD Java,net.sourceforge.pmd.lang.java.ast,ASTDoStatement,4,10,0,0,2,3,1,2,1,2
PMD Java,net.sourceforge.pmd.lang.java.ast,ASTLocalVariableDeclaration,11,98,2,12,4,20,3,15,1,10
PMD Java,net.sourceforge.pmd.lang.java.ast,ASTConditionalExpression,4,17,0,0,2,6,1,4,1,4
PMD Java,net.sourceforge.pmd.lang.java.ast,ASTPostfixExpression,4,10,0,0,2,3,1,2,1,2
PMD Java,net.sourceforge.pmd.lang.java.ast,ASTAnnotationTypeDeclaration,4,10,0,0,2,3,1,2,1,2
PMD Java,net.sourceforge.pmd.lang.java.ast,MultiLineComment,0,4,0,0,0,2,0,1,0,1
PMD Java,net.sourceforge.pmd.lang.java.ast,ASTTypeDeclaration,4,36,0,6,2,9,1,6,1,3
PMD Java,net.sourceforge.pmd.lang.java.ast,ASTStatementExpressionList,4,10,0,0,2,3,1,2,1,2
PMD Java,net.sourceforge.pmd.lang.java.ast,ASTPreDecrementExpression,4,10,0,0,2,3,1,2,1,2
PMD Java,net.sourceforge.pmd.lang.java.ast,ASTVariableInitializer,4,10,0,0,2,3,1,2,1,2
PMD Java,net.sourceforge.pmd.lang.java.ast,JavaParserTreeConstants,0,460,0,0,0,1,0,1,0,1
PMD Java,net.sourceforge.pmd.lang.java.ast,ASTAssertStatement,0,14,0,0,0,5,0,3,0,3
PMD Java,net.sourceforge.pmd.lang.java.ast,ASTMethodReference,4,10,0,0,2,3,1,2,1,2
PMD Java,net.sourceforge.pmd.lang.java.ast,ASTDefaultValue,14,0,0,0,5,0,3,0,3,0
PMD Java,net.sourceforge.pmd.lang.java.ast,DumpFacade,605,0,144,0,150,0,77,0,5,0
PMD Java,net.sourceforge.pmd.lang.java.ast,ASTFormalParameter,40,95,4,10,7,22,4,16,1,12
PMD Java,net.sourceforge.pmd.lang.java.ast,ASTTypeParameters,4,10,0,0,2,3,1,2,1,2
PMD Java,net.sourceforge.pmd.lang.java.ast,ASTType,15,56,2,8,1,12,2,9,0,6
PMD Java,net.sourceforge.pmd.lang.java.ast,ASTCatchStatement,4,10,0,0,2,3,1,2,1,2
PMD Java,net.sourceforge.pmd.lang.java.ast,ASTRelationalExpression,4,10,0,0,2,3,1,2,1,2
PMD Java,net.sourceforge.pmd.lang.java.ast,ASTSwitchStatement,4,10,0,0,2,3,1,2,1,2
PMD Java,net.sourceforge.pmd.lang.java.ast,ASTForStatement,4,10,0,0,2,3,1,2,1,2
PMD Java,net.sourceforge.pmd.lang.java.ast,ASTImportDeclaration,4,66,0,4,2,21,1,13,1,11
PMD Java,net.sourceforge.pmd.lang.java.ast,ASTForUpdate,4,10,0,0,2,3,1,2,1,2
PMD Java,net.sourceforge.pmd.lang.java.ast,ASTContinueStatement,4,10,0,0,2,3,1,2,1,2
PMD Java,net.sourceforge.pmd.lang.java.ast,DummyJavaNode,5,4,0,0,2,2,1,1,1,1
PMD Java,net.sourceforge.pmd.lang.java.ast,ASTRUNSIGNEDSHIFT,4,10,0,0,2,3,1,2,1,2
PMD Java,net.sourceforge.pmd.lang.java.ast,AbstractJavaAccessNode,20,145,1,9,5,44,4,32,3,28
PMD Java,net.sourceforge.pmd.lang.java.ast,FormalComment,0,4,0,0,0,2,0,1,0,1
PMD Java,net.sourceforge.pmd.cpd,JavaTokenizer,0,147,3,15,0,34,3,13,0,7
PMD Java,net.sourceforge.pmd.cpd,JavaTokenizer.TokenDiscarder,0,228,2,64,0,56,2,39,0,8
PMD Java,net.sourceforge.pmd.cpd,JavaLanguage,0,29,0,0,0,8,0,3,0,3
PMD Java,net.sourceforge.pmd.lang.java.rule.basic,DoubleCheckedLockingRule,2,546,28,92,1,104,28,42,0,10
PMD Java,net.sourceforge.pmd.lang.java.rule.basic,BigIntegerInstantiationRule,5,107,4,24,1,17,4,12,0,2
PMD Java,net.sourceforge.pmd.lang.java.rule.basic,OverrideBothEqualsAndHashcodeRule,3,185,3,35,1,43,3,20,0,4
PMD Java,net.sourceforge.pmd.lang.java.rule.basic,BooleanInstantiationRule,15,142,7,25,2,30,6,15,0,5
PMD Java,net.sourceforge.pmd.lang.java.rule.basic,AvoidUsingHardCodedIPRule,23,425,27,79,2,80,22,41,0,10
PMD Java,net.sourceforge.pmd.lang.java.rule.basic,AvoidMultipleUnaryOperatorsRule,0,105,5,21,0,26,5,12,0,4
PMD Java,net.sourceforge.pmd.lang.java.rule.basic,CheckSkipResultRule,0,78,5,15,0,19,5,7,0,2
PMD Java,net.sourceforge.pmd.lang.java.rule.basic,AvoidUsingOctalValuesRule,0,50,0,6,0,12,0,6,0,3
PMD Java,net.sourceforge.pmd.lang.java.rule.basic,CheckResultSetRule,0,167,1,31,0,30,1,21,0,6
PMD Java,net.sourceforge.pmd.lang.java.rule.basic,BrokenNullCheckRule,5,289,5,53,4,70,5,30,0,6
PMD Java,net.sourceforge.pmd.lang.java.rule.basic,AvoidBranchingStatementAsLastInLoopRule,16,189,6,20,0,37,4,18,0,9
PMD Java,net.sourceforge.pmd.lang.java.javadoc,JavadocTag,8,76,1,1,2,16,2,3,1,3
PMD Java,net.sourceforge.pmd.lang.java.rule.unnecessary,UnnecessaryConversionTemporaryRule,5,127,3,17,1,20,3,12,0,5
PMD Java,net.sourceforge.pmd.lang.java.rule.unnecessary,UselessOverridingMethodRule,24,514,17,73,5,106,15,42,0,12
PMD Java,net.sourceforge.pmd.lang.java.rule.unnecessary,UselessOperationOnImmutableRule,0,351,1,11,0,32,1,9,0,4
PMD Java,net.sourceforge.pmd.lang.java.rule.unnecessary,UnnecessaryReturnRule,0,39,2,8,0,7,2,6,0,3
PMD Java,net.sourceforge.pmd.lang.java.rule.strictexception,SignatureDeclareThrowsExceptionRule,1,139,2,26,0,29,2,20,0,8
PMD Java,net.sourceforge.pmd.lang.java.rule.strictexception,AvoidCatchingThrowableRule,0,26,0,2,0,6,0,3,0,2
PMD Java,net.sourceforge.pmd.lang.java.rule.strictexception,ExceptionAsFlowControlRule,0,70,1,9,0,14,1,6,0,2
PMD Java,net.sourceforge.pmd.lang.java.rule.strings,StringInstantiationRule,2,76,2,14,1,19,2,8,0,2
PMD Java,net.sourceforge.pmd.lang.java.rule.strings,UseIndexOfCharRule,0,23,0,0,0,5,0,5,0,5
PMD Java,net.sourceforge.pmd.lang.java.rule.strings,StringToStringRule,5,88,2,20,1,17,2,14,0,5
PMD Java,net.sourceforge.pmd.lang.java.rule.strings,ConsecutiveLiteralAppendsRule,4,619,11,119,1,157,11,67,0,13
PMD Java,net.sourceforge.pmd.lang.java.rule.strings,InefficientEmptyStringCheckRule,0,37,0,8,0,7,0,7,0,3
PMD Java,net.sourceforge.pmd.lang.java.rule.strings,AvoidDuplicateLiteralsRule,115,281,15,19,23,55,11,14,2,6
PMD Java,net.sourceforge.pmd.lang.java.rule.strings,AvoidDuplicateLiteralsRule.ExceptionParser,0,75,0,10,0,21,0,7,0,2
PMD Java,net.sourceforge.pmd.lang.java.rule.strings,AppendCharacterWithCharRule,0,28,0,6,0,9,0,5,0,2
PMD Java,net.sourceforge.pmd.lang.java.rule.strings,UseStringBufferLengthRule,0,142,3,27,0,27,3,18,0,6
PMD Java,net.sourceforge.pmd.lang.java.rule.strings,InefficientStringBufferingRule,4,326,11,77,2,82,11,40,0,7
PMD Java,net.sourceforge.pmd.lang.java.rule.strings,InsufficientStringBufferDeclarationRule,12,760,14,130,4,188,14,72,0,14
PMD Java,net.sourceforge.pmd.lang.java.rule.strings,UselessStringValueOfRule,7,196,13,43,1,40,13,18,0,3
PMD Java,net.sourceforge.pmd.lang.java.rule.strings,ConsecutiveAppendsShouldReuseRule,0,285,8,58,0,70,8,31,0,6
PMD Java,net.sourceforge.pmd.lang.java.rule.strings,UnnecessaryCaseChangeRule,8,139,7,29,4,32,7,15,0,4
PMD Java,net.sourceforge.pmd.lang.java.typeresolution,TypeHelper,5,123,4,34,3,19,5,21,1,6
PMD Java,net.sourceforge.pmd.lang.java.typeresolution,PMDASMClassLoader,29,124,2,10,7,26,2,8,0,4
PMD Java,net.sourceforge.pmd.lang.java.typeresolution,TypeResolutionFacade,0,17,0,0,0,5,0,2,0,2
PMD Java,net.sourceforge.pmd.lang.java.typeresolution,ClassTypeResolver,90,1375,25,133,18,317,23,113,0,57
PMD Java,net.sourceforge.pmd.lang.java,Java17Parser,0,13,0,0,0,5,0,2,0,2
PMD Java,net.sourceforge.pmd.lang.java,JavaLanguageModule,0,55,0,0,0,8,0,1,0,1
PMD Java,net.sourceforge.pmd.lang.java,AbstractJavaHandler,12,36,0,0,2,8,2,8,2,8
PMD Java,net.sourceforge.pmd.lang.java,JavaDataFlowHandler,2,9,0,0,1,2,1,2,1,2
PMD Java,net.sourceforge.pmd.lang.java,Java17Handler,0,8,0,0,0,2,0,2,0,2
PMD Java,net.sourceforge.pmd.lang.java,Java13Handler,0,8,0,0,0,2,0,2,0,2
PMD Java,net.sourceforge.pmd.lang.java,AbstractJavaParser,2,42,0,2,1,11,1,6,1,5
PMD Java,net.sourceforge.pmd.lang.java,Java14Handler,0,8,0,0,0,2,0,2,0,2
PMD Java,net.sourceforge.pmd.lang.java,Java15Parser,0,13,0,0,0,5,0,2,0,2
PMD Java,net.sourceforge.pmd.lang.java,Java18Parser,0,13,0,0,0,5,0,2,0,2
PMD Java,net.sourceforge.pmd.lang.java,JavaTokenManager,0,22,0,0,0,6,0,3,0,3
PMD Java,net.sourceforge.pmd.lang.java,Java16Parser,13,0,0,0,5,0,2,0,2,0
PMD Java,net.sourceforge.pmd.lang.java,Java16Handler,5,3,0,0,1,1,1,1,1,1
PMD Java,net.sourceforge.pmd.lang.java,Java14Parser,0,13,0,0,0,5,0,2,0,2
PMD Java,net.sourceforge.pmd.lang.java,Java18Handler,0,8,0,0,0,2,0,2,0,2
PMD Java,net.sourceforge.pmd.lang.java,Java13Parser,0,13,0,0,0,5,0,2,0,2
PMD Java,net.sourceforge.pmd.lang.java,AbstractJavaHandler.new VisitorStarter() {...},0,16,0,0,0,3,0,2,0,2
PMD Java,net.sourceforge.pmd.lang.java,AbstractJavaHandler.new AbstractASTXPathHandler() {...},0,16,0,0,0,6,0,3,0,3
PMD Java,net.sourceforge.pmd.lang.java,AbstractJavaHandler.new VisitorStarter() {...},0,18,0,0,0,3,0,2,0,2
PMD Java,net.sourceforge.pmd.lang.java,AbstractJavaHandler.new VisitorStarter() {...},0,14,0,0,0,3,0,2,0,2
PMD Java,net.sourceforge.pmd.lang.java,AbstractJavaHandler.new VisitorStarter() {...},28,0,0,0,3,0,2,0,2,0
PMD Java,net.sourceforge.pmd.lang.java,AbstractJavaHandler.new VisitorStarter() {...},0,18,0,0,0,3,0,2,0,2
PMD Java,net.sourceforge.pmd.lang.java,Java15Handler,0,8,0,0,0,2,0,2,0,2
